{"D:\\Belajar Coding\\Hacktiv8\\Phase 3\\gooroo-team-project\\Server\\services\\app\\app.js": {"path":"D:\\Belajar Coding\\Hacktiv8\\Phase 3\\gooroo-team-project\\Server\\services\\app\\app.js","statementMap":{"0":{"start":{"line":5,"column":16},"end":{"line":5,"column":34}},"1":{"start":{"line":6,"column":21},"end":{"line":6,"column":59}},"2":{"start":{"line":7,"column":15},"end":{"line":7,"column":34}},"3":{"start":{"line":8,"column":12},"end":{"line":8,"column":21}},"4":{"start":{"line":9,"column":13},"end":{"line":9,"column":17}},"5":{"start":{"line":10,"column":13},"end":{"line":10,"column":28}},"6":{"start":{"line":12,"column":0},"end":{"line":12,"column":16}},"7":{"start":{"line":14,"column":0},"end":{"line":14,"column":24}},"8":{"start":{"line":15,"column":0},"end":{"line":15,"column":49}},"9":{"start":{"line":17,"column":0},"end":{"line":17,"column":16}},"10":{"start":{"line":19,"column":0},"end":{"line":19,"column":22}},"11":{"start":{"line":25,"column":0},"end":{"line":25,"column":20}}},"fnMap":{},"branchMap":{},"s":{"0":3,"1":3,"2":3,"3":3,"4":3,"5":3,"6":3,"7":3,"8":3,"9":3,"10":3,"11":3},"f":{},"b":{},"_coverageSchema":"1a1c01bbd47fc00a2c39e90264f33305004495a9","hash":"284503da9ab72346598eda481b827ffaf08dbf40"}
,"D:\\Belajar Coding\\Hacktiv8\\Phase 3\\gooroo-team-project\\Server\\services\\app\\controllers\\ClassController.js": {"path":"D:\\Belajar Coding\\Hacktiv8\\Phase 3\\gooroo-team-project\\Server\\services\\app\\controllers\\ClassController.js","statementMap":{"0":{"start":{"line":8,"column":4},"end":{"line":8,"column":24}},"1":{"start":{"line":12,"column":14},"end":{"line":12,"column":43}},"2":{"start":{"line":13,"column":4},"end":{"line":47,"column":5}},"3":{"start":{"line":15,"column":8},"end":{"line":15,"column":16}},"4":{"start":{"line":16,"column":21},"end":{"line":16,"column":32}},"5":{"start":{"line":17,"column":27},"end":{"line":20,"column":7}},"6":{"start":{"line":21,"column":23},"end":{"line":32,"column":7}},"7":{"start":{"line":33,"column":23},"end":{"line":39,"column":8}},"8":{"start":{"line":34,"column":8},"end":{"line":38,"column":10}},"9":{"start":{"line":40,"column":6},"end":{"line":40,"column":62}},"10":{"start":{"line":41,"column":6},"end":{"line":41,"column":23}},"11":{"start":{"line":42,"column":6},"end":{"line":42,"column":74}},"12":{"start":{"line":44,"column":6},"end":{"line":44,"column":25}},"13":{"start":{"line":45,"column":6},"end":{"line":45,"column":25}},"14":{"start":{"line":46,"column":6},"end":{"line":46,"column":18}},"15":{"start":{"line":51,"column":4},"end":{"line":56,"column":5}},"16":{"start":{"line":52,"column":23},"end":{"line":52,"column":44}},"17":{"start":{"line":53,"column":6},"end":{"line":53,"column":37}},"18":{"start":{"line":55,"column":6},"end":{"line":55,"column":18}},"19":{"start":{"line":60,"column":4},"end":{"line":83,"column":5}},"20":{"start":{"line":61,"column":26},"end":{"line":61,"column":36}},"21":{"start":{"line":62,"column":24},"end":{"line":68,"column":7}},"22":{"start":{"line":69,"column":6},"end":{"line":71,"column":7}},"23":{"start":{"line":70,"column":8},"end":{"line":70,"column":42}},"24":{"start":{"line":72,"column":6},"end":{"line":76,"column":9}},"25":{"start":{"line":77,"column":6},"end":{"line":79,"column":69}},"26":{"start":{"line":81,"column":6},"end":{"line":81,"column":38}},"27":{"start":{"line":82,"column":6},"end":{"line":82,"column":18}},"28":{"start":{"line":87,"column":4},"end":{"line":101,"column":5}},"29":{"start":{"line":88,"column":26},"end":{"line":88,"column":36}},"30":{"start":{"line":89,"column":24},"end":{"line":94,"column":8}},"31":{"start":{"line":95,"column":6},"end":{"line":97,"column":7}},"32":{"start":{"line":96,"column":8},"end":{"line":96,"column":42}},"33":{"start":{"line":98,"column":6},"end":{"line":98,"column":38}},"34":{"start":{"line":100,"column":6},"end":{"line":100,"column":18}},"35":{"start":{"line":105,"column":4},"end":{"line":127,"column":5}},"36":{"start":{"line":106,"column":26},"end":{"line":106,"column":36}},"37":{"start":{"line":107,"column":66},"end":{"line":107,"column":74}},"38":{"start":{"line":108,"column":24},"end":{"line":112,"column":8}},"39":{"start":{"line":113,"column":6},"end":{"line":115,"column":7}},"40":{"start":{"line":114,"column":8},"end":{"line":114,"column":42}},"41":{"start":{"line":116,"column":6},"end":{"line":123,"column":8}},"42":{"start":{"line":124,"column":6},"end":{"line":124,"column":77}},"43":{"start":{"line":126,"column":6},"end":{"line":126,"column":18}},"44":{"start":{"line":131,"column":0},"end":{"line":131,"column":28}}},"fnMap":{"0":{"name":"(anonymous_0)","decl":{"start":{"line":11,"column":2},"end":{"line":11,"column":3}},"loc":{"start":{"line":11,"column":41},"end":{"line":48,"column":3}},"line":11},"1":{"name":"(anonymous_1)","decl":{"start":{"line":33,"column":37},"end":{"line":33,"column":38}},"loc":{"start":{"line":33,"column":45},"end":{"line":39,"column":7}},"line":33},"2":{"name":"(anonymous_2)","decl":{"start":{"line":50,"column":2},"end":{"line":50,"column":3}},"loc":{"start":{"line":50,"column":40},"end":{"line":57,"column":3}},"line":50},"3":{"name":"(anonymous_3)","decl":{"start":{"line":59,"column":2},"end":{"line":59,"column":3}},"loc":{"start":{"line":59,"column":43},"end":{"line":84,"column":3}},"line":59},"4":{"name":"(anonymous_4)","decl":{"start":{"line":86,"column":2},"end":{"line":86,"column":3}},"loc":{"start":{"line":86,"column":43},"end":{"line":102,"column":3}},"line":86},"5":{"name":"(anonymous_5)","decl":{"start":{"line":104,"column":2},"end":{"line":104,"column":3}},"loc":{"start":{"line":104,"column":43},"end":{"line":128,"column":3}},"line":104}},"branchMap":{"0":{"loc":{"start":{"line":69,"column":6},"end":{"line":71,"column":7}},"type":"if","locations":[{"start":{"line":69,"column":6},"end":{"line":71,"column":7}},{"start":{},"end":{}}],"line":69},"1":{"loc":{"start":{"line":95,"column":6},"end":{"line":97,"column":7}},"type":"if","locations":[{"start":{"line":95,"column":6},"end":{"line":97,"column":7}},{"start":{},"end":{}}],"line":95},"2":{"loc":{"start":{"line":113,"column":6},"end":{"line":115,"column":7}},"type":"if","locations":[{"start":{"line":113,"column":6},"end":{"line":115,"column":7}},{"start":{},"end":{}}],"line":113}},"s":{"0":3,"1":1,"2":1,"3":1,"4":1,"5":1,"6":1,"7":1,"8":1,"9":1,"10":1,"11":1,"12":0,"13":0,"14":0,"15":1,"16":1,"17":1,"18":0,"19":1,"20":1,"21":1,"22":1,"23":0,"24":1,"25":1,"26":0,"27":0,"28":2,"29":2,"30":2,"31":2,"32":1,"33":1,"34":1,"35":1,"36":1,"37":1,"38":1,"39":1,"40":0,"41":1,"42":1,"43":0,"44":3},"f":{"0":1,"1":1,"2":1,"3":1,"4":2,"5":1},"b":{"0":[0,1],"1":[1,1],"2":[0,1]},"_coverageSchema":"1a1c01bbd47fc00a2c39e90264f33305004495a9","hash":"d6fc2feedcbff592bef3b9f7898cf3ef3e6889da"}
,"D:\\Belajar Coding\\Hacktiv8\\Phase 3\\gooroo-team-project\\Server\\services\\app\\controllers\\ScheduleController.js": {"path":"D:\\Belajar Coding\\Hacktiv8\\Phase 3\\gooroo-team-project\\Server\\services\\app\\controllers\\ScheduleController.js","statementMap":{"0":{"start":{"line":1,"column":59},"end":{"line":1,"column":79}},"1":{"start":{"line":5,"column":4},"end":{"line":20,"column":5}},"2":{"start":{"line":6,"column":26},"end":{"line":6,"column":36}},"3":{"start":{"line":7,"column":37},"end":{"line":7,"column":45}},"4":{"start":{"line":8,"column":24},"end":{"line":12,"column":8}},"5":{"start":{"line":13,"column":6},"end":{"line":15,"column":7}},"6":{"start":{"line":14,"column":8},"end":{"line":14,"column":42}},"7":{"start":{"line":16,"column":6},"end":{"line":16,"column":61}},"8":{"start":{"line":17,"column":6},"end":{"line":17,"column":68}},"9":{"start":{"line":19,"column":6},"end":{"line":19,"column":18}},"10":{"start":{"line":24,"column":4},"end":{"line":42,"column":5}},"11":{"start":{"line":25,"column":29},"end":{"line":25,"column":39}},"12":{"start":{"line":26,"column":27},"end":{"line":30,"column":8}},"13":{"start":{"line":31,"column":6},"end":{"line":33,"column":7}},"14":{"start":{"line":32,"column":8},"end":{"line":32,"column":45}},"15":{"start":{"line":34,"column":6},"end":{"line":38,"column":9}},"16":{"start":{"line":39,"column":6},"end":{"line":39,"column":67}},"17":{"start":{"line":41,"column":6},"end":{"line":41,"column":18}},"18":{"start":{"line":46,"column":4},"end":{"line":68,"column":5}},"19":{"start":{"line":47,"column":29},"end":{"line":47,"column":39}},"20":{"start":{"line":48,"column":37},"end":{"line":48,"column":45}},"21":{"start":{"line":49,"column":27},"end":{"line":53,"column":8}},"22":{"start":{"line":54,"column":6},"end":{"line":56,"column":7}},"23":{"start":{"line":55,"column":8},"end":{"line":55,"column":45}},"24":{"start":{"line":57,"column":6},"end":{"line":64,"column":8}},"25":{"start":{"line":65,"column":6},"end":{"line":65,"column":68}},"26":{"start":{"line":67,"column":6},"end":{"line":67,"column":18}},"27":{"start":{"line":72,"column":0},"end":{"line":72,"column":28}}},"fnMap":{"0":{"name":"(anonymous_0)","decl":{"start":{"line":4,"column":2},"end":{"line":4,"column":3}},"loc":{"start":{"line":4,"column":43},"end":{"line":21,"column":3}},"line":4},"1":{"name":"(anonymous_1)","decl":{"start":{"line":23,"column":2},"end":{"line":23,"column":3}},"loc":{"start":{"line":23,"column":46},"end":{"line":43,"column":3}},"line":23},"2":{"name":"(anonymous_2)","decl":{"start":{"line":45,"column":2},"end":{"line":45,"column":3}},"loc":{"start":{"line":45,"column":46},"end":{"line":69,"column":3}},"line":45}},"branchMap":{"0":{"loc":{"start":{"line":13,"column":6},"end":{"line":15,"column":7}},"type":"if","locations":[{"start":{"line":13,"column":6},"end":{"line":15,"column":7}},{"start":{},"end":{}}],"line":13},"1":{"loc":{"start":{"line":31,"column":6},"end":{"line":33,"column":7}},"type":"if","locations":[{"start":{"line":31,"column":6},"end":{"line":33,"column":7}},{"start":{},"end":{}}],"line":31},"2":{"loc":{"start":{"line":54,"column":6},"end":{"line":56,"column":7}},"type":"if","locations":[{"start":{"line":54,"column":6},"end":{"line":56,"column":7}},{"start":{},"end":{}}],"line":54}},"s":{"0":3,"1":0,"2":0,"3":0,"4":0,"5":0,"6":0,"7":0,"8":0,"9":0,"10":0,"11":0,"12":0,"13":0,"14":0,"15":0,"16":0,"17":0,"18":0,"19":0,"20":0,"21":0,"22":0,"23":0,"24":0,"25":0,"26":0,"27":3},"f":{"0":0,"1":0,"2":0},"b":{"0":[0,0],"1":[0,0],"2":[0,0]},"_coverageSchema":"1a1c01bbd47fc00a2c39e90264f33305004495a9","hash":"5fd6780812414a5f5ae72090639c57d79d180b5f"}
,"D:\\Belajar Coding\\Hacktiv8\\Phase 3\\gooroo-team-project\\Server\\services\\app\\controllers\\StudentController.js": {"path":"D:\\Belajar Coding\\Hacktiv8\\Phase 3\\gooroo-team-project\\Server\\services\\app\\controllers\\StudentController.js","statementMap":{"0":{"start":{"line":1,"column":20},"end":{"line":1,"column":40}},"1":{"start":{"line":5,"column":4},"end":{"line":19,"column":5}},"2":{"start":{"line":6,"column":27},"end":{"line":6,"column":35}},"3":{"start":{"line":7,"column":6},"end":{"line":9,"column":7}},"4":{"start":{"line":8,"column":8},"end":{"line":8,"column":35}},"5":{"start":{"line":10,"column":34},"end":{"line":10,"column":42}},"6":{"start":{"line":11,"column":25},"end":{"line":15,"column":8}},"7":{"start":{"line":16,"column":6},"end":{"line":16,"column":39}},"8":{"start":{"line":18,"column":6},"end":{"line":18,"column":13}},"9":{"start":{"line":22,"column":4},"end":{"line":33,"column":5}},"10":{"start":{"line":23,"column":23},"end":{"line":23,"column":37}},"11":{"start":{"line":24,"column":34},"end":{"line":24,"column":42}},"12":{"start":{"line":25,"column":28},"end":{"line":25,"column":60}},"13":{"start":{"line":26,"column":6},"end":{"line":28,"column":7}},"14":{"start":{"line":27,"column":8},"end":{"line":27,"column":46}},"15":{"start":{"line":29,"column":6},"end":{"line":29,"column":77}},"16":{"start":{"line":30,"column":6},"end":{"line":30,"column":76}},"17":{"start":{"line":32,"column":6},"end":{"line":32,"column":18}},"18":{"start":{"line":37,"column":0},"end":{"line":37,"column":35}}},"fnMap":{"0":{"name":"(anonymous_0)","decl":{"start":{"line":4,"column":2},"end":{"line":4,"column":3}},"loc":{"start":{"line":4,"column":38},"end":{"line":20,"column":3}},"line":4},"1":{"name":"(anonymous_1)","decl":{"start":{"line":21,"column":2},"end":{"line":21,"column":3}},"loc":{"start":{"line":21,"column":42},"end":{"line":34,"column":3}},"line":21}},"branchMap":{"0":{"loc":{"start":{"line":7,"column":6},"end":{"line":9,"column":7}},"type":"if","locations":[{"start":{"line":7,"column":6},"end":{"line":9,"column":7}},{"start":{},"end":{}}],"line":7},"1":{"loc":{"start":{"line":26,"column":6},"end":{"line":28,"column":7}},"type":"if","locations":[{"start":{"line":26,"column":6},"end":{"line":28,"column":7}},{"start":{},"end":{}}],"line":26}},"s":{"0":3,"1":0,"2":0,"3":0,"4":0,"5":0,"6":0,"7":0,"8":0,"9":0,"10":0,"11":0,"12":0,"13":0,"14":0,"15":0,"16":0,"17":0,"18":3},"f":{"0":0,"1":0},"b":{"0":[0,0],"1":[0,0]},"_coverageSchema":"1a1c01bbd47fc00a2c39e90264f33305004495a9","hash":"a2939765981eb93318495f8f557e76dbc3973846"}
,"D:\\Belajar Coding\\Hacktiv8\\Phase 3\\gooroo-team-project\\Server\\services\\app\\controllers\\TeacherController.js": {"path":"D:\\Belajar Coding\\Hacktiv8\\Phase 3\\gooroo-team-project\\Server\\services\\app\\controllers\\TeacherController.js","statementMap":{"0":{"start":{"line":1,"column":55},"end":{"line":1,"column":75}},"1":{"start":{"line":5,"column":4},"end":{"line":13,"column":5}},"2":{"start":{"line":6,"column":21},"end":{"line":6,"column":23}},"3":{"start":{"line":7,"column":6},"end":{"line":7,"column":49}},"4":{"start":{"line":8,"column":6},"end":{"line":8,"column":23}},"5":{"start":{"line":9,"column":23},"end":{"line":9,"column":52}},"6":{"start":{"line":10,"column":6},"end":{"line":10,"column":37}},"7":{"start":{"line":12,"column":6},"end":{"line":12,"column":18}},"8":{"start":{"line":16,"column":4},"end":{"line":32,"column":5}},"9":{"start":{"line":17,"column":27},"end":{"line":17,"column":35}},"10":{"start":{"line":18,"column":6},"end":{"line":20,"column":7}},"11":{"start":{"line":19,"column":8},"end":{"line":19,"column":34}},"12":{"start":{"line":21,"column":39},"end":{"line":21,"column":47}},"13":{"start":{"line":22,"column":25},"end":{"line":28,"column":8}},"14":{"start":{"line":29,"column":6},"end":{"line":29,"column":39}},"15":{"start":{"line":31,"column":6},"end":{"line":31,"column":13}},"16":{"start":{"line":35,"column":4},"end":{"line":49,"column":5}},"17":{"start":{"line":36,"column":23},"end":{"line":36,"column":37}},"18":{"start":{"line":37,"column":39},"end":{"line":37,"column":47}},"19":{"start":{"line":38,"column":28},"end":{"line":38,"column":60}},"20":{"start":{"line":39,"column":6},"end":{"line":41,"column":7}},"21":{"start":{"line":40,"column":8},"end":{"line":40,"column":46}},"22":{"start":{"line":42,"column":6},"end":{"line":45,"column":8}},"23":{"start":{"line":46,"column":6},"end":{"line":46,"column":76}},"24":{"start":{"line":48,"column":6},"end":{"line":48,"column":18}},"25":{"start":{"line":53,"column":0},"end":{"line":53,"column":28}}},"fnMap":{"0":{"name":"(anonymous_0)","decl":{"start":{"line":4,"column":2},"end":{"line":4,"column":3}},"loc":{"start":{"line":4,"column":47},"end":{"line":14,"column":3}},"line":4},"1":{"name":"(anonymous_1)","decl":{"start":{"line":15,"column":2},"end":{"line":15,"column":3}},"loc":{"start":{"line":15,"column":38},"end":{"line":33,"column":3}},"line":15},"2":{"name":"(anonymous_2)","decl":{"start":{"line":34,"column":2},"end":{"line":34,"column":3}},"loc":{"start":{"line":34,"column":42},"end":{"line":50,"column":3}},"line":34}},"branchMap":{"0":{"loc":{"start":{"line":18,"column":6},"end":{"line":20,"column":7}},"type":"if","locations":[{"start":{"line":18,"column":6},"end":{"line":20,"column":7}},{"start":{},"end":{}}],"line":18},"1":{"loc":{"start":{"line":39,"column":6},"end":{"line":41,"column":7}},"type":"if","locations":[{"start":{"line":39,"column":6},"end":{"line":41,"column":7}},{"start":{},"end":{}}],"line":39}},"s":{"0":3,"1":0,"2":0,"3":0,"4":0,"5":0,"6":0,"7":0,"8":0,"9":0,"10":0,"11":0,"12":0,"13":0,"14":0,"15":0,"16":0,"17":0,"18":0,"19":0,"20":0,"21":0,"22":0,"23":0,"24":0,"25":3},"f":{"0":0,"1":0,"2":0},"b":{"0":[0,0],"1":[0,0]},"_coverageSchema":"1a1c01bbd47fc00a2c39e90264f33305004495a9","hash":"873445c7a6a75360b07cf5b121cb90e12ea1d18f"}
,"D:\\Belajar Coding\\Hacktiv8\\Phase 3\\gooroo-team-project\\Server\\services\\app\\controllers\\TransactionController.js": {"path":"D:\\Belajar Coding\\Hacktiv8\\Phase 3\\gooroo-team-project\\Server\\services\\app\\controllers\\TransactionController.js","statementMap":{"0":{"start":{"line":1,"column":66},"end":{"line":1,"column":86}},"1":{"start":{"line":5,"column":18},"end":{"line":5,"column":47}},"2":{"start":{"line":6,"column":8},"end":{"line":29,"column":9}},"3":{"start":{"line":7,"column":28},"end":{"line":7,"column":46}},"4":{"start":{"line":8,"column":27},"end":{"line":8,"column":38}},"5":{"start":{"line":9,"column":33},"end":{"line":9,"column":73}},"6":{"start":{"line":10,"column":31},"end":{"line":10,"column":98}},"7":{"start":{"line":11,"column":12},"end":{"line":13,"column":13}},"8":{"start":{"line":12,"column":16},"end":{"line":12,"column":52}},"9":{"start":{"line":14,"column":33},"end":{"line":14,"column":110}},"10":{"start":{"line":15,"column":12},"end":{"line":17,"column":13}},"11":{"start":{"line":16,"column":16},"end":{"line":16,"column":53}},"12":{"start":{"line":18,"column":33},"end":{"line":18,"column":115}},"13":{"start":{"line":19,"column":12},"end":{"line":21,"column":13}},"14":{"start":{"line":20,"column":16},"end":{"line":20,"column":53}},"15":{"start":{"line":22,"column":12},"end":{"line":22,"column":121}},"16":{"start":{"line":23,"column":39},"end":{"line":23,"column":125}},"17":{"start":{"line":24,"column":12},"end":{"line":24,"column":28}},"18":{"start":{"line":25,"column":12},"end":{"line":25,"column":52}},"19":{"start":{"line":27,"column":12},"end":{"line":27,"column":30}},"20":{"start":{"line":28,"column":12},"end":{"line":28,"column":23}},"21":{"start":{"line":34,"column":18},"end":{"line":34,"column":47}},"22":{"start":{"line":35,"column":8},"end":{"line":57,"column":9}},"23":{"start":{"line":36,"column":29},"end":{"line":36,"column":47}},"24":{"start":{"line":37,"column":33},"end":{"line":37,"column":102}},"25":{"start":{"line":38,"column":31},"end":{"line":38,"column":114}},"26":{"start":{"line":39,"column":12},"end":{"line":41,"column":13}},"27":{"start":{"line":40,"column":16},"end":{"line":40,"column":53}},"28":{"start":{"line":42,"column":12},"end":{"line":44,"column":13}},"29":{"start":{"line":43,"column":16},"end":{"line":43,"column":51}},"30":{"start":{"line":45,"column":12},"end":{"line":45,"column":119}},"31":{"start":{"line":46,"column":27},"end":{"line":46,"column":65}},"32":{"start":{"line":47,"column":33},"end":{"line":47,"column":115}},"33":{"start":{"line":48,"column":12},"end":{"line":50,"column":13}},"34":{"start":{"line":49,"column":16},"end":{"line":49,"column":53}},"35":{"start":{"line":51,"column":12},"end":{"line":51,"column":89}},"36":{"start":{"line":52,"column":12},"end":{"line":52,"column":28}},"37":{"start":{"line":53,"column":12},"end":{"line":53,"column":91}},"38":{"start":{"line":55,"column":12},"end":{"line":55,"column":30}},"39":{"start":{"line":56,"column":12},"end":{"line":56,"column":23}},"40":{"start":{"line":61,"column":8},"end":{"line":70,"column":9}},"41":{"start":{"line":62,"column":27},"end":{"line":62,"column":37}},"42":{"start":{"line":63,"column":37},"end":{"line":63,"column":108}},"43":{"start":{"line":64,"column":12},"end":{"line":66,"column":13}},"44":{"start":{"line":65,"column":16},"end":{"line":65,"column":53}},"45":{"start":{"line":67,"column":12},"end":{"line":67,"column":50}},"46":{"start":{"line":69,"column":12},"end":{"line":69,"column":23}},"47":{"start":{"line":75,"column":8},"end":{"line":89,"column":9}},"48":{"start":{"line":76,"column":27},"end":{"line":76,"column":37}},"49":{"start":{"line":77,"column":42},"end":{"line":77,"column":50}},"50":{"start":{"line":78,"column":12},"end":{"line":80,"column":13}},"51":{"start":{"line":79,"column":16},"end":{"line":79,"column":47}},"52":{"start":{"line":81,"column":37},"end":{"line":81,"column":81}},"53":{"start":{"line":82,"column":12},"end":{"line":84,"column":13}},"54":{"start":{"line":83,"column":16},"end":{"line":83,"column":53}},"55":{"start":{"line":85,"column":12},"end":{"line":85,"column":78}},"56":{"start":{"line":86,"column":12},"end":{"line":86,"column":55}},"57":{"start":{"line":88,"column":12},"end":{"line":88,"column":23}},"58":{"start":{"line":93,"column":0},"end":{"line":93,"column":27}}},"fnMap":{"0":{"name":"(anonymous_0)","decl":{"start":{"line":4,"column":4},"end":{"line":4,"column":5}},"loc":{"start":{"line":4,"column":44},"end":{"line":30,"column":5}},"line":4},"1":{"name":"(anonymous_1)","decl":{"start":{"line":33,"column":4},"end":{"line":33,"column":5}},"loc":{"start":{"line":33,"column":52},"end":{"line":58,"column":5}},"line":33},"2":{"name":"(anonymous_2)","decl":{"start":{"line":60,"column":4},"end":{"line":60,"column":5}},"loc":{"start":{"line":60,"column":52},"end":{"line":71,"column":5}},"line":60},"3":{"name":"(anonymous_3)","decl":{"start":{"line":74,"column":4},"end":{"line":74,"column":5}},"loc":{"start":{"line":74,"column":49},"end":{"line":90,"column":5}},"line":74}},"branchMap":{"0":{"loc":{"start":{"line":11,"column":12},"end":{"line":13,"column":13}},"type":"if","locations":[{"start":{"line":11,"column":12},"end":{"line":13,"column":13}},{"start":{},"end":{}}],"line":11},"1":{"loc":{"start":{"line":15,"column":12},"end":{"line":17,"column":13}},"type":"if","locations":[{"start":{"line":15,"column":12},"end":{"line":17,"column":13}},{"start":{},"end":{}}],"line":15},"2":{"loc":{"start":{"line":19,"column":12},"end":{"line":21,"column":13}},"type":"if","locations":[{"start":{"line":19,"column":12},"end":{"line":21,"column":13}},{"start":{},"end":{}}],"line":19},"3":{"loc":{"start":{"line":39,"column":12},"end":{"line":41,"column":13}},"type":"if","locations":[{"start":{"line":39,"column":12},"end":{"line":41,"column":13}},{"start":{},"end":{}}],"line":39},"4":{"loc":{"start":{"line":42,"column":12},"end":{"line":44,"column":13}},"type":"if","locations":[{"start":{"line":42,"column":12},"end":{"line":44,"column":13}},{"start":{},"end":{}}],"line":42},"5":{"loc":{"start":{"line":48,"column":12},"end":{"line":50,"column":13}},"type":"if","locations":[{"start":{"line":48,"column":12},"end":{"line":50,"column":13}},{"start":{},"end":{}}],"line":48},"6":{"loc":{"start":{"line":64,"column":12},"end":{"line":66,"column":13}},"type":"if","locations":[{"start":{"line":64,"column":12},"end":{"line":66,"column":13}},{"start":{},"end":{}}],"line":64},"7":{"loc":{"start":{"line":78,"column":12},"end":{"line":80,"column":13}},"type":"if","locations":[{"start":{"line":78,"column":12},"end":{"line":80,"column":13}},{"start":{},"end":{}}],"line":78},"8":{"loc":{"start":{"line":78,"column":16},"end":{"line":78,"column":37}},"type":"binary-expr","locations":[{"start":{"line":78,"column":16},"end":{"line":78,"column":26}},{"start":{"line":78,"column":30},"end":{"line":78,"column":37}}],"line":78},"9":{"loc":{"start":{"line":82,"column":12},"end":{"line":84,"column":13}},"type":"if","locations":[{"start":{"line":82,"column":12},"end":{"line":84,"column":13}},{"start":{},"end":{}}],"line":82}},"s":{"0":3,"1":1,"2":1,"3":1,"4":1,"5":1,"6":1,"7":1,"8":0,"9":1,"10":1,"11":0,"12":1,"13":1,"14":0,"15":1,"16":1,"17":1,"18":1,"19":0,"20":0,"21":0,"22":0,"23":0,"24":0,"25":0,"26":0,"27":0,"28":0,"29":0,"30":0,"31":0,"32":0,"33":0,"34":0,"35":0,"36":0,"37":0,"38":0,"39":0,"40":0,"41":0,"42":0,"43":0,"44":0,"45":0,"46":0,"47":0,"48":0,"49":0,"50":0,"51":0,"52":0,"53":0,"54":0,"55":0,"56":0,"57":0,"58":3},"f":{"0":1,"1":0,"2":0,"3":0},"b":{"0":[0,1],"1":[0,1],"2":[0,1],"3":[0,0],"4":[0,0],"5":[0,0],"6":[0,0],"7":[0,0],"8":[0,0],"9":[0,0]},"_coverageSchema":"1a1c01bbd47fc00a2c39e90264f33305004495a9","hash":"45f6644f49dc1c12e5ae110c6cfcd0be47102c04"}
,"D:\\Belajar Coding\\Hacktiv8\\Phase 3\\gooroo-team-project\\Server\\services\\app\\controllers\\userController.js": {"path":"D:\\Belajar Coding\\Hacktiv8\\Phase 3\\gooroo-team-project\\Server\\services\\app\\controllers\\userController.js","statementMap":{"0":{"start":{"line":1,"column":24},"end":{"line":1,"column":52}},"1":{"start":{"line":2,"column":24},"end":{"line":2,"column":49}},"2":{"start":{"line":3,"column":17},"end":{"line":3,"column":37}},"3":{"start":{"line":7,"column":4},"end":{"line":13,"column":5}},"4":{"start":{"line":8,"column":50},"end":{"line":8,"column":58}},"5":{"start":{"line":9,"column":22},"end":{"line":9,"column":76}},"6":{"start":{"line":10,"column":6},"end":{"line":10,"column":69}},"7":{"start":{"line":12,"column":6},"end":{"line":12,"column":18}},"8":{"start":{"line":16,"column":4},"end":{"line":41,"column":5}},"9":{"start":{"line":17,"column":34},"end":{"line":17,"column":42}},"10":{"start":{"line":18,"column":6},"end":{"line":20,"column":7}},"11":{"start":{"line":19,"column":8},"end":{"line":19,"column":37}},"12":{"start":{"line":21,"column":19},"end":{"line":21,"column":59}},"13":{"start":{"line":22,"column":6},"end":{"line":24,"column":7}},"14":{"start":{"line":23,"column":8},"end":{"line":23,"column":40}},"15":{"start":{"line":25,"column":28},"end":{"line":25,"column":64}},"16":{"start":{"line":26,"column":6},"end":{"line":28,"column":7}},"17":{"start":{"line":27,"column":8},"end":{"line":27,"column":40}},"18":{"start":{"line":29,"column":22},"end":{"line":32,"column":7}},"19":{"start":{"line":33,"column":27},"end":{"line":33,"column":47}},"20":{"start":{"line":34,"column":6},"end":{"line":38,"column":9}},"21":{"start":{"line":40,"column":6},"end":{"line":40,"column":18}},"22":{"start":{"line":45,"column":0},"end":{"line":45,"column":32}}},"fnMap":{"0":{"name":"(anonymous_0)","decl":{"start":{"line":6,"column":2},"end":{"line":6,"column":3}},"loc":{"start":{"line":6,"column":40},"end":{"line":14,"column":3}},"line":6},"1":{"name":"(anonymous_1)","decl":{"start":{"line":15,"column":2},"end":{"line":15,"column":3}},"loc":{"start":{"line":15,"column":37},"end":{"line":42,"column":3}},"line":15}},"branchMap":{"0":{"loc":{"start":{"line":18,"column":6},"end":{"line":20,"column":7}},"type":"if","locations":[{"start":{"line":18,"column":6},"end":{"line":20,"column":7}},{"start":{},"end":{}}],"line":18},"1":{"loc":{"start":{"line":18,"column":10},"end":{"line":18,"column":29}},"type":"binary-expr","locations":[{"start":{"line":18,"column":10},"end":{"line":18,"column":16}},{"start":{"line":18,"column":20},"end":{"line":18,"column":29}}],"line":18},"2":{"loc":{"start":{"line":22,"column":6},"end":{"line":24,"column":7}},"type":"if","locations":[{"start":{"line":22,"column":6},"end":{"line":24,"column":7}},{"start":{},"end":{}}],"line":22},"3":{"loc":{"start":{"line":26,"column":6},"end":{"line":28,"column":7}},"type":"if","locations":[{"start":{"line":26,"column":6},"end":{"line":28,"column":7}},{"start":{},"end":{}}],"line":26}},"s":{"0":3,"1":3,"2":3,"3":6,"4":6,"5":6,"6":1,"7":5,"8":4,"9":4,"10":4,"11":2,"12":2,"13":2,"14":1,"15":1,"16":1,"17":0,"18":1,"19":1,"20":1,"21":3,"22":3},"f":{"0":6,"1":4},"b":{"0":[2,2],"1":[4,3],"2":[1,1],"3":[0,1]},"_coverageSchema":"1a1c01bbd47fc00a2c39e90264f33305004495a9","hash":"9bd3e1efba24a47e8d744e669e7067089fd2859b"}
,"D:\\Belajar Coding\\Hacktiv8\\Phase 3\\gooroo-team-project\\Server\\services\\app\\controllers\\wishlistController.js": {"path":"D:\\Belajar Coding\\Hacktiv8\\Phase 3\\gooroo-team-project\\Server\\services\\app\\controllers\\wishlistController.js","statementMap":{"0":{"start":{"line":1,"column":37},"end":{"line":1,"column":57}},"1":{"start":{"line":5,"column":4},"end":{"line":33,"column":5}},"2":{"start":{"line":6,"column":26},"end":{"line":6,"column":36}},"3":{"start":{"line":7,"column":21},"end":{"line":7,"column":29}},"4":{"start":{"line":8,"column":27},"end":{"line":8,"column":71}},"5":{"start":{"line":9,"column":24},"end":{"line":9,"column":39}},"6":{"start":{"line":10,"column":24},"end":{"line":14,"column":8}},"7":{"start":{"line":15,"column":6},"end":{"line":17,"column":7}},"8":{"start":{"line":16,"column":8},"end":{"line":16,"column":42}},"9":{"start":{"line":18,"column":27},"end":{"line":23,"column":8}},"10":{"start":{"line":24,"column":6},"end":{"line":26,"column":7}},"11":{"start":{"line":25,"column":8},"end":{"line":25,"column":34}},"12":{"start":{"line":27,"column":6},"end":{"line":27,"column":52}},"13":{"start":{"line":28,"column":6},"end":{"line":30,"column":72}},"14":{"start":{"line":32,"column":6},"end":{"line":32,"column":18}},"15":{"start":{"line":37,"column":4},"end":{"line":50,"column":5}},"16":{"start":{"line":38,"column":21},"end":{"line":38,"column":29}},"17":{"start":{"line":39,"column":27},"end":{"line":39,"column":75}},"18":{"start":{"line":40,"column":24},"end":{"line":40,"column":39}},"19":{"start":{"line":41,"column":23},"end":{"line":46,"column":8}},"20":{"start":{"line":47,"column":6},"end":{"line":47,"column":37}},"21":{"start":{"line":49,"column":6},"end":{"line":49,"column":18}},"22":{"start":{"line":54,"column":4},"end":{"line":64,"column":5}},"23":{"start":{"line":55,"column":29},"end":{"line":55,"column":39}},"24":{"start":{"line":56,"column":23},"end":{"line":56,"column":76}},"25":{"start":{"line":57,"column":6},"end":{"line":59,"column":7}},"26":{"start":{"line":58,"column":8},"end":{"line":58,"column":45}},"27":{"start":{"line":60,"column":6},"end":{"line":60,"column":60}},"28":{"start":{"line":61,"column":6},"end":{"line":61,"column":67}},"29":{"start":{"line":63,"column":6},"end":{"line":63,"column":18}},"30":{"start":{"line":67,"column":0},"end":{"line":67,"column":28}}},"fnMap":{"0":{"name":"(anonymous_0)","decl":{"start":{"line":4,"column":2},"end":{"line":4,"column":3}},"loc":{"start":{"line":4,"column":43},"end":{"line":34,"column":3}},"line":4},"1":{"name":"(anonymous_1)","decl":{"start":{"line":36,"column":2},"end":{"line":36,"column":3}},"loc":{"start":{"line":36,"column":43},"end":{"line":51,"column":3}},"line":36},"2":{"name":"(anonymous_2)","decl":{"start":{"line":53,"column":2},"end":{"line":53,"column":3}},"loc":{"start":{"line":53,"column":46},"end":{"line":65,"column":3}},"line":53}},"branchMap":{"0":{"loc":{"start":{"line":15,"column":6},"end":{"line":17,"column":7}},"type":"if","locations":[{"start":{"line":15,"column":6},"end":{"line":17,"column":7}},{"start":{},"end":{}}],"line":15},"1":{"loc":{"start":{"line":24,"column":6},"end":{"line":26,"column":7}},"type":"if","locations":[{"start":{"line":24,"column":6},"end":{"line":26,"column":7}},{"start":{},"end":{}}],"line":24},"2":{"loc":{"start":{"line":57,"column":6},"end":{"line":59,"column":7}},"type":"if","locations":[{"start":{"line":57,"column":6},"end":{"line":59,"column":7}},{"start":{},"end":{}}],"line":57}},"s":{"0":3,"1":0,"2":0,"3":0,"4":0,"5":0,"6":0,"7":0,"8":0,"9":0,"10":0,"11":0,"12":0,"13":0,"14":0,"15":0,"16":0,"17":0,"18":0,"19":0,"20":0,"21":0,"22":0,"23":0,"24":0,"25":0,"26":0,"27":0,"28":0,"29":0,"30":3},"f":{"0":0,"1":0,"2":0},"b":{"0":[0,0],"1":[0,0],"2":[0,0]},"_coverageSchema":"1a1c01bbd47fc00a2c39e90264f33305004495a9","hash":"71c4db8c1ea4d80a9d240415896a646033f0cc97"}
,"D:\\Belajar Coding\\Hacktiv8\\Phase 3\\gooroo-team-project\\Server\\services\\app\\helpers\\bcrypt.js": {"path":"D:\\Belajar Coding\\Hacktiv8\\Phase 3\\gooroo-team-project\\Server\\services\\app\\helpers\\bcrypt.js","statementMap":{"0":{"start":{"line":1,"column":13},"end":{"line":1,"column":32}},"1":{"start":{"line":4,"column":13},"end":{"line":4,"column":35}},"2":{"start":{"line":5,"column":13},"end":{"line":5,"column":40}},"3":{"start":{"line":6,"column":2},"end":{"line":6,"column":14}},"4":{"start":{"line":10,"column":2},"end":{"line":10,"column":46}},"5":{"start":{"line":13,"column":0},"end":{"line":13,"column":43}}},"fnMap":{"0":{"name":"hashPass","decl":{"start":{"line":3,"column":9},"end":{"line":3,"column":17}},"loc":{"start":{"line":3,"column":24},"end":{"line":7,"column":1}},"line":3},"1":{"name":"comparePass","decl":{"start":{"line":9,"column":9},"end":{"line":9,"column":20}},"loc":{"start":{"line":9,"column":39},"end":{"line":11,"column":1}},"line":9}},"branchMap":{},"s":{"0":3,"1":2,"2":2,"3":2,"4":1,"5":3},"f":{"0":2,"1":1},"b":{},"_coverageSchema":"1a1c01bbd47fc00a2c39e90264f33305004495a9","hash":"9881fda12f900b09132b105ede0ab850f8be4c4e"}
,"D:\\Belajar Coding\\Hacktiv8\\Phase 3\\gooroo-team-project\\Server\\services\\app\\helpers\\jwt.js": {"path":"D:\\Belajar Coding\\Hacktiv8\\Phase 3\\gooroo-team-project\\Server\\services\\app\\helpers\\jwt.js","statementMap":{"0":{"start":{"line":1,"column":12},"end":{"line":1,"column":35}},"1":{"start":{"line":2,"column":15},"end":{"line":2,"column":24}},"2":{"start":{"line":5,"column":2},"end":{"line":5,"column":35}},"3":{"start":{"line":8,"column":2},"end":{"line":8,"column":35}},"4":{"start":{"line":11,"column":0},"end":{"line":14,"column":2}}},"fnMap":{"0":{"name":"createToken","decl":{"start":{"line":4,"column":9},"end":{"line":4,"column":20}},"loc":{"start":{"line":4,"column":30},"end":{"line":6,"column":1}},"line":4},"1":{"name":"verifyToken","decl":{"start":{"line":7,"column":9},"end":{"line":7,"column":20}},"loc":{"start":{"line":7,"column":28},"end":{"line":9,"column":1}},"line":7}},"branchMap":{},"s":{"0":3,"1":3,"2":4,"3":15,"4":3},"f":{"0":4,"1":15},"b":{},"_coverageSchema":"1a1c01bbd47fc00a2c39e90264f33305004495a9","hash":"38bea6e14259f40abeebde67c181a2ae929224e5"}
,"D:\\Belajar Coding\\Hacktiv8\\Phase 3\\gooroo-team-project\\Server\\services\\app\\middlewares\\authentication.js": {"path":"D:\\Belajar Coding\\Hacktiv8\\Phase 3\\gooroo-team-project\\Server\\services\\app\\middlewares\\authentication.js","statementMap":{"0":{"start":{"line":1,"column":17},"end":{"line":1,"column":37}},"1":{"start":{"line":2,"column":24},"end":{"line":2,"column":49}},"2":{"start":{"line":4,"column":23},"end":{"line":25,"column":1}},"3":{"start":{"line":5,"column":2},"end":{"line":24,"column":3}},"4":{"start":{"line":6,"column":29},"end":{"line":6,"column":40}},"5":{"start":{"line":7,"column":4},"end":{"line":9,"column":5}},"6":{"start":{"line":8,"column":6},"end":{"line":8,"column":38}},"7":{"start":{"line":10,"column":20},"end":{"line":10,"column":45}},"8":{"start":{"line":11,"column":17},"end":{"line":11,"column":48}},"9":{"start":{"line":12,"column":4},"end":{"line":14,"column":5}},"10":{"start":{"line":13,"column":6},"end":{"line":13,"column":38}},"11":{"start":{"line":15,"column":4},"end":{"line":19,"column":6}},"12":{"start":{"line":20,"column":4},"end":{"line":20,"column":11}},"13":{"start":{"line":22,"column":4},"end":{"line":22,"column":23}},"14":{"start":{"line":23,"column":4},"end":{"line":23,"column":16}},"15":{"start":{"line":27,"column":0},"end":{"line":27,"column":32}}},"fnMap":{"0":{"name":"(anonymous_0)","decl":{"start":{"line":4,"column":23},"end":{"line":4,"column":24}},"loc":{"start":{"line":4,"column":49},"end":{"line":25,"column":1}},"line":4}},"branchMap":{"0":{"loc":{"start":{"line":7,"column":4},"end":{"line":9,"column":5}},"type":"if","locations":[{"start":{"line":7,"column":4},"end":{"line":9,"column":5}},{"start":{},"end":{}}],"line":7},"1":{"loc":{"start":{"line":12,"column":4},"end":{"line":14,"column":5}},"type":"if","locations":[{"start":{"line":12,"column":4},"end":{"line":14,"column":5}},{"start":{},"end":{}}],"line":12}},"s":{"0":3,"1":3,"2":3,"3":15,"4":15,"5":15,"6":0,"7":15,"8":10,"9":10,"10":0,"11":10,"12":10,"13":5,"14":5,"15":3},"f":{"0":15},"b":{"0":[0,15],"1":[0,10]},"_coverageSchema":"1a1c01bbd47fc00a2c39e90264f33305004495a9","hash":"733e5e0daa1c16e00480b5ba1c8d694a4d2496cd"}
,"D:\\Belajar Coding\\Hacktiv8\\Phase 3\\gooroo-team-project\\Server\\services\\app\\middlewares\\authorization.js": {"path":"D:\\Belajar Coding\\Hacktiv8\\Phase 3\\gooroo-team-project\\Server\\services\\app\\middlewares\\authorization.js","statementMap":{"0":{"start":{"line":1,"column":36},"end":{"line":1,"column":56}},"1":{"start":{"line":3,"column":20},"end":{"line":13,"column":1}},"2":{"start":{"line":4,"column":2},"end":{"line":12,"column":3}},"3":{"start":{"line":5,"column":21},"end":{"line":5,"column":29}},"4":{"start":{"line":6,"column":4},"end":{"line":8,"column":5}},"5":{"start":{"line":7,"column":6},"end":{"line":7,"column":34}},"6":{"start":{"line":9,"column":4},"end":{"line":9,"column":11}},"7":{"start":{"line":11,"column":4},"end":{"line":11,"column":16}},"8":{"start":{"line":15,"column":20},"end":{"line":32,"column":1}},"9":{"start":{"line":16,"column":2},"end":{"line":31,"column":3}},"10":{"start":{"line":17,"column":24},"end":{"line":17,"column":34}},"11":{"start":{"line":18,"column":23},"end":{"line":18,"column":70}},"12":{"start":{"line":19,"column":4},"end":{"line":21,"column":5}},"13":{"start":{"line":20,"column":6},"end":{"line":20,"column":40}},"14":{"start":{"line":22,"column":19},"end":{"line":22,"column":27}},"15":{"start":{"line":23,"column":20},"end":{"line":23,"column":64}},"16":{"start":{"line":24,"column":21},"end":{"line":24,"column":29}},"17":{"start":{"line":25,"column":4},"end":{"line":27,"column":5}},"18":{"start":{"line":26,"column":6},"end":{"line":26,"column":34}},"19":{"start":{"line":28,"column":4},"end":{"line":28,"column":11}},"20":{"start":{"line":30,"column":4},"end":{"line":30,"column":16}},"21":{"start":{"line":34,"column":0},"end":{"line":34,"column":46}}},"fnMap":{"0":{"name":"(anonymous_0)","decl":{"start":{"line":3,"column":20},"end":{"line":3,"column":21}},"loc":{"start":{"line":3,"column":46},"end":{"line":13,"column":1}},"line":3},"1":{"name":"(anonymous_1)","decl":{"start":{"line":15,"column":20},"end":{"line":15,"column":21}},"loc":{"start":{"line":15,"column":46},"end":{"line":32,"column":1}},"line":15}},"branchMap":{"0":{"loc":{"start":{"line":6,"column":4},"end":{"line":8,"column":5}},"type":"if","locations":[{"start":{"line":6,"column":4},"end":{"line":8,"column":5}},{"start":{},"end":{}}],"line":6},"1":{"loc":{"start":{"line":19,"column":4},"end":{"line":21,"column":5}},"type":"if","locations":[{"start":{"line":19,"column":4},"end":{"line":21,"column":5}},{"start":{},"end":{}}],"line":19},"2":{"loc":{"start":{"line":25,"column":4},"end":{"line":27,"column":5}},"type":"if","locations":[{"start":{"line":25,"column":4},"end":{"line":27,"column":5}},{"start":{},"end":{}}],"line":25},"3":{"loc":{"start":{"line":25,"column":8},"end":{"line":25,"column":64}},"type":"binary-expr","locations":[{"start":{"line":25,"column":8},"end":{"line":25,"column":25}},{"start":{"line":25,"column":29},"end":{"line":25,"column":64}}],"line":25}},"s":{"0":3,"1":3,"2":0,"3":0,"4":0,"5":0,"6":0,"7":0,"8":3,"9":5,"10":5,"11":5,"12":5,"13":1,"14":4,"15":4,"16":4,"17":4,"18":2,"19":2,"20":3,"21":3},"f":{"0":0,"1":5},"b":{"0":[0,0],"1":[1,4],"2":[2,2],"3":[4,2]},"_coverageSchema":"1a1c01bbd47fc00a2c39e90264f33305004495a9","hash":"4b91c0b7d113619d5cff99cebec340422e9c299e"}
,"D:\\Belajar Coding\\Hacktiv8\\Phase 3\\gooroo-team-project\\Server\\services\\app\\middlewares\\errorHandlers.js": {"path":"D:\\Belajar Coding\\Hacktiv8\\Phase 3\\gooroo-team-project\\Server\\services\\app\\middlewares\\errorHandlers.js","statementMap":{"0":{"start":{"line":1,"column":22},"end":{"line":45,"column":1}},"1":{"start":{"line":2,"column":13},"end":{"line":2,"column":16}},"2":{"start":{"line":3,"column":16},"end":{"line":3,"column":39}},"3":{"start":{"line":4,"column":2},"end":{"line":43,"column":3}},"4":{"start":{"line":8,"column":4},"end":{"line":8,"column":15}},"5":{"start":{"line":9,"column":4},"end":{"line":9,"column":36}},"6":{"start":{"line":10,"column":9},"end":{"line":43,"column":3}},"7":{"start":{"line":11,"column":4},"end":{"line":11,"column":15}},"8":{"start":{"line":12,"column":4},"end":{"line":12,"column":48}},"9":{"start":{"line":13,"column":9},"end":{"line":43,"column":3}},"10":{"start":{"line":14,"column":4},"end":{"line":14,"column":15}},"11":{"start":{"line":15,"column":4},"end":{"line":15,"column":39}},"12":{"start":{"line":16,"column":9},"end":{"line":43,"column":3}},"13":{"start":{"line":17,"column":4},"end":{"line":17,"column":15}},"14":{"start":{"line":18,"column":4},"end":{"line":18,"column":30}},"15":{"start":{"line":19,"column":9},"end":{"line":43,"column":3}},"16":{"start":{"line":20,"column":4},"end":{"line":20,"column":15}},"17":{"start":{"line":21,"column":4},"end":{"line":21,"column":32}},"18":{"start":{"line":22,"column":9},"end":{"line":43,"column":3}},"19":{"start":{"line":23,"column":4},"end":{"line":23,"column":15}},"20":{"start":{"line":24,"column":4},"end":{"line":24,"column":26}},"21":{"start":{"line":25,"column":9},"end":{"line":43,"column":3}},"22":{"start":{"line":26,"column":4},"end":{"line":26,"column":15}},"23":{"start":{"line":27,"column":4},"end":{"line":27,"column":32}},"24":{"start":{"line":28,"column":9},"end":{"line":43,"column":3}},"25":{"start":{"line":29,"column":4},"end":{"line":29,"column":15}},"26":{"start":{"line":30,"column":4},"end":{"line":30,"column":60}},"27":{"start":{"line":31,"column":9},"end":{"line":43,"column":3}},"28":{"start":{"line":32,"column":4},"end":{"line":32,"column":15}},"29":{"start":{"line":33,"column":4},"end":{"line":33,"column":58}},"30":{"start":{"line":34,"column":9},"end":{"line":43,"column":3}},"31":{"start":{"line":35,"column":4},"end":{"line":35,"column":15}},"32":{"start":{"line":36,"column":4},"end":{"line":36,"column":35}},"33":{"start":{"line":37,"column":9},"end":{"line":43,"column":3}},"34":{"start":{"line":38,"column":4},"end":{"line":38,"column":15}},"35":{"start":{"line":39,"column":4},"end":{"line":39,"column":60}},"36":{"start":{"line":40,"column":9},"end":{"line":43,"column":3}},"37":{"start":{"line":41,"column":4},"end":{"line":41,"column":15}},"38":{"start":{"line":42,"column":4},"end":{"line":42,"column":43}},"39":{"start":{"line":44,"column":2},"end":{"line":44,"column":37}},"40":{"start":{"line":47,"column":0},"end":{"line":47,"column":31}}},"fnMap":{"0":{"name":"(anonymous_0)","decl":{"start":{"line":1,"column":22},"end":{"line":1,"column":23}},"loc":{"start":{"line":1,"column":53},"end":{"line":45,"column":1}},"line":1}},"branchMap":{"0":{"loc":{"start":{"line":4,"column":2},"end":{"line":43,"column":3}},"type":"if","locations":[{"start":{"line":4,"column":2},"end":{"line":43,"column":3}},{"start":{"line":10,"column":9},"end":{"line":43,"column":3}}],"line":4},"1":{"loc":{"start":{"line":5,"column":4},"end":{"line":6,"column":48}},"type":"binary-expr","locations":[{"start":{"line":5,"column":4},"end":{"line":5,"column":42}},{"start":{"line":6,"column":4},"end":{"line":6,"column":48}}],"line":5},"2":{"loc":{"start":{"line":10,"column":9},"end":{"line":43,"column":3}},"type":"if","locations":[{"start":{"line":10,"column":9},"end":{"line":43,"column":3}},{"start":{"line":13,"column":9},"end":{"line":43,"column":3}}],"line":10},"3":{"loc":{"start":{"line":13,"column":9},"end":{"line":43,"column":3}},"type":"if","locations":[{"start":{"line":13,"column":9},"end":{"line":43,"column":3}},{"start":{"line":16,"column":9},"end":{"line":43,"column":3}}],"line":13},"4":{"loc":{"start":{"line":16,"column":9},"end":{"line":43,"column":3}},"type":"if","locations":[{"start":{"line":16,"column":9},"end":{"line":43,"column":3}},{"start":{"line":19,"column":9},"end":{"line":43,"column":3}}],"line":16},"5":{"loc":{"start":{"line":16,"column":13},"end":{"line":16,"column":75}},"type":"binary-expr","locations":[{"start":{"line":16,"column":13},"end":{"line":16,"column":40}},{"start":{"line":16,"column":44},"end":{"line":16,"column":75}}],"line":16},"6":{"loc":{"start":{"line":19,"column":9},"end":{"line":43,"column":3}},"type":"if","locations":[{"start":{"line":19,"column":9},"end":{"line":43,"column":3}},{"start":{"line":22,"column":9},"end":{"line":43,"column":3}}],"line":19},"7":{"loc":{"start":{"line":22,"column":9},"end":{"line":43,"column":3}},"type":"if","locations":[{"start":{"line":22,"column":9},"end":{"line":43,"column":3}},{"start":{"line":25,"column":9},"end":{"line":43,"column":3}}],"line":22},"8":{"loc":{"start":{"line":25,"column":9},"end":{"line":43,"column":3}},"type":"if","locations":[{"start":{"line":25,"column":9},"end":{"line":43,"column":3}},{"start":{"line":28,"column":9},"end":{"line":43,"column":3}}],"line":25},"9":{"loc":{"start":{"line":28,"column":9},"end":{"line":43,"column":3}},"type":"if","locations":[{"start":{"line":28,"column":9},"end":{"line":43,"column":3}},{"start":{"line":31,"column":9},"end":{"line":43,"column":3}}],"line":28},"10":{"loc":{"start":{"line":31,"column":9},"end":{"line":43,"column":3}},"type":"if","locations":[{"start":{"line":31,"column":9},"end":{"line":43,"column":3}},{"start":{"line":34,"column":9},"end":{"line":43,"column":3}}],"line":31},"11":{"loc":{"start":{"line":34,"column":9},"end":{"line":43,"column":3}},"type":"if","locations":[{"start":{"line":34,"column":9},"end":{"line":43,"column":3}},{"start":{"line":37,"column":9},"end":{"line":43,"column":3}}],"line":34},"12":{"loc":{"start":{"line":37,"column":9},"end":{"line":43,"column":3}},"type":"if","locations":[{"start":{"line":37,"column":9},"end":{"line":43,"column":3}},{"start":{"line":40,"column":9},"end":{"line":43,"column":3}}],"line":37},"13":{"loc":{"start":{"line":40,"column":9},"end":{"line":43,"column":3}},"type":"if","locations":[{"start":{"line":40,"column":9},"end":{"line":43,"column":3}},{"start":{},"end":{}}],"line":40}},"s":{"0":3,"1":17,"2":17,"3":17,"4":5,"5":5,"6":12,"7":0,"8":0,"9":12,"10":3,"11":3,"12":9,"13":5,"14":5,"15":4,"16":0,"17":0,"18":4,"19":2,"20":2,"21":2,"22":2,"23":2,"24":0,"25":0,"26":0,"27":0,"28":0,"29":0,"30":0,"31":0,"32":0,"33":0,"34":0,"35":0,"36":0,"37":0,"38":0,"39":17,"40":3},"f":{"0":17},"b":{"0":[5,12],"1":[17,13],"2":[0,12],"3":[3,9],"4":[5,4],"5":[9,9],"6":[0,4],"7":[2,2],"8":[2,0],"9":[0,0],"10":[0,0],"11":[0,0],"12":[0,0],"13":[0,0]},"_coverageSchema":"1a1c01bbd47fc00a2c39e90264f33305004495a9","hash":"4234804f19d532af72cfac7439cb6e91f207cc80"}
,"D:\\Belajar Coding\\Hacktiv8\\Phase 3\\gooroo-team-project\\Server\\services\\app\\models\\class.js": {"path":"D:\\Belajar Coding\\Hacktiv8\\Phase 3\\gooroo-team-project\\Server\\services\\app\\models\\class.js","statementMap":{"0":{"start":{"line":2,"column":18},"end":{"line":2,"column":38}},"1":{"start":{"line":3,"column":0},"end":{"line":91,"column":2}},"2":{"start":{"line":12,"column":6},"end":{"line":15,"column":9}},"3":{"start":{"line":16,"column":6},"end":{"line":19,"column":9}},"4":{"start":{"line":20,"column":6},"end":{"line":20,"column":64}},"5":{"start":{"line":23,"column":2},"end":{"line":89,"column":4}},"6":{"start":{"line":84,"column":10},"end":{"line":84,"column":34}},"7":{"start":{"line":85,"column":10},"end":{"line":85,"column":36}},"8":{"start":{"line":90,"column":2},"end":{"line":90,"column":15}}},"fnMap":{"0":{"name":"(anonymous_0)","decl":{"start":{"line":3,"column":17},"end":{"line":3,"column":18}},"loc":{"start":{"line":3,"column":43},"end":{"line":91,"column":1}},"line":3},"1":{"name":"(anonymous_1)","decl":{"start":{"line":10,"column":4},"end":{"line":10,"column":5}},"loc":{"start":{"line":10,"column":29},"end":{"line":21,"column":5}},"line":10},"2":{"name":"(anonymous_2)","decl":{"start":{"line":83,"column":8},"end":{"line":83,"column":9}},"loc":{"start":{"line":83,"column":28},"end":{"line":86,"column":9}},"line":83}},"branchMap":{},"s":{"0":3,"1":3,"2":3,"3":3,"4":3,"5":3,"6":1,"7":1,"8":3},"f":{"0":3,"1":3,"2":1},"b":{},"_coverageSchema":"1a1c01bbd47fc00a2c39e90264f33305004495a9","hash":"eebb413a86ba4caff91ca21bea97bbfbfb91ebbf"}
,"D:\\Belajar Coding\\Hacktiv8\\Phase 3\\gooroo-team-project\\Server\\services\\app\\models\\index.js": {"path":"D:\\Belajar Coding\\Hacktiv8\\Phase 3\\gooroo-team-project\\Server\\services\\app\\models\\index.js","statementMap":{"0":{"start":{"line":3,"column":11},"end":{"line":3,"column":24}},"1":{"start":{"line":4,"column":13},"end":{"line":4,"column":28}},"2":{"start":{"line":5,"column":18},"end":{"line":5,"column":38}},"3":{"start":{"line":6,"column":17},"end":{"line":6,"column":42}},"4":{"start":{"line":7,"column":12},"end":{"line":7,"column":49}},"5":{"start":{"line":8,"column":15},"end":{"line":8,"column":65}},"6":{"start":{"line":9,"column":11},"end":{"line":9,"column":13}},"7":{"start":{"line":12,"column":0},"end":{"line":16,"column":1}},"8":{"start":{"line":13,"column":2},"end":{"line":13,"column":74}},"9":{"start":{"line":15,"column":2},"end":{"line":15,"column":87}},"10":{"start":{"line":18,"column":0},"end":{"line":26,"column":5}},"11":{"start":{"line":21,"column":4},"end":{"line":21,"column":90}},"12":{"start":{"line":24,"column":18},"end":{"line":24,"column":85}},"13":{"start":{"line":25,"column":4},"end":{"line":25,"column":27}},"14":{"start":{"line":28,"column":0},"end":{"line":32,"column":3}},"15":{"start":{"line":29,"column":2},"end":{"line":31,"column":3}},"16":{"start":{"line":30,"column":4},"end":{"line":30,"column":32}},"17":{"start":{"line":34,"column":0},"end":{"line":34,"column":25}},"18":{"start":{"line":35,"column":0},"end":{"line":35,"column":25}},"19":{"start":{"line":37,"column":0},"end":{"line":37,"column":20}}},"fnMap":{"0":{"name":"(anonymous_0)","decl":{"start":{"line":20,"column":10},"end":{"line":20,"column":11}},"loc":{"start":{"line":20,"column":18},"end":{"line":22,"column":3}},"line":20},"1":{"name":"(anonymous_1)","decl":{"start":{"line":23,"column":11},"end":{"line":23,"column":12}},"loc":{"start":{"line":23,"column":19},"end":{"line":26,"column":3}},"line":23},"2":{"name":"(anonymous_2)","decl":{"start":{"line":28,"column":24},"end":{"line":28,"column":25}},"loc":{"start":{"line":28,"column":37},"end":{"line":32,"column":1}},"line":28}},"branchMap":{"0":{"loc":{"start":{"line":7,"column":12},"end":{"line":7,"column":49}},"type":"binary-expr","locations":[{"start":{"line":7,"column":12},"end":{"line":7,"column":32}},{"start":{"line":7,"column":36},"end":{"line":7,"column":49}}],"line":7},"1":{"loc":{"start":{"line":12,"column":0},"end":{"line":16,"column":1}},"type":"if","locations":[{"start":{"line":12,"column":0},"end":{"line":16,"column":1}},{"start":{"line":14,"column":7},"end":{"line":16,"column":1}}],"line":12},"2":{"loc":{"start":{"line":21,"column":11},"end":{"line":21,"column":89}},"type":"binary-expr","locations":[{"start":{"line":21,"column":12},"end":{"line":21,"column":35}},{"start":{"line":21,"column":41},"end":{"line":21,"column":58}},{"start":{"line":21,"column":64},"end":{"line":21,"column":88}}],"line":21},"3":{"loc":{"start":{"line":29,"column":2},"end":{"line":31,"column":3}},"type":"if","locations":[{"start":{"line":29,"column":2},"end":{"line":31,"column":3}},{"start":{},"end":{}}],"line":29}},"s":{"0":3,"1":3,"2":3,"3":3,"4":3,"5":3,"6":3,"7":3,"8":0,"9":3,"10":3,"11":30,"12":27,"13":27,"14":3,"15":27,"16":27,"17":3,"18":3,"19":3},"f":{"0":30,"1":27,"2":27},"b":{"0":[3,0],"1":[0,3],"2":[30,30,27],"3":[27,0]},"_coverageSchema":"1a1c01bbd47fc00a2c39e90264f33305004495a9","hash":"cb5478189118d2006844d1088c7169da0aefb73c"}
,"D:\\Belajar Coding\\Hacktiv8\\Phase 3\\gooroo-team-project\\Server\\services\\app\\models\\saldohistory.js": {"path":"D:\\Belajar Coding\\Hacktiv8\\Phase 3\\gooroo-team-project\\Server\\services\\app\\models\\saldohistory.js","statementMap":{"0":{"start":{"line":2,"column":18},"end":{"line":2,"column":38}},"1":{"start":{"line":3,"column":0},"end":{"line":31,"column":2}},"2":{"start":{"line":12,"column":6},"end":{"line":12,"column":65}},"3":{"start":{"line":15,"column":2},"end":{"line":28,"column":4}},"4":{"start":{"line":30,"column":2},"end":{"line":30,"column":22}}},"fnMap":{"0":{"name":"(anonymous_0)","decl":{"start":{"line":3,"column":17},"end":{"line":3,"column":18}},"loc":{"start":{"line":3,"column":43},"end":{"line":31,"column":1}},"line":3},"1":{"name":"(anonymous_1)","decl":{"start":{"line":10,"column":4},"end":{"line":10,"column":5}},"loc":{"start":{"line":10,"column":29},"end":{"line":13,"column":5}},"line":10}},"branchMap":{},"s":{"0":3,"1":3,"2":3,"3":3,"4":3},"f":{"0":3,"1":3},"b":{},"_coverageSchema":"1a1c01bbd47fc00a2c39e90264f33305004495a9","hash":"88f8f2f4f87ac9fb6f6bdf37e75f16c71889401c"}
,"D:\\Belajar Coding\\Hacktiv8\\Phase 3\\gooroo-team-project\\Server\\services\\app\\models\\schedule.js": {"path":"D:\\Belajar Coding\\Hacktiv8\\Phase 3\\gooroo-team-project\\Server\\services\\app\\models\\schedule.js","statementMap":{"0":{"start":{"line":2,"column":18},"end":{"line":2,"column":38}},"1":{"start":{"line":3,"column":0},"end":{"line":27,"column":2}},"2":{"start":{"line":12,"column":6},"end":{"line":12,"column":66}},"3":{"start":{"line":15,"column":2},"end":{"line":25,"column":4}},"4":{"start":{"line":26,"column":2},"end":{"line":26,"column":18}}},"fnMap":{"0":{"name":"(anonymous_0)","decl":{"start":{"line":3,"column":17},"end":{"line":3,"column":18}},"loc":{"start":{"line":3,"column":43},"end":{"line":27,"column":1}},"line":3},"1":{"name":"(anonymous_1)","decl":{"start":{"line":10,"column":4},"end":{"line":10,"column":5}},"loc":{"start":{"line":10,"column":29},"end":{"line":13,"column":5}},"line":10}},"branchMap":{},"s":{"0":3,"1":3,"2":3,"3":3,"4":3},"f":{"0":3,"1":3},"b":{},"_coverageSchema":"1a1c01bbd47fc00a2c39e90264f33305004495a9","hash":"0be8326a8251ef513eca6c6d986bfa39ecc1121f"}
,"D:\\Belajar Coding\\Hacktiv8\\Phase 3\\gooroo-team-project\\Server\\services\\app\\models\\student.js": {"path":"D:\\Belajar Coding\\Hacktiv8\\Phase 3\\gooroo-team-project\\Server\\services\\app\\models\\student.js","statementMap":{"0":{"start":{"line":2,"column":18},"end":{"line":2,"column":38}},"1":{"start":{"line":3,"column":0},"end":{"line":31,"column":2}},"2":{"start":{"line":12,"column":6},"end":{"line":12,"column":63}},"3":{"start":{"line":13,"column":6},"end":{"line":16,"column":9}},"4":{"start":{"line":19,"column":2},"end":{"line":29,"column":4}},"5":{"start":{"line":30,"column":2},"end":{"line":30,"column":17}}},"fnMap":{"0":{"name":"(anonymous_0)","decl":{"start":{"line":3,"column":17},"end":{"line":3,"column":18}},"loc":{"start":{"line":3,"column":43},"end":{"line":31,"column":1}},"line":3},"1":{"name":"(anonymous_1)","decl":{"start":{"line":10,"column":4},"end":{"line":10,"column":5}},"loc":{"start":{"line":10,"column":29},"end":{"line":17,"column":5}},"line":10}},"branchMap":{},"s":{"0":3,"1":3,"2":3,"3":3,"4":3,"5":3},"f":{"0":3,"1":3},"b":{},"_coverageSchema":"1a1c01bbd47fc00a2c39e90264f33305004495a9","hash":"6a119dbb92f8a721f66e798a7ef714006b56c127"}
,"D:\\Belajar Coding\\Hacktiv8\\Phase 3\\gooroo-team-project\\Server\\services\\app\\models\\subject.js": {"path":"D:\\Belajar Coding\\Hacktiv8\\Phase 3\\gooroo-team-project\\Server\\services\\app\\models\\subject.js","statementMap":{"0":{"start":{"line":4,"column":4},"end":{"line":4,"column":24}},"1":{"start":{"line":5,"column":0},"end":{"line":24,"column":2}},"2":{"start":{"line":16,"column":2},"end":{"line":22,"column":5}},"3":{"start":{"line":23,"column":2},"end":{"line":23,"column":17}}},"fnMap":{"0":{"name":"(anonymous_0)","decl":{"start":{"line":5,"column":17},"end":{"line":5,"column":18}},"loc":{"start":{"line":5,"column":43},"end":{"line":24,"column":1}},"line":5},"1":{"name":"(anonymous_1)","decl":{"start":{"line":12,"column":4},"end":{"line":12,"column":5}},"loc":{"start":{"line":12,"column":29},"end":{"line":14,"column":5}},"line":12}},"branchMap":{},"s":{"0":3,"1":3,"2":3,"3":3},"f":{"0":3,"1":3},"b":{},"_coverageSchema":"1a1c01bbd47fc00a2c39e90264f33305004495a9","hash":"3579cde849c0e06449a4e537b36a217ff09d1bfd"}
,"D:\\Belajar Coding\\Hacktiv8\\Phase 3\\gooroo-team-project\\Server\\services\\app\\models\\teacher.js": {"path":"D:\\Belajar Coding\\Hacktiv8\\Phase 3\\gooroo-team-project\\Server\\services\\app\\models\\teacher.js","statementMap":{"0":{"start":{"line":2,"column":18},"end":{"line":2,"column":38}},"1":{"start":{"line":3,"column":0},"end":{"line":39,"column":2}},"2":{"start":{"line":12,"column":6},"end":{"line":12,"column":63}},"3":{"start":{"line":15,"column":2},"end":{"line":37,"column":4}},"4":{"start":{"line":38,"column":2},"end":{"line":38,"column":17}}},"fnMap":{"0":{"name":"(anonymous_0)","decl":{"start":{"line":3,"column":17},"end":{"line":3,"column":18}},"loc":{"start":{"line":3,"column":43},"end":{"line":39,"column":1}},"line":3},"1":{"name":"(anonymous_1)","decl":{"start":{"line":10,"column":4},"end":{"line":10,"column":5}},"loc":{"start":{"line":10,"column":29},"end":{"line":13,"column":5}},"line":10}},"branchMap":{},"s":{"0":3,"1":3,"2":3,"3":3,"4":3},"f":{"0":3,"1":3},"b":{},"_coverageSchema":"1a1c01bbd47fc00a2c39e90264f33305004495a9","hash":"a176bafe13871d86bc16be396999c4c2352adc52"}
,"D:\\Belajar Coding\\Hacktiv8\\Phase 3\\gooroo-team-project\\Server\\services\\app\\models\\transaction.js": {"path":"D:\\Belajar Coding\\Hacktiv8\\Phase 3\\gooroo-team-project\\Server\\services\\app\\models\\transaction.js","statementMap":{"0":{"start":{"line":4,"column":4},"end":{"line":4,"column":24}},"1":{"start":{"line":5,"column":0},"end":{"line":52,"column":2}},"2":{"start":{"line":14,"column":6},"end":{"line":14,"column":72}},"3":{"start":{"line":15,"column":6},"end":{"line":15,"column":68}},"4":{"start":{"line":18,"column":2},"end":{"line":50,"column":5}},"5":{"start":{"line":45,"column":8},"end":{"line":47,"column":36}},"6":{"start":{"line":51,"column":2},"end":{"line":51,"column":21}}},"fnMap":{"0":{"name":"(anonymous_0)","decl":{"start":{"line":5,"column":17},"end":{"line":5,"column":18}},"loc":{"start":{"line":5,"column":43},"end":{"line":52,"column":1}},"line":5},"1":{"name":"(anonymous_1)","decl":{"start":{"line":12,"column":4},"end":{"line":12,"column":5}},"loc":{"start":{"line":12,"column":29},"end":{"line":16,"column":5}},"line":12},"2":{"name":"(anonymous_2)","decl":{"start":{"line":44,"column":6},"end":{"line":44,"column":7}},"loc":{"start":{"line":44,"column":32},"end":{"line":48,"column":7}},"line":44}},"branchMap":{},"s":{"0":3,"1":3,"2":3,"3":3,"4":3,"5":1,"6":3},"f":{"0":3,"1":3,"2":1},"b":{},"_coverageSchema":"1a1c01bbd47fc00a2c39e90264f33305004495a9","hash":"a6de77e12f61dcae5f6faa179bf89f1588b60370"}
,"D:\\Belajar Coding\\Hacktiv8\\Phase 3\\gooroo-team-project\\Server\\services\\app\\models\\user.js": {"path":"D:\\Belajar Coding\\Hacktiv8\\Phase 3\\gooroo-team-project\\Server\\services\\app\\models\\user.js","statementMap":{"0":{"start":{"line":2,"column":18},"end":{"line":2,"column":38}},"1":{"start":{"line":4,"column":21},"end":{"line":4,"column":49}},"2":{"start":{"line":6,"column":0},"end":{"line":71,"column":2}},"3":{"start":{"line":15,"column":6},"end":{"line":15,"column":65}},"4":{"start":{"line":16,"column":6},"end":{"line":16,"column":60}},"5":{"start":{"line":17,"column":6},"end":{"line":17,"column":60}},"6":{"start":{"line":20,"column":2},"end":{"line":66,"column":4}},"7":{"start":{"line":67,"column":2},"end":{"line":69,"column":5}},"8":{"start":{"line":68,"column":4},"end":{"line":68,"column":44}},"9":{"start":{"line":70,"column":2},"end":{"line":70,"column":14}}},"fnMap":{"0":{"name":"(anonymous_0)","decl":{"start":{"line":6,"column":17},"end":{"line":6,"column":18}},"loc":{"start":{"line":6,"column":43},"end":{"line":71,"column":1}},"line":6},"1":{"name":"(anonymous_1)","decl":{"start":{"line":13,"column":4},"end":{"line":13,"column":5}},"loc":{"start":{"line":13,"column":29},"end":{"line":18,"column":5}},"line":13},"2":{"name":"(anonymous_2)","decl":{"start":{"line":67,"column":20},"end":{"line":67,"column":21}},"loc":{"start":{"line":67,"column":30},"end":{"line":69,"column":3}},"line":67}},"branchMap":{},"s":{"0":3,"1":3,"2":3,"3":3,"4":3,"5":3,"6":3,"7":3,"8":2,"9":3},"f":{"0":3,"1":3,"2":2},"b":{},"_coverageSchema":"1a1c01bbd47fc00a2c39e90264f33305004495a9","hash":"3fd99d8676f9d14017474678b26d61464aa07936"}
,"D:\\Belajar Coding\\Hacktiv8\\Phase 3\\gooroo-team-project\\Server\\services\\app\\models\\wishlist.js": {"path":"D:\\Belajar Coding\\Hacktiv8\\Phase 3\\gooroo-team-project\\Server\\services\\app\\models\\wishlist.js","statementMap":{"0":{"start":{"line":2,"column":18},"end":{"line":2,"column":38}},"1":{"start":{"line":3,"column":0},"end":{"line":33,"column":2}},"2":{"start":{"line":12,"column":6},"end":{"line":12,"column":70}},"3":{"start":{"line":13,"column":6},"end":{"line":13,"column":66}},"4":{"start":{"line":16,"column":2},"end":{"line":31,"column":4}},"5":{"start":{"line":32,"column":2},"end":{"line":32,"column":18}}},"fnMap":{"0":{"name":"(anonymous_0)","decl":{"start":{"line":3,"column":17},"end":{"line":3,"column":18}},"loc":{"start":{"line":3,"column":43},"end":{"line":33,"column":1}},"line":3},"1":{"name":"(anonymous_1)","decl":{"start":{"line":10,"column":4},"end":{"line":10,"column":5}},"loc":{"start":{"line":10,"column":29},"end":{"line":14,"column":5}},"line":10}},"branchMap":{},"s":{"0":3,"1":3,"2":3,"3":3,"4":3,"5":3},"f":{"0":3,"1":3},"b":{},"_coverageSchema":"1a1c01bbd47fc00a2c39e90264f33305004495a9","hash":"355bdb7d34d7396a32366771282f2514c09cdb0a"}
,"D:\\Belajar Coding\\Hacktiv8\\Phase 3\\gooroo-team-project\\Server\\services\\app\\routes\\classRouter.js": {"path":"D:\\Belajar Coding\\Hacktiv8\\Phase 3\\gooroo-team-project\\Server\\services\\app\\routes\\classRouter.js","statementMap":{"0":{"start":{"line":1,"column":24},"end":{"line":1,"column":65}},"1":{"start":{"line":2,"column":24},"end":{"line":2,"column":63}},"2":{"start":{"line":3,"column":15},"end":{"line":3,"column":42}},"3":{"start":{"line":5,"column":0},"end":{"line":5,"column":44}},"4":{"start":{"line":6,"column":0},"end":{"line":6,"column":42}},"5":{"start":{"line":7,"column":0},"end":{"line":7,"column":53}},"6":{"start":{"line":8,"column":0},"end":{"line":8,"column":69}},"7":{"start":{"line":9,"column":0},"end":{"line":9,"column":66}},"8":{"start":{"line":11,"column":0},"end":{"line":11,"column":24}}},"fnMap":{},"branchMap":{},"s":{"0":3,"1":3,"2":3,"3":3,"4":3,"5":3,"6":3,"7":3,"8":3},"f":{},"b":{},"_coverageSchema":"1a1c01bbd47fc00a2c39e90264f33305004495a9","hash":"d22430ef5795f524ace75ad6afcd28626a5fcd93"}
,"D:\\Belajar Coding\\Hacktiv8\\Phase 3\\gooroo-team-project\\Server\\services\\app\\routes\\index.js": {"path":"D:\\Belajar Coding\\Hacktiv8\\Phase 3\\gooroo-team-project\\Server\\services\\app\\routes\\index.js","statementMap":{"0":{"start":{"line":1,"column":15},"end":{"line":1,"column":42}},"1":{"start":{"line":2,"column":23},"end":{"line":2,"column":50}},"2":{"start":{"line":3,"column":26},"end":{"line":3,"column":56}},"3":{"start":{"line":4,"column":22},"end":{"line":4,"column":48}},"4":{"start":{"line":5,"column":19},"end":{"line":5,"column":42}},"5":{"start":{"line":6,"column":20},"end":{"line":6,"column":44}},"6":{"start":{"line":7,"column":22},"end":{"line":7,"column":48}},"7":{"start":{"line":8,"column":23},"end":{"line":8,"column":63}},"8":{"start":{"line":9,"column":23},"end":{"line":9,"column":50}},"9":{"start":{"line":10,"column":37},"end":{"line":10,"column":76}},"10":{"start":{"line":12,"column":0},"end":{"line":12,"column":33}},"11":{"start":{"line":14,"column":0},"end":{"line":14,"column":27}},"12":{"start":{"line":16,"column":0},"end":{"line":16,"column":40}},"13":{"start":{"line":17,"column":0},"end":{"line":17,"column":47}},"14":{"start":{"line":18,"column":0},"end":{"line":18,"column":52}},"15":{"start":{"line":19,"column":0},"end":{"line":19,"column":52}},"16":{"start":{"line":20,"column":0},"end":{"line":20,"column":36}},"17":{"start":{"line":21,"column":0},"end":{"line":21,"column":40}},"18":{"start":{"line":23,"column":0},"end":{"line":23,"column":24}}},"fnMap":{},"branchMap":{},"s":{"0":3,"1":3,"2":3,"3":3,"4":3,"5":3,"6":3,"7":3,"8":3,"9":3,"10":3,"11":3,"12":3,"13":3,"14":3,"15":3,"16":3,"17":3,"18":3},"f":{},"b":{},"_coverageSchema":"1a1c01bbd47fc00a2c39e90264f33305004495a9","hash":"f443fef66b83d82b49a469cd497bd747c61e446c"}
,"D:\\Belajar Coding\\Hacktiv8\\Phase 3\\gooroo-team-project\\Server\\services\\app\\routes\\scheduleRouter.js": {"path":"D:\\Belajar Coding\\Hacktiv8\\Phase 3\\gooroo-team-project\\Server\\services\\app\\routes\\scheduleRouter.js","statementMap":{"0":{"start":{"line":1,"column":27},"end":{"line":1,"column":71}},"1":{"start":{"line":2,"column":15},"end":{"line":2,"column":42}},"2":{"start":{"line":4,"column":0},"end":{"line":4,"column":57}},"3":{"start":{"line":5,"column":0},"end":{"line":5,"column":65}},"4":{"start":{"line":6,"column":0},"end":{"line":6,"column":62}},"5":{"start":{"line":8,"column":0},"end":{"line":8,"column":24}}},"fnMap":{},"branchMap":{},"s":{"0":3,"1":3,"2":3,"3":3,"4":3,"5":3},"f":{},"b":{},"_coverageSchema":"1a1c01bbd47fc00a2c39e90264f33305004495a9","hash":"5fdaf40ec45c038fec8d768ea20911a4a6622345"}
,"D:\\Belajar Coding\\Hacktiv8\\Phase 3\\gooroo-team-project\\Server\\services\\app\\routes\\studentRouter.js": {"path":"D:\\Belajar Coding\\Hacktiv8\\Phase 3\\gooroo-team-project\\Server\\services\\app\\routes\\studentRouter.js","statementMap":{"0":{"start":{"line":1,"column":26},"end":{"line":1,"column":69}},"1":{"start":{"line":2,"column":15},"end":{"line":2,"column":42}},"2":{"start":{"line":4,"column":0},"end":{"line":4,"column":49}},"3":{"start":{"line":5,"column":0},"end":{"line":5,"column":56}},"4":{"start":{"line":7,"column":0},"end":{"line":7,"column":24}}},"fnMap":{},"branchMap":{},"s":{"0":3,"1":3,"2":3,"3":3,"4":3},"f":{},"b":{},"_coverageSchema":"1a1c01bbd47fc00a2c39e90264f33305004495a9","hash":"3029919e2c3521da3723f792d25c7d0da60b6cd0"}
,"D:\\Belajar Coding\\Hacktiv8\\Phase 3\\gooroo-team-project\\Server\\services\\app\\routes\\teacherRouter.js": {"path":"D:\\Belajar Coding\\Hacktiv8\\Phase 3\\gooroo-team-project\\Server\\services\\app\\routes\\teacherRouter.js","statementMap":{"0":{"start":{"line":1,"column":26},"end":{"line":1,"column":69}},"1":{"start":{"line":2,"column":15},"end":{"line":2,"column":42}},"2":{"start":{"line":4,"column":0},"end":{"line":4,"column":51}},"3":{"start":{"line":5,"column":0},"end":{"line":5,"column":49}},"4":{"start":{"line":6,"column":0},"end":{"line":6,"column":56}},"5":{"start":{"line":8,"column":0},"end":{"line":8,"column":24}}},"fnMap":{},"branchMap":{},"s":{"0":3,"1":3,"2":3,"3":3,"4":3,"5":3},"f":{},"b":{},"_coverageSchema":"1a1c01bbd47fc00a2c39e90264f33305004495a9","hash":"43b81843e0fd78ce1635d73c4b77f9739d41742a"}
,"D:\\Belajar Coding\\Hacktiv8\\Phase 3\\gooroo-team-project\\Server\\services\\app\\routes\\transactionRouter.js": {"path":"D:\\Belajar Coding\\Hacktiv8\\Phase 3\\gooroo-team-project\\Server\\services\\app\\routes\\transactionRouter.js","statementMap":{"0":{"start":{"line":1,"column":30},"end":{"line":1,"column":77}},"1":{"start":{"line":2,"column":15},"end":{"line":2,"column":42}},"2":{"start":{"line":4,"column":0},"end":{"line":4,"column":58}},"3":{"start":{"line":5,"column":0},"end":{"line":5,"column":60}},"4":{"start":{"line":6,"column":0},"end":{"line":6,"column":57}},"5":{"start":{"line":7,"column":0},"end":{"line":7,"column":67}},"6":{"start":{"line":10,"column":0},"end":{"line":10,"column":23}}},"fnMap":{},"branchMap":{},"s":{"0":3,"1":3,"2":3,"3":3,"4":3,"5":3,"6":3},"f":{},"b":{},"_coverageSchema":"1a1c01bbd47fc00a2c39e90264f33305004495a9","hash":"9580fa73228e32ab69c9e2205fbef832d64dde66"}
,"D:\\Belajar Coding\\Hacktiv8\\Phase 3\\gooroo-team-project\\Server\\services\\app\\routes\\userRouter.js": {"path":"D:\\Belajar Coding\\Hacktiv8\\Phase 3\\gooroo-team-project\\Server\\services\\app\\routes\\userRouter.js","statementMap":{"0":{"start":{"line":1,"column":23},"end":{"line":1,"column":63}},"1":{"start":{"line":3,"column":15},"end":{"line":3,"column":42}},"2":{"start":{"line":5,"column":0},"end":{"line":5,"column":50}},"3":{"start":{"line":6,"column":0},"end":{"line":6,"column":44}},"4":{"start":{"line":8,"column":0},"end":{"line":8,"column":24}}},"fnMap":{},"branchMap":{},"s":{"0":3,"1":3,"2":3,"3":3,"4":3},"f":{},"b":{},"_coverageSchema":"1a1c01bbd47fc00a2c39e90264f33305004495a9","hash":"b87cae2ab66b3da91bed65f8dcaa789674845075"}
,"D:\\Belajar Coding\\Hacktiv8\\Phase 3\\gooroo-team-project\\Server\\services\\app\\routes\\wishlistRouter.js": {"path":"D:\\Belajar Coding\\Hacktiv8\\Phase 3\\gooroo-team-project\\Server\\services\\app\\routes\\wishlistRouter.js","statementMap":{"0":{"start":{"line":1,"column":19},"end":{"line":1,"column":63}},"1":{"start":{"line":3,"column":15},"end":{"line":3,"column":42}},"2":{"start":{"line":6,"column":0},"end":{"line":6,"column":49}},"3":{"start":{"line":7,"column":0},"end":{"line":7,"column":40}},"4":{"start":{"line":8,"column":0},"end":{"line":8,"column":57}},"5":{"start":{"line":10,"column":0},"end":{"line":10,"column":24}}},"fnMap":{},"branchMap":{},"s":{"0":3,"1":3,"2":3,"3":3,"4":3,"5":3},"f":{},"b":{},"_coverageSchema":"1a1c01bbd47fc00a2c39e90264f33305004495a9","hash":"4ce17eefe87b6f216011c3121076280b41d87406"}
}
