{"/Users/giovannigs/Documents/h8/gooroo-team-project/Server/services/app/app.js": {"path":"/Users/giovannigs/Documents/h8/gooroo-team-project/Server/services/app/app.js","statementMap":{"0":{"start":{"line":1,"column":0},"end":{"line":3,"column":1}},"1":{"start":{"line":2,"column":2},"end":{"line":2,"column":29}},"2":{"start":{"line":5,"column":16},"end":{"line":5,"column":34}},"3":{"start":{"line":6,"column":21},"end":{"line":6,"column":59}},"4":{"start":{"line":7,"column":15},"end":{"line":7,"column":34}},"5":{"start":{"line":8,"column":12},"end":{"line":8,"column":21}},"6":{"start":{"line":9,"column":13},"end":{"line":9,"column":17}},"7":{"start":{"line":10,"column":13},"end":{"line":10,"column":28}},"8":{"start":{"line":12,"column":0},"end":{"line":12,"column":16}},"9":{"start":{"line":14,"column":0},"end":{"line":14,"column":24}},"10":{"start":{"line":15,"column":0},"end":{"line":15,"column":49}},"11":{"start":{"line":16,"column":0},"end":{"line":16,"column":45}},"12":{"start":{"line":18,"column":0},"end":{"line":18,"column":16}},"13":{"start":{"line":20,"column":0},"end":{"line":20,"column":22}},"14":{"start":{"line":22,"column":0},"end":{"line":24,"column":3}},"15":{"start":{"line":23,"column":2},"end":{"line":23,"column":55}},"16":{"start":{"line":26,"column":0},"end":{"line":26,"column":21}}},"fnMap":{"0":{"name":"(anonymous_0)","decl":{"start":{"line":22,"column":17},"end":{"line":22,"column":18}},"loc":{"start":{"line":22,"column":23},"end":{"line":24,"column":1}},"line":22}},"branchMap":{"0":{"loc":{"start":{"line":1,"column":0},"end":{"line":3,"column":1}},"type":"if","locations":[{"start":{"line":1,"column":0},"end":{"line":3,"column":1}},{"start":{},"end":{}}],"line":1}},"s":{"0":1,"1":1,"2":1,"3":1,"4":1,"5":1,"6":1,"7":1,"8":1,"9":1,"10":1,"11":1,"12":1,"13":1,"14":1,"15":0,"16":1},"f":{"0":0},"b":{"0":[1,0]},"_coverageSchema":"1a1c01bbd47fc00a2c39e90264f33305004495a9","hash":"c4a2276795a316264211f20fd0c4abd5c6b61b10"}
,"/Users/giovannigs/Documents/h8/gooroo-team-project/Server/services/app/controllers/ClassController.js": {"path":"/Users/giovannigs/Documents/h8/gooroo-team-project/Server/services/app/controllers/ClassController.js","statementMap":{"0":{"start":{"line":10,"column":4},"end":{"line":10,"column":24}},"1":{"start":{"line":14,"column":14},"end":{"line":14,"column":43}},"2":{"start":{"line":15,"column":4},"end":{"line":51,"column":5}},"3":{"start":{"line":16,"column":6},"end":{"line":18,"column":7}},"4":{"start":{"line":17,"column":8},"end":{"line":17,"column":36}},"5":{"start":{"line":20,"column":8},"end":{"line":20,"column":16}},"6":{"start":{"line":21,"column":21},"end":{"line":21,"column":32}},"7":{"start":{"line":22,"column":27},"end":{"line":25,"column":7}},"8":{"start":{"line":26,"column":23},"end":{"line":37,"column":7}},"9":{"start":{"line":38,"column":23},"end":{"line":44,"column":8}},"10":{"start":{"line":39,"column":8},"end":{"line":43,"column":10}},"11":{"start":{"line":45,"column":6},"end":{"line":45,"column":62}},"12":{"start":{"line":46,"column":6},"end":{"line":46,"column":23}},"13":{"start":{"line":47,"column":6},"end":{"line":47,"column":74}},"14":{"start":{"line":49,"column":6},"end":{"line":49,"column":25}},"15":{"start":{"line":50,"column":6},"end":{"line":50,"column":18}},"16":{"start":{"line":55,"column":4},"end":{"line":62,"column":5}},"17":{"start":{"line":56,"column":23},"end":{"line":58,"column":8}},"18":{"start":{"line":59,"column":6},"end":{"line":59,"column":37}},"19":{"start":{"line":61,"column":6},"end":{"line":61,"column":18}},"20":{"start":{"line":66,"column":4},"end":{"line":76,"column":5}},"21":{"start":{"line":67,"column":21},"end":{"line":67,"column":31}},"22":{"start":{"line":68,"column":25},"end":{"line":68,"column":63}},"23":{"start":{"line":69,"column":6},"end":{"line":71,"column":7}},"24":{"start":{"line":70,"column":8},"end":{"line":70,"column":42}},"25":{"start":{"line":72,"column":6},"end":{"line":72,"column":71}},"26":{"start":{"line":73,"column":6},"end":{"line":73,"column":73}},"27":{"start":{"line":75,"column":6},"end":{"line":75,"column":18}},"28":{"start":{"line":80,"column":4},"end":{"line":90,"column":5}},"29":{"start":{"line":81,"column":21},"end":{"line":81,"column":29}},"30":{"start":{"line":82,"column":6},"end":{"line":84,"column":7}},"31":{"start":{"line":83,"column":8},"end":{"line":83,"column":36}},"32":{"start":{"line":85,"column":22},"end":{"line":85,"column":70}},"33":{"start":{"line":86,"column":22},"end":{"line":86,"column":79}},"34":{"start":{"line":87,"column":6},"end":{"line":87,"column":36}},"35":{"start":{"line":89,"column":6},"end":{"line":89,"column":18}},"36":{"start":{"line":94,"column":4},"end":{"line":114,"column":5}},"37":{"start":{"line":95,"column":26},"end":{"line":95,"column":36}},"38":{"start":{"line":96,"column":24},"end":{"line":100,"column":8}},"39":{"start":{"line":101,"column":6},"end":{"line":103,"column":7}},"40":{"start":{"line":102,"column":8},"end":{"line":102,"column":42}},"41":{"start":{"line":104,"column":6},"end":{"line":108,"column":9}},"42":{"start":{"line":109,"column":6},"end":{"line":111,"column":69}},"43":{"start":{"line":113,"column":6},"end":{"line":113,"column":18}},"44":{"start":{"line":118,"column":4},"end":{"line":132,"column":5}},"45":{"start":{"line":119,"column":26},"end":{"line":119,"column":36}},"46":{"start":{"line":120,"column":24},"end":{"line":125,"column":8}},"47":{"start":{"line":126,"column":6},"end":{"line":128,"column":7}},"48":{"start":{"line":127,"column":8},"end":{"line":127,"column":42}},"49":{"start":{"line":129,"column":6},"end":{"line":129,"column":38}},"50":{"start":{"line":131,"column":6},"end":{"line":131,"column":18}},"51":{"start":{"line":136,"column":4},"end":{"line":158,"column":5}},"52":{"start":{"line":137,"column":26},"end":{"line":137,"column":36}},"53":{"start":{"line":138,"column":66},"end":{"line":138,"column":74}},"54":{"start":{"line":139,"column":24},"end":{"line":143,"column":8}},"55":{"start":{"line":144,"column":6},"end":{"line":146,"column":7}},"56":{"start":{"line":145,"column":8},"end":{"line":145,"column":42}},"57":{"start":{"line":147,"column":6},"end":{"line":154,"column":8}},"58":{"start":{"line":155,"column":6},"end":{"line":155,"column":77}},"59":{"start":{"line":157,"column":6},"end":{"line":157,"column":18}},"60":{"start":{"line":162,"column":4},"end":{"line":188,"column":5}},"61":{"start":{"line":163,"column":6},"end":{"line":165,"column":7}},"62":{"start":{"line":164,"column":8},"end":{"line":164,"column":36}},"63":{"start":{"line":166,"column":21},"end":{"line":166,"column":29}},"64":{"start":{"line":167,"column":26},"end":{"line":171,"column":8}},"65":{"start":{"line":172,"column":30},"end":{"line":176,"column":8}},"66":{"start":{"line":177,"column":24},"end":{"line":181,"column":8}},"67":{"start":{"line":182,"column":6},"end":{"line":182,"column":31}},"68":{"start":{"line":183,"column":6},"end":{"line":183,"column":38}},"69":{"start":{"line":185,"column":6},"end":{"line":185,"column":25}},"70":{"start":{"line":186,"column":6},"end":{"line":186,"column":37}},"71":{"start":{"line":187,"column":6},"end":{"line":187,"column":18}},"72":{"start":{"line":192,"column":0},"end":{"line":192,"column":28}}},"fnMap":{"0":{"name":"(anonymous_0)","decl":{"start":{"line":13,"column":2},"end":{"line":13,"column":3}},"loc":{"start":{"line":13,"column":41},"end":{"line":52,"column":3}},"line":13},"1":{"name":"(anonymous_1)","decl":{"start":{"line":38,"column":37},"end":{"line":38,"column":38}},"loc":{"start":{"line":38,"column":45},"end":{"line":44,"column":7}},"line":38},"2":{"name":"(anonymous_2)","decl":{"start":{"line":54,"column":2},"end":{"line":54,"column":3}},"loc":{"start":{"line":54,"column":40},"end":{"line":63,"column":3}},"line":54},"3":{"name":"(anonymous_3)","decl":{"start":{"line":65,"column":2},"end":{"line":65,"column":3}},"loc":{"start":{"line":65,"column":48},"end":{"line":77,"column":3}},"line":65},"4":{"name":"(anonymous_4)","decl":{"start":{"line":79,"column":2},"end":{"line":79,"column":3}},"loc":{"start":{"line":79,"column":51},"end":{"line":91,"column":3}},"line":79},"5":{"name":"(anonymous_5)","decl":{"start":{"line":93,"column":2},"end":{"line":93,"column":3}},"loc":{"start":{"line":93,"column":43},"end":{"line":115,"column":3}},"line":93},"6":{"name":"(anonymous_6)","decl":{"start":{"line":117,"column":2},"end":{"line":117,"column":3}},"loc":{"start":{"line":117,"column":43},"end":{"line":133,"column":3}},"line":117},"7":{"name":"(anonymous_7)","decl":{"start":{"line":135,"column":2},"end":{"line":135,"column":3}},"loc":{"start":{"line":135,"column":43},"end":{"line":159,"column":3}},"line":135},"8":{"name":"(anonymous_8)","decl":{"start":{"line":161,"column":2},"end":{"line":161,"column":3}},"loc":{"start":{"line":161,"column":51},"end":{"line":189,"column":3}},"line":161}},"branchMap":{"0":{"loc":{"start":{"line":16,"column":6},"end":{"line":18,"column":7}},"type":"if","locations":[{"start":{"line":16,"column":6},"end":{"line":18,"column":7}},{"start":{},"end":{}}],"line":16},"1":{"loc":{"start":{"line":69,"column":6},"end":{"line":71,"column":7}},"type":"if","locations":[{"start":{"line":69,"column":6},"end":{"line":71,"column":7}},{"start":{},"end":{}}],"line":69},"2":{"loc":{"start":{"line":82,"column":6},"end":{"line":84,"column":7}},"type":"if","locations":[{"start":{"line":82,"column":6},"end":{"line":84,"column":7}},{"start":{},"end":{}}],"line":82},"3":{"loc":{"start":{"line":101,"column":6},"end":{"line":103,"column":7}},"type":"if","locations":[{"start":{"line":101,"column":6},"end":{"line":103,"column":7}},{"start":{},"end":{}}],"line":101},"4":{"loc":{"start":{"line":126,"column":6},"end":{"line":128,"column":7}},"type":"if","locations":[{"start":{"line":126,"column":6},"end":{"line":128,"column":7}},{"start":{},"end":{}}],"line":126},"5":{"loc":{"start":{"line":144,"column":6},"end":{"line":146,"column":7}},"type":"if","locations":[{"start":{"line":144,"column":6},"end":{"line":146,"column":7}},{"start":{},"end":{}}],"line":144},"6":{"loc":{"start":{"line":163,"column":6},"end":{"line":165,"column":7}},"type":"if","locations":[{"start":{"line":163,"column":6},"end":{"line":165,"column":7}},{"start":{},"end":{}}],"line":163}},"s":{"0":1,"1":2,"2":2,"3":2,"4":1,"5":1,"6":1,"7":1,"8":1,"9":1,"10":1,"11":1,"12":1,"13":1,"14":1,"15":1,"16":1,"17":1,"18":1,"19":0,"20":2,"21":2,"22":2,"23":2,"24":1,"25":1,"26":1,"27":1,"28":2,"29":2,"30":2,"31":1,"32":1,"33":1,"34":1,"35":1,"36":1,"37":1,"38":1,"39":1,"40":0,"41":1,"42":1,"43":0,"44":2,"45":2,"46":2,"47":2,"48":1,"49":1,"50":1,"51":1,"52":1,"53":1,"54":1,"55":1,"56":0,"57":1,"58":1,"59":0,"60":0,"61":0,"62":0,"63":0,"64":0,"65":0,"66":0,"67":0,"68":0,"69":0,"70":0,"71":0,"72":1},"f":{"0":2,"1":1,"2":1,"3":2,"4":2,"5":1,"6":2,"7":1,"8":0},"b":{"0":[1,1],"1":[1,1],"2":[1,1],"3":[0,1],"4":[1,1],"5":[0,1],"6":[0,0]},"_coverageSchema":"1a1c01bbd47fc00a2c39e90264f33305004495a9","hash":"32cf55f151fe20af0ae418574e19b52a11fd17d5"}
,"/Users/giovannigs/Documents/h8/gooroo-team-project/Server/services/app/controllers/ScheduleController.js": {"path":"/Users/giovannigs/Documents/h8/gooroo-team-project/Server/services/app/controllers/ScheduleController.js","statementMap":{"0":{"start":{"line":1,"column":59},"end":{"line":1,"column":79}},"1":{"start":{"line":5,"column":4},"end":{"line":17,"column":5}},"2":{"start":{"line":6,"column":26},"end":{"line":6,"column":36}},"3":{"start":{"line":7,"column":37},"end":{"line":7,"column":45}},"4":{"start":{"line":8,"column":24},"end":{"line":12,"column":8}},"5":{"start":{"line":13,"column":6},"end":{"line":13,"column":61}},"6":{"start":{"line":14,"column":6},"end":{"line":14,"column":68}},"7":{"start":{"line":16,"column":6},"end":{"line":16,"column":18}},"8":{"start":{"line":21,"column":4},"end":{"line":43,"column":5}},"9":{"start":{"line":22,"column":29},"end":{"line":22,"column":39}},"10":{"start":{"line":23,"column":21},"end":{"line":23,"column":29}},"11":{"start":{"line":24,"column":6},"end":{"line":26,"column":7}},"12":{"start":{"line":25,"column":8},"end":{"line":25,"column":32}},"13":{"start":{"line":27,"column":27},"end":{"line":31,"column":8}},"14":{"start":{"line":32,"column":6},"end":{"line":34,"column":7}},"15":{"start":{"line":33,"column":8},"end":{"line":33,"column":46}},"16":{"start":{"line":35,"column":6},"end":{"line":39,"column":9}},"17":{"start":{"line":40,"column":6},"end":{"line":40,"column":67}},"18":{"start":{"line":42,"column":6},"end":{"line":42,"column":18}},"19":{"start":{"line":47,"column":4},"end":{"line":75,"column":5}},"20":{"start":{"line":48,"column":29},"end":{"line":48,"column":39}},"21":{"start":{"line":49,"column":23},"end":{"line":49,"column":31}},"22":{"start":{"line":50,"column":6},"end":{"line":52,"column":7}},"23":{"start":{"line":51,"column":8},"end":{"line":51,"column":35}},"24":{"start":{"line":53,"column":37},"end":{"line":53,"column":45}},"25":{"start":{"line":54,"column":27},"end":{"line":58,"column":8}},"26":{"start":{"line":59,"column":6},"end":{"line":61,"column":7}},"27":{"start":{"line":60,"column":8},"end":{"line":60,"column":46}},"28":{"start":{"line":63,"column":6},"end":{"line":70,"column":8}},"29":{"start":{"line":71,"column":6},"end":{"line":71,"column":68}},"30":{"start":{"line":73,"column":6},"end":{"line":73,"column":25}},"31":{"start":{"line":74,"column":6},"end":{"line":74,"column":18}},"32":{"start":{"line":79,"column":0},"end":{"line":79,"column":28}}},"fnMap":{"0":{"name":"(anonymous_0)","decl":{"start":{"line":4,"column":2},"end":{"line":4,"column":3}},"loc":{"start":{"line":4,"column":43},"end":{"line":18,"column":3}},"line":4},"1":{"name":"(anonymous_1)","decl":{"start":{"line":20,"column":2},"end":{"line":20,"column":3}},"loc":{"start":{"line":20,"column":46},"end":{"line":44,"column":3}},"line":20},"2":{"name":"(anonymous_2)","decl":{"start":{"line":46,"column":2},"end":{"line":46,"column":3}},"loc":{"start":{"line":46,"column":46},"end":{"line":76,"column":3}},"line":46}},"branchMap":{"0":{"loc":{"start":{"line":24,"column":6},"end":{"line":26,"column":7}},"type":"if","locations":[{"start":{"line":24,"column":6},"end":{"line":26,"column":7}},{"start":{},"end":{}}],"line":24},"1":{"loc":{"start":{"line":32,"column":6},"end":{"line":34,"column":7}},"type":"if","locations":[{"start":{"line":32,"column":6},"end":{"line":34,"column":7}},{"start":{},"end":{}}],"line":32},"2":{"loc":{"start":{"line":50,"column":6},"end":{"line":52,"column":7}},"type":"if","locations":[{"start":{"line":50,"column":6},"end":{"line":52,"column":7}},{"start":{},"end":{}}],"line":50},"3":{"loc":{"start":{"line":59,"column":6},"end":{"line":61,"column":7}},"type":"if","locations":[{"start":{"line":59,"column":6},"end":{"line":61,"column":7}},{"start":{},"end":{}}],"line":59}},"s":{"0":1,"1":0,"2":0,"3":0,"4":0,"5":0,"6":0,"7":0,"8":0,"9":0,"10":0,"11":0,"12":0,"13":0,"14":0,"15":0,"16":0,"17":0,"18":0,"19":0,"20":0,"21":0,"22":0,"23":0,"24":0,"25":0,"26":0,"27":0,"28":0,"29":0,"30":0,"31":0,"32":1},"f":{"0":0,"1":0,"2":0},"b":{"0":[0,0],"1":[0,0],"2":[0,0],"3":[0,0]},"_coverageSchema":"1a1c01bbd47fc00a2c39e90264f33305004495a9","hash":"542018a6b02ca39d2568aa595755700fe3f8cfa1"}
,"/Users/giovannigs/Documents/h8/gooroo-team-project/Server/services/app/controllers/StudentController.js": {"path":"/Users/giovannigs/Documents/h8/gooroo-team-project/Server/services/app/controllers/StudentController.js","statementMap":{"0":{"start":{"line":1,"column":49},"end":{"line":1,"column":69}},"1":{"start":{"line":6,"column":4},"end":{"line":20,"column":5}},"2":{"start":{"line":7,"column":21},"end":{"line":7,"column":29}},"3":{"start":{"line":8,"column":27},"end":{"line":8,"column":75}},"4":{"start":{"line":9,"column":6},"end":{"line":11,"column":7}},"5":{"start":{"line":10,"column":8},"end":{"line":10,"column":46}},"6":{"start":{"line":12,"column":25},"end":{"line":12,"column":35}},"7":{"start":{"line":13,"column":27},"end":{"line":13,"column":94}},"8":{"start":{"line":14,"column":23},"end":{"line":16,"column":8}},"9":{"start":{"line":15,"column":8},"end":{"line":15,"column":25}},"10":{"start":{"line":17,"column":6},"end":{"line":17,"column":36}},"11":{"start":{"line":19,"column":6},"end":{"line":19,"column":17}},"12":{"start":{"line":24,"column":4},"end":{"line":42,"column":5}},"13":{"start":{"line":25,"column":27},"end":{"line":25,"column":35}},"14":{"start":{"line":26,"column":27},"end":{"line":26,"column":75}},"15":{"start":{"line":27,"column":6},"end":{"line":29,"column":7}},"16":{"start":{"line":28,"column":8},"end":{"line":28,"column":39}},"17":{"start":{"line":30,"column":6},"end":{"line":32,"column":7}},"18":{"start":{"line":31,"column":8},"end":{"line":31,"column":35}},"19":{"start":{"line":33,"column":27},"end":{"line":33,"column":35}},"20":{"start":{"line":34,"column":22},"end":{"line":38,"column":8}},"21":{"start":{"line":39,"column":6},"end":{"line":39,"column":36}},"22":{"start":{"line":41,"column":6},"end":{"line":41,"column":18}},"23":{"start":{"line":45,"column":4},"end":{"line":57,"column":5}},"24":{"start":{"line":47,"column":27},"end":{"line":47,"column":35}},"25":{"start":{"line":48,"column":34},"end":{"line":48,"column":42}},"26":{"start":{"line":49,"column":22},"end":{"line":49,"column":66}},"27":{"start":{"line":50,"column":6},"end":{"line":52,"column":7}},"28":{"start":{"line":51,"column":8},"end":{"line":51,"column":46}},"29":{"start":{"line":53,"column":6},"end":{"line":53,"column":75}},"30":{"start":{"line":54,"column":6},"end":{"line":54,"column":76}},"31":{"start":{"line":56,"column":6},"end":{"line":56,"column":18}},"32":{"start":{"line":61,"column":4},"end":{"line":70,"column":5}},"33":{"start":{"line":62,"column":21},"end":{"line":62,"column":29}},"34":{"start":{"line":63,"column":22},"end":{"line":63,"column":69}},"35":{"start":{"line":64,"column":6},"end":{"line":66,"column":7}},"36":{"start":{"line":65,"column":8},"end":{"line":65,"column":46}},"37":{"start":{"line":67,"column":6},"end":{"line":67,"column":36}},"38":{"start":{"line":69,"column":6},"end":{"line":69,"column":18}},"39":{"start":{"line":74,"column":0},"end":{"line":74,"column":35}}},"fnMap":{"0":{"name":"(anonymous_0)","decl":{"start":{"line":5,"column":2},"end":{"line":5,"column":3}},"loc":{"start":{"line":5,"column":44},"end":{"line":21,"column":3}},"line":5},"1":{"name":"(anonymous_1)","decl":{"start":{"line":14,"column":40},"end":{"line":14,"column":41}},"loc":{"start":{"line":14,"column":48},"end":{"line":16,"column":7}},"line":14},"2":{"name":"(anonymous_2)","decl":{"start":{"line":23,"column":2},"end":{"line":23,"column":3}},"loc":{"start":{"line":23,"column":43},"end":{"line":43,"column":3}},"line":23},"3":{"name":"(anonymous_3)","decl":{"start":{"line":44,"column":2},"end":{"line":44,"column":3}},"loc":{"start":{"line":44,"column":43},"end":{"line":58,"column":3}},"line":44},"4":{"name":"(anonymous_4)","decl":{"start":{"line":60,"column":2},"end":{"line":60,"column":3}},"loc":{"start":{"line":60,"column":46},"end":{"line":71,"column":3}},"line":60}},"branchMap":{"0":{"loc":{"start":{"line":9,"column":6},"end":{"line":11,"column":7}},"type":"if","locations":[{"start":{"line":9,"column":6},"end":{"line":11,"column":7}},{"start":{},"end":{}}],"line":9},"1":{"loc":{"start":{"line":27,"column":6},"end":{"line":29,"column":7}},"type":"if","locations":[{"start":{"line":27,"column":6},"end":{"line":29,"column":7}},{"start":{},"end":{}}],"line":27},"2":{"loc":{"start":{"line":30,"column":6},"end":{"line":32,"column":7}},"type":"if","locations":[{"start":{"line":30,"column":6},"end":{"line":32,"column":7}},{"start":{},"end":{}}],"line":30},"3":{"loc":{"start":{"line":50,"column":6},"end":{"line":52,"column":7}},"type":"if","locations":[{"start":{"line":50,"column":6},"end":{"line":52,"column":7}},{"start":{},"end":{}}],"line":50},"4":{"loc":{"start":{"line":64,"column":6},"end":{"line":66,"column":7}},"type":"if","locations":[{"start":{"line":64,"column":6},"end":{"line":66,"column":7}},{"start":{},"end":{}}],"line":64}},"s":{"0":1,"1":0,"2":0,"3":0,"4":0,"5":0,"6":0,"7":0,"8":0,"9":0,"10":0,"11":0,"12":0,"13":0,"14":0,"15":0,"16":0,"17":0,"18":0,"19":0,"20":0,"21":0,"22":0,"23":0,"24":0,"25":0,"26":0,"27":0,"28":0,"29":0,"30":0,"31":0,"32":0,"33":0,"34":0,"35":0,"36":0,"37":0,"38":0,"39":1},"f":{"0":0,"1":0,"2":0,"3":0,"4":0},"b":{"0":[0,0],"1":[0,0],"2":[0,0],"3":[0,0],"4":[0,0]},"_coverageSchema":"1a1c01bbd47fc00a2c39e90264f33305004495a9","hash":"a9f2e10fe6a7758c57936b94ee611531d16b6dbf"}
,"/Users/giovannigs/Documents/h8/gooroo-team-project/Server/services/app/controllers/TeacherController.js": {"path":"/Users/giovannigs/Documents/h8/gooroo-team-project/Server/services/app/controllers/TeacherController.js","statementMap":{"0":{"start":{"line":1,"column":65},"end":{"line":1,"column":85}},"1":{"start":{"line":5,"column":4},"end":{"line":10,"column":5}},"2":{"start":{"line":6,"column":23},"end":{"line":6,"column":46}},"3":{"start":{"line":7,"column":6},"end":{"line":7,"column":37}},"4":{"start":{"line":9,"column":6},"end":{"line":9,"column":18}},"5":{"start":{"line":14,"column":4},"end":{"line":30,"column":5}},"6":{"start":{"line":15,"column":21},"end":{"line":15,"column":29}},"7":{"start":{"line":16,"column":6},"end":{"line":16,"column":32}},"8":{"start":{"line":17,"column":22},"end":{"line":23,"column":12}},"9":{"start":{"line":24,"column":6},"end":{"line":26,"column":7}},"10":{"start":{"line":25,"column":8},"end":{"line":25,"column":46}},"11":{"start":{"line":27,"column":6},"end":{"line":27,"column":36}},"12":{"start":{"line":29,"column":6},"end":{"line":29,"column":18}},"13":{"start":{"line":34,"column":4},"end":{"line":51,"column":5}},"14":{"start":{"line":35,"column":21},"end":{"line":35,"column":31}},"15":{"start":{"line":36,"column":22},"end":{"line":43,"column":8}},"16":{"start":{"line":44,"column":6},"end":{"line":46,"column":7}},"17":{"start":{"line":45,"column":8},"end":{"line":45,"column":46}},"18":{"start":{"line":47,"column":6},"end":{"line":47,"column":36}},"19":{"start":{"line":49,"column":6},"end":{"line":49,"column":25}},"20":{"start":{"line":50,"column":6},"end":{"line":50,"column":18}},"21":{"start":{"line":55,"column":4},"end":{"line":77,"column":5}},"22":{"start":{"line":56,"column":27},"end":{"line":56,"column":35}},"23":{"start":{"line":57,"column":6},"end":{"line":59,"column":7}},"24":{"start":{"line":58,"column":8},"end":{"line":58,"column":34}},"25":{"start":{"line":60,"column":27},"end":{"line":60,"column":75}},"26":{"start":{"line":62,"column":6},"end":{"line":64,"column":7}},"27":{"start":{"line":63,"column":8},"end":{"line":63,"column":39}},"28":{"start":{"line":66,"column":39},"end":{"line":66,"column":47}},"29":{"start":{"line":67,"column":22},"end":{"line":73,"column":8}},"30":{"start":{"line":74,"column":6},"end":{"line":74,"column":36}},"31":{"start":{"line":76,"column":6},"end":{"line":76,"column":18}},"32":{"start":{"line":80,"column":4},"end":{"line":95,"column":5}},"33":{"start":{"line":81,"column":27},"end":{"line":81,"column":35}},"34":{"start":{"line":82,"column":39},"end":{"line":82,"column":47}},"35":{"start":{"line":83,"column":22},"end":{"line":83,"column":65}},"36":{"start":{"line":84,"column":6},"end":{"line":86,"column":7}},"37":{"start":{"line":85,"column":8},"end":{"line":85,"column":46}},"38":{"start":{"line":88,"column":6},"end":{"line":91,"column":8}},"39":{"start":{"line":92,"column":6},"end":{"line":92,"column":76}},"40":{"start":{"line":94,"column":6},"end":{"line":94,"column":18}},"41":{"start":{"line":99,"column":0},"end":{"line":99,"column":28}}},"fnMap":{"0":{"name":"(anonymous_0)","decl":{"start":{"line":4,"column":2},"end":{"line":4,"column":3}},"loc":{"start":{"line":4,"column":47},"end":{"line":11,"column":3}},"line":4},"1":{"name":"(anonymous_1)","decl":{"start":{"line":13,"column":2},"end":{"line":13,"column":3}},"loc":{"start":{"line":13,"column":44},"end":{"line":31,"column":3}},"line":13},"2":{"name":"(anonymous_2)","decl":{"start":{"line":33,"column":2},"end":{"line":33,"column":3}},"loc":{"start":{"line":33,"column":46},"end":{"line":52,"column":3}},"line":33},"3":{"name":"(anonymous_3)","decl":{"start":{"line":54,"column":2},"end":{"line":54,"column":3}},"loc":{"start":{"line":54,"column":43},"end":{"line":78,"column":3}},"line":54},"4":{"name":"(anonymous_4)","decl":{"start":{"line":79,"column":2},"end":{"line":79,"column":3}},"loc":{"start":{"line":79,"column":43},"end":{"line":96,"column":3}},"line":79}},"branchMap":{"0":{"loc":{"start":{"line":24,"column":6},"end":{"line":26,"column":7}},"type":"if","locations":[{"start":{"line":24,"column":6},"end":{"line":26,"column":7}},{"start":{},"end":{}}],"line":24},"1":{"loc":{"start":{"line":44,"column":6},"end":{"line":46,"column":7}},"type":"if","locations":[{"start":{"line":44,"column":6},"end":{"line":46,"column":7}},{"start":{},"end":{}}],"line":44},"2":{"loc":{"start":{"line":57,"column":6},"end":{"line":59,"column":7}},"type":"if","locations":[{"start":{"line":57,"column":6},"end":{"line":59,"column":7}},{"start":{},"end":{}}],"line":57},"3":{"loc":{"start":{"line":62,"column":6},"end":{"line":64,"column":7}},"type":"if","locations":[{"start":{"line":62,"column":6},"end":{"line":64,"column":7}},{"start":{},"end":{}}],"line":62},"4":{"loc":{"start":{"line":84,"column":6},"end":{"line":86,"column":7}},"type":"if","locations":[{"start":{"line":84,"column":6},"end":{"line":86,"column":7}},{"start":{},"end":{}}],"line":84}},"s":{"0":1,"1":0,"2":0,"3":0,"4":0,"5":0,"6":0,"7":0,"8":0,"9":0,"10":0,"11":0,"12":0,"13":0,"14":0,"15":0,"16":0,"17":0,"18":0,"19":0,"20":0,"21":0,"22":0,"23":0,"24":0,"25":0,"26":0,"27":0,"28":0,"29":0,"30":0,"31":0,"32":0,"33":0,"34":0,"35":0,"36":0,"37":0,"38":0,"39":0,"40":0,"41":1},"f":{"0":0,"1":0,"2":0,"3":0,"4":0},"b":{"0":[0,0],"1":[0,0],"2":[0,0],"3":[0,0],"4":[0,0]},"_coverageSchema":"1a1c01bbd47fc00a2c39e90264f33305004495a9","hash":"c0c9f57e84e56fcc023a70c1029e5b8fccf47ff9"}
,"/Users/giovannigs/Documents/h8/gooroo-team-project/Server/services/app/controllers/TransactionController.js": {"path":"/Users/giovannigs/Documents/h8/gooroo-team-project/Server/services/app/controllers/TransactionController.js","statementMap":{"0":{"start":{"line":1,"column":53},"end":{"line":1,"column":88}},"1":{"start":{"line":2,"column":18},"end":{"line":2,"column":49}},"2":{"start":{"line":3,"column":80},"end":{"line":3,"column":100}},"3":{"start":{"line":7,"column":14},"end":{"line":7,"column":43}},"4":{"start":{"line":8,"column":4},"end":{"line":54,"column":7}},"5":{"start":{"line":9,"column":8},"end":{"line":11,"column":9}},"6":{"start":{"line":10,"column":12},"end":{"line":10,"column":40}},"7":{"start":{"line":12,"column":26},"end":{"line":12,"column":36}},"8":{"start":{"line":13,"column":23},"end":{"line":13,"column":34}},"9":{"start":{"line":14,"column":29},"end":{"line":14,"column":93}},"10":{"start":{"line":15,"column":27},"end":{"line":15,"column":94}},"11":{"start":{"line":16,"column":8},"end":{"line":18,"column":9}},"12":{"start":{"line":17,"column":12},"end":{"line":17,"column":48}},"13":{"start":{"line":19,"column":29},"end":{"line":19,"column":106}},"14":{"start":{"line":20,"column":33},"end":{"line":20,"column":145}},"15":{"start":{"line":21,"column":8},"end":{"line":23,"column":9}},"16":{"start":{"line":22,"column":12},"end":{"line":22,"column":44}},"17":{"start":{"line":24,"column":21},"end":{"line":24,"column":86}},"18":{"start":{"line":25,"column":23},"end":{"line":25,"column":50}},"19":{"start":{"line":26,"column":8},"end":{"line":28,"column":9}},"20":{"start":{"line":27,"column":12},"end":{"line":27,"column":40}},"21":{"start":{"line":29,"column":8},"end":{"line":31,"column":9}},"22":{"start":{"line":30,"column":10},"end":{"line":30,"column":47}},"23":{"start":{"line":32,"column":8},"end":{"line":36,"column":10}},"24":{"start":{"line":37,"column":35},"end":{"line":40,"column":9}},"25":{"start":{"line":41,"column":25},"end":{"line":41,"column":54}},"26":{"start":{"line":42,"column":8},"end":{"line":48,"column":11}},"27":{"start":{"line":49,"column":8},"end":{"line":49,"column":25}},"28":{"start":{"line":50,"column":8},"end":{"line":50,"column":49}},"29":{"start":{"line":52,"column":8},"end":{"line":52,"column":27}},"30":{"start":{"line":53,"column":8},"end":{"line":53,"column":20}},"31":{"start":{"line":58,"column":14},"end":{"line":58,"column":43}},"32":{"start":{"line":59,"column":4},"end":{"line":112,"column":5}},"33":{"start":{"line":60,"column":26},"end":{"line":60,"column":36}},"34":{"start":{"line":61,"column":27},"end":{"line":64,"column":7}},"35":{"start":{"line":65,"column":25},"end":{"line":68,"column":7}},"36":{"start":{"line":69,"column":6},"end":{"line":71,"column":7}},"37":{"start":{"line":70,"column":8},"end":{"line":70,"column":44}},"38":{"start":{"line":72,"column":6},"end":{"line":74,"column":7}},"39":{"start":{"line":73,"column":8},"end":{"line":73,"column":44}},"40":{"start":{"line":75,"column":6},"end":{"line":79,"column":8}},"41":{"start":{"line":80,"column":21},"end":{"line":80,"column":59}},"42":{"start":{"line":81,"column":27},"end":{"line":84,"column":7}},"43":{"start":{"line":85,"column":6},"end":{"line":88,"column":8}},"44":{"start":{"line":89,"column":23},"end":{"line":93,"column":8}},"45":{"start":{"line":94,"column":23},"end":{"line":94,"column":37}},"46":{"start":{"line":95,"column":6},"end":{"line":104,"column":8}},"47":{"start":{"line":105,"column":6},"end":{"line":105,"column":23}},"48":{"start":{"line":106,"column":6},"end":{"line":108,"column":75}},"49":{"start":{"line":110,"column":6},"end":{"line":110,"column":25}},"50":{"start":{"line":111,"column":6},"end":{"line":111,"column":18}},"51":{"start":{"line":116,"column":4},"end":{"line":128,"column":5}},"52":{"start":{"line":117,"column":21},"end":{"line":117,"column":31}},"53":{"start":{"line":118,"column":31},"end":{"line":121,"column":8}},"54":{"start":{"line":122,"column":6},"end":{"line":124,"column":7}},"55":{"start":{"line":123,"column":8},"end":{"line":123,"column":46}},"56":{"start":{"line":125,"column":6},"end":{"line":125,"column":45}},"57":{"start":{"line":127,"column":6},"end":{"line":127,"column":18}},"58":{"start":{"line":132,"column":14},"end":{"line":132,"column":43}},"59":{"start":{"line":133,"column":4},"end":{"line":177,"column":5}},"60":{"start":{"line":134,"column":6},"end":{"line":136,"column":7}},"61":{"start":{"line":135,"column":8},"end":{"line":135,"column":36}},"62":{"start":{"line":137,"column":21},"end":{"line":137,"column":31}},"63":{"start":{"line":138,"column":22},"end":{"line":141,"column":7}},"64":{"start":{"line":142,"column":36},"end":{"line":142,"column":44}},"65":{"start":{"line":143,"column":6},"end":{"line":145,"column":7}},"66":{"start":{"line":144,"column":8},"end":{"line":144,"column":43}},"67":{"start":{"line":146,"column":31},"end":{"line":149,"column":7}},"68":{"start":{"line":150,"column":6},"end":{"line":152,"column":7}},"69":{"start":{"line":151,"column":8},"end":{"line":151,"column":46}},"70":{"start":{"line":153,"column":6},"end":{"line":157,"column":8}},"71":{"start":{"line":158,"column":33},"end":{"line":160,"column":7}},"72":{"start":{"line":161,"column":6},"end":{"line":165,"column":8}},"73":{"start":{"line":166,"column":50},"end":{"line":168,"column":7}},"74":{"start":{"line":169,"column":6},"end":{"line":173,"column":8}},"75":{"start":{"line":174,"column":6},"end":{"line":174,"column":70}},"76":{"start":{"line":176,"column":6},"end":{"line":176,"column":18}},"77":{"start":{"line":181,"column":0},"end":{"line":181,"column":28}}},"fnMap":{"0":{"name":"(anonymous_0)","decl":{"start":{"line":6,"column":2},"end":{"line":6,"column":3}},"loc":{"start":{"line":6,"column":42},"end":{"line":55,"column":3}},"line":6},"1":{"name":"(anonymous_1)","decl":{"start":{"line":57,"column":2},"end":{"line":57,"column":3}},"loc":{"start":{"line":57,"column":50},"end":{"line":113,"column":3}},"line":57},"2":{"name":"(anonymous_2)","decl":{"start":{"line":115,"column":2},"end":{"line":115,"column":3}},"loc":{"start":{"line":115,"column":50},"end":{"line":129,"column":3}},"line":115},"3":{"name":"(anonymous_3)","decl":{"start":{"line":131,"column":2},"end":{"line":131,"column":3}},"loc":{"start":{"line":131,"column":47},"end":{"line":178,"column":3}},"line":131}},"branchMap":{"0":{"loc":{"start":{"line":9,"column":8},"end":{"line":11,"column":9}},"type":"if","locations":[{"start":{"line":9,"column":8},"end":{"line":11,"column":9}},{"start":{},"end":{}}],"line":9},"1":{"loc":{"start":{"line":16,"column":8},"end":{"line":18,"column":9}},"type":"if","locations":[{"start":{"line":16,"column":8},"end":{"line":18,"column":9}},{"start":{},"end":{}}],"line":16},"2":{"loc":{"start":{"line":21,"column":8},"end":{"line":23,"column":9}},"type":"if","locations":[{"start":{"line":21,"column":8},"end":{"line":23,"column":9}},{"start":{},"end":{}}],"line":21},"3":{"loc":{"start":{"line":26,"column":8},"end":{"line":28,"column":9}},"type":"if","locations":[{"start":{"line":26,"column":8},"end":{"line":28,"column":9}},{"start":{},"end":{}}],"line":26},"4":{"loc":{"start":{"line":29,"column":8},"end":{"line":31,"column":9}},"type":"if","locations":[{"start":{"line":29,"column":8},"end":{"line":31,"column":9}},{"start":{},"end":{}}],"line":29},"5":{"loc":{"start":{"line":69,"column":6},"end":{"line":71,"column":7}},"type":"if","locations":[{"start":{"line":69,"column":6},"end":{"line":71,"column":7}},{"start":{},"end":{}}],"line":69},"6":{"loc":{"start":{"line":72,"column":6},"end":{"line":74,"column":7}},"type":"if","locations":[{"start":{"line":72,"column":6},"end":{"line":74,"column":7}},{"start":{},"end":{}}],"line":72},"7":{"loc":{"start":{"line":122,"column":6},"end":{"line":124,"column":7}},"type":"if","locations":[{"start":{"line":122,"column":6},"end":{"line":124,"column":7}},{"start":{},"end":{}}],"line":122},"8":{"loc":{"start":{"line":134,"column":6},"end":{"line":136,"column":7}},"type":"if","locations":[{"start":{"line":134,"column":6},"end":{"line":136,"column":7}},{"start":{},"end":{}}],"line":134},"9":{"loc":{"start":{"line":143,"column":6},"end":{"line":145,"column":7}},"type":"if","locations":[{"start":{"line":143,"column":6},"end":{"line":145,"column":7}},{"start":{},"end":{}}],"line":143},"10":{"loc":{"start":{"line":143,"column":10},"end":{"line":143,"column":31}},"type":"binary-expr","locations":[{"start":{"line":143,"column":10},"end":{"line":143,"column":20}},{"start":{"line":143,"column":24},"end":{"line":143,"column":31}}],"line":143},"11":{"loc":{"start":{"line":150,"column":6},"end":{"line":152,"column":7}},"type":"if","locations":[{"start":{"line":150,"column":6},"end":{"line":152,"column":7}},{"start":{},"end":{}}],"line":150}},"s":{"0":1,"1":1,"2":1,"3":0,"4":0,"5":0,"6":0,"7":0,"8":0,"9":0,"10":0,"11":0,"12":0,"13":0,"14":0,"15":0,"16":0,"17":0,"18":0,"19":0,"20":0,"21":0,"22":0,"23":0,"24":0,"25":0,"26":0,"27":0,"28":0,"29":0,"30":0,"31":0,"32":0,"33":0,"34":0,"35":0,"36":0,"37":0,"38":0,"39":0,"40":0,"41":0,"42":0,"43":0,"44":0,"45":0,"46":0,"47":0,"48":0,"49":0,"50":0,"51":0,"52":0,"53":0,"54":0,"55":0,"56":0,"57":0,"58":0,"59":0,"60":0,"61":0,"62":0,"63":0,"64":0,"65":0,"66":0,"67":0,"68":0,"69":0,"70":0,"71":0,"72":0,"73":0,"74":0,"75":0,"76":0,"77":1},"f":{"0":0,"1":0,"2":0,"3":0},"b":{"0":[0,0],"1":[0,0],"2":[0,0],"3":[0,0],"4":[0,0],"5":[0,0],"6":[0,0],"7":[0,0],"8":[0,0],"9":[0,0],"10":[0,0],"11":[0,0]},"_coverageSchema":"1a1c01bbd47fc00a2c39e90264f33305004495a9","hash":"6dbe17f5c11a55cb33cc08e8a367b546abcfd28d"}
,"/Users/giovannigs/Documents/h8/gooroo-team-project/Server/services/app/controllers/userController.js": {"path":"/Users/giovannigs/Documents/h8/gooroo-team-project/Server/services/app/controllers/userController.js","statementMap":{"0":{"start":{"line":1,"column":24},"end":{"line":1,"column":52}},"1":{"start":{"line":2,"column":24},"end":{"line":2,"column":49}},"2":{"start":{"line":3,"column":40},"end":{"line":3,"column":60}},"3":{"start":{"line":5,"column":23},"end":{"line":5,"column":49}},"4":{"start":{"line":9,"column":4},"end":{"line":15,"column":5}},"5":{"start":{"line":10,"column":50},"end":{"line":10,"column":58}},"6":{"start":{"line":11,"column":22},"end":{"line":11,"column":76}},"7":{"start":{"line":12,"column":6},"end":{"line":12,"column":69}},"8":{"start":{"line":14,"column":6},"end":{"line":14,"column":18}},"9":{"start":{"line":18,"column":4},"end":{"line":43,"column":5}},"10":{"start":{"line":19,"column":34},"end":{"line":19,"column":42}},"11":{"start":{"line":20,"column":6},"end":{"line":22,"column":7}},"12":{"start":{"line":21,"column":8},"end":{"line":21,"column":40}},"13":{"start":{"line":23,"column":19},"end":{"line":23,"column":59}},"14":{"start":{"line":24,"column":6},"end":{"line":26,"column":7}},"15":{"start":{"line":25,"column":8},"end":{"line":25,"column":40}},"16":{"start":{"line":27,"column":28},"end":{"line":27,"column":64}},"17":{"start":{"line":28,"column":6},"end":{"line":30,"column":7}},"18":{"start":{"line":29,"column":8},"end":{"line":29,"column":40}},"19":{"start":{"line":31,"column":22},"end":{"line":34,"column":7}},"20":{"start":{"line":35,"column":27},"end":{"line":35,"column":47}},"21":{"start":{"line":36,"column":6},"end":{"line":40,"column":9}},"22":{"start":{"line":42,"column":6},"end":{"line":42,"column":18}},"23":{"start":{"line":47,"column":4},"end":{"line":80,"column":5}},"24":{"start":{"line":48,"column":24},"end":{"line":48,"column":32}},"25":{"start":{"line":49,"column":23},"end":{"line":54,"column":8}},"26":{"start":{"line":56,"column":17},"end":{"line":59,"column":8}},"27":{"start":{"line":61,"column":22},"end":{"line":73,"column":7}},"28":{"start":{"line":75,"column":6},"end":{"line":77,"column":9}},"29":{"start":{"line":76,"column":8},"end":{"line":76,"column":46}},"30":{"start":{"line":79,"column":6},"end":{"line":79,"column":18}},"31":{"start":{"line":84,"column":4},"end":{"line":111,"column":5}},"32":{"start":{"line":85,"column":24},"end":{"line":85,"column":32}},"33":{"start":{"line":86,"column":21},"end":{"line":86,"column":29}},"34":{"start":{"line":87,"column":23},"end":{"line":91,"column":8}},"35":{"start":{"line":92,"column":21},"end":{"line":92,"column":45}},"36":{"start":{"line":93,"column":6},"end":{"line":100,"column":8}},"37":{"start":{"line":101,"column":6},"end":{"line":107,"column":9}},"38":{"start":{"line":108,"column":6},"end":{"line":108,"column":79}},"39":{"start":{"line":110,"column":6},"end":{"line":110,"column":18}},"40":{"start":{"line":115,"column":0},"end":{"line":115,"column":32}}},"fnMap":{"0":{"name":"(anonymous_0)","decl":{"start":{"line":8,"column":2},"end":{"line":8,"column":3}},"loc":{"start":{"line":8,"column":40},"end":{"line":16,"column":3}},"line":8},"1":{"name":"(anonymous_1)","decl":{"start":{"line":17,"column":2},"end":{"line":17,"column":3}},"loc":{"start":{"line":17,"column":37},"end":{"line":44,"column":3}},"line":17},"2":{"name":"(anonymous_2)","decl":{"start":{"line":46,"column":2},"end":{"line":46,"column":3}},"loc":{"start":{"line":46,"column":37},"end":{"line":81,"column":3}},"line":46},"3":{"name":"(anonymous_3)","decl":{"start":{"line":75,"column":45},"end":{"line":75,"column":46}},"loc":{"start":{"line":75,"column":62},"end":{"line":77,"column":7}},"line":75},"4":{"name":"(anonymous_4)","decl":{"start":{"line":83,"column":2},"end":{"line":83,"column":3}},"loc":{"start":{"line":83,"column":43},"end":{"line":112,"column":3}},"line":83}},"branchMap":{"0":{"loc":{"start":{"line":20,"column":6},"end":{"line":22,"column":7}},"type":"if","locations":[{"start":{"line":20,"column":6},"end":{"line":22,"column":7}},{"start":{},"end":{}}],"line":20},"1":{"loc":{"start":{"line":20,"column":10},"end":{"line":20,"column":29}},"type":"binary-expr","locations":[{"start":{"line":20,"column":10},"end":{"line":20,"column":16}},{"start":{"line":20,"column":20},"end":{"line":20,"column":29}}],"line":20},"2":{"loc":{"start":{"line":24,"column":6},"end":{"line":26,"column":7}},"type":"if","locations":[{"start":{"line":24,"column":6},"end":{"line":26,"column":7}},{"start":{},"end":{}}],"line":24},"3":{"loc":{"start":{"line":28,"column":6},"end":{"line":30,"column":7}},"type":"if","locations":[{"start":{"line":28,"column":6},"end":{"line":30,"column":7}},{"start":{},"end":{}}],"line":28}},"s":{"0":1,"1":1,"2":1,"3":1,"4":0,"5":0,"6":0,"7":0,"8":0,"9":0,"10":0,"11":0,"12":0,"13":0,"14":0,"15":0,"16":0,"17":0,"18":0,"19":0,"20":0,"21":0,"22":0,"23":0,"24":0,"25":0,"26":0,"27":0,"28":0,"29":0,"30":0,"31":0,"32":0,"33":0,"34":0,"35":0,"36":0,"37":0,"38":0,"39":0,"40":1},"f":{"0":0,"1":0,"2":0,"3":0,"4":0},"b":{"0":[0,0],"1":[0,0],"2":[0,0],"3":[0,0]},"_coverageSchema":"1a1c01bbd47fc00a2c39e90264f33305004495a9","hash":"f4fc044a42001f3b5140a8f48c6f7f82f127afe2"}
,"/Users/giovannigs/Documents/h8/gooroo-team-project/Server/services/app/controllers/wishlistController.js": {"path":"/Users/giovannigs/Documents/h8/gooroo-team-project/Server/services/app/controllers/wishlistController.js","statementMap":{"0":{"start":{"line":2,"column":46},"end":{"line":2,"column":66}},"1":{"start":{"line":7,"column":4},"end":{"line":39,"column":5}},"2":{"start":{"line":8,"column":6},"end":{"line":10,"column":7}},"3":{"start":{"line":9,"column":8},"end":{"line":9,"column":36}},"4":{"start":{"line":11,"column":26},"end":{"line":11,"column":36}},"5":{"start":{"line":13,"column":21},"end":{"line":13,"column":29}},"6":{"start":{"line":14,"column":26},"end":{"line":14,"column":74}},"7":{"start":{"line":15,"column":24},"end":{"line":15,"column":38}},"8":{"start":{"line":16,"column":24},"end":{"line":20,"column":8}},"9":{"start":{"line":21,"column":6},"end":{"line":23,"column":7}},"10":{"start":{"line":22,"column":8},"end":{"line":22,"column":42}},"11":{"start":{"line":24,"column":27},"end":{"line":29,"column":8}},"12":{"start":{"line":30,"column":6},"end":{"line":32,"column":7}},"13":{"start":{"line":31,"column":8},"end":{"line":31,"column":34}},"14":{"start":{"line":33,"column":6},"end":{"line":33,"column":52}},"15":{"start":{"line":34,"column":6},"end":{"line":36,"column":72}},"16":{"start":{"line":38,"column":6},"end":{"line":38,"column":18}},"17":{"start":{"line":43,"column":4},"end":{"line":63,"column":5}},"18":{"start":{"line":44,"column":6},"end":{"line":46,"column":7}},"19":{"start":{"line":45,"column":8},"end":{"line":45,"column":36}},"20":{"start":{"line":47,"column":21},"end":{"line":47,"column":29}},"21":{"start":{"line":48,"column":26},"end":{"line":48,"column":74}},"22":{"start":{"line":49,"column":23},"end":{"line":59,"column":8}},"23":{"start":{"line":60,"column":6},"end":{"line":60,"column":37}},"24":{"start":{"line":62,"column":6},"end":{"line":62,"column":18}},"25":{"start":{"line":67,"column":4},"end":{"line":75,"column":5}},"26":{"start":{"line":68,"column":29},"end":{"line":68,"column":39}},"27":{"start":{"line":69,"column":23},"end":{"line":69,"column":76}},"28":{"start":{"line":71,"column":6},"end":{"line":71,"column":60}},"29":{"start":{"line":72,"column":6},"end":{"line":72,"column":67}},"30":{"start":{"line":74,"column":6},"end":{"line":74,"column":18}},"31":{"start":{"line":78,"column":0},"end":{"line":78,"column":28}}},"fnMap":{"0":{"name":"(anonymous_0)","decl":{"start":{"line":6,"column":2},"end":{"line":6,"column":3}},"loc":{"start":{"line":6,"column":43},"end":{"line":40,"column":3}},"line":6},"1":{"name":"(anonymous_1)","decl":{"start":{"line":42,"column":2},"end":{"line":42,"column":3}},"loc":{"start":{"line":42,"column":43},"end":{"line":64,"column":3}},"line":42},"2":{"name":"(anonymous_2)","decl":{"start":{"line":66,"column":2},"end":{"line":66,"column":3}},"loc":{"start":{"line":66,"column":46},"end":{"line":76,"column":3}},"line":66}},"branchMap":{"0":{"loc":{"start":{"line":8,"column":6},"end":{"line":10,"column":7}},"type":"if","locations":[{"start":{"line":8,"column":6},"end":{"line":10,"column":7}},{"start":{},"end":{}}],"line":8},"1":{"loc":{"start":{"line":21,"column":6},"end":{"line":23,"column":7}},"type":"if","locations":[{"start":{"line":21,"column":6},"end":{"line":23,"column":7}},{"start":{},"end":{}}],"line":21},"2":{"loc":{"start":{"line":30,"column":6},"end":{"line":32,"column":7}},"type":"if","locations":[{"start":{"line":30,"column":6},"end":{"line":32,"column":7}},{"start":{},"end":{}}],"line":30},"3":{"loc":{"start":{"line":44,"column":6},"end":{"line":46,"column":7}},"type":"if","locations":[{"start":{"line":44,"column":6},"end":{"line":46,"column":7}},{"start":{},"end":{}}],"line":44}},"s":{"0":1,"1":0,"2":0,"3":0,"4":0,"5":0,"6":0,"7":0,"8":0,"9":0,"10":0,"11":0,"12":0,"13":0,"14":0,"15":0,"16":0,"17":0,"18":0,"19":0,"20":0,"21":0,"22":0,"23":0,"24":0,"25":0,"26":0,"27":0,"28":0,"29":0,"30":0,"31":1},"f":{"0":0,"1":0,"2":0},"b":{"0":[0,0],"1":[0,0],"2":[0,0],"3":[0,0]},"_coverageSchema":"1a1c01bbd47fc00a2c39e90264f33305004495a9","hash":"b81f8fb514dbf0ae278a8c06b124717418f2c592"}
,"/Users/giovannigs/Documents/h8/gooroo-team-project/Server/services/app/helpers/averageRating.js": {"path":"/Users/giovannigs/Documents/h8/gooroo-team-project/Server/services/app/helpers/averageRating.js","statementMap":{"0":{"start":{"line":1,"column":40},"end":{"line":1,"column":60}},"1":{"start":{"line":4,"column":21},"end":{"line":4,"column":68}},"2":{"start":{"line":5,"column":23},"end":{"line":5,"column":87}},"3":{"start":{"line":6,"column":4},"end":{"line":6,"column":62}},"4":{"start":{"line":6,"column":47},"end":{"line":6,"column":61}},"5":{"start":{"line":7,"column":18},"end":{"line":7,"column":59}},"6":{"start":{"line":7,"column":41},"end":{"line":7,"column":58}},"7":{"start":{"line":8,"column":26},"end":{"line":8,"column":90}},"8":{"start":{"line":8,"column":52},"end":{"line":8,"column":57}},"9":{"start":{"line":9,"column":4},"end":{"line":9,"column":24}},"10":{"start":{"line":13,"column":21},"end":{"line":13,"column":68}},"11":{"start":{"line":14,"column":18},"end":{"line":14,"column":80}},"12":{"start":{"line":15,"column":18},"end":{"line":15,"column":75}},"13":{"start":{"line":16,"column":4},"end":{"line":16,"column":61}},"14":{"start":{"line":16,"column":37},"end":{"line":16,"column":60}},"15":{"start":{"line":17,"column":18},"end":{"line":17,"column":61}},"16":{"start":{"line":17,"column":36},"end":{"line":17,"column":60}},"17":{"start":{"line":18,"column":26},"end":{"line":18,"column":90}},"18":{"start":{"line":18,"column":52},"end":{"line":18,"column":57}},"19":{"start":{"line":19,"column":4},"end":{"line":19,"column":71}},"20":{"start":{"line":22,"column":0},"end":{"line":22,"column":61}}},"fnMap":{"0":{"name":"classAverageRating","decl":{"start":{"line":3,"column":15},"end":{"line":3,"column":33}},"loc":{"start":{"line":3,"column":44},"end":{"line":10,"column":1}},"line":3},"1":{"name":"(anonymous_1)","decl":{"start":{"line":6,"column":39},"end":{"line":6,"column":40}},"loc":{"start":{"line":6,"column":47},"end":{"line":6,"column":61}},"line":6},"2":{"name":"(anonymous_2)","decl":{"start":{"line":7,"column":35},"end":{"line":7,"column":36}},"loc":{"start":{"line":7,"column":41},"end":{"line":7,"column":58}},"line":7},"3":{"name":"(anonymous_3)","decl":{"start":{"line":8,"column":42},"end":{"line":8,"column":43}},"loc":{"start":{"line":8,"column":52},"end":{"line":8,"column":57}},"line":8},"4":{"name":"teacherAverageRating","decl":{"start":{"line":12,"column":15},"end":{"line":12,"column":35}},"loc":{"start":{"line":12,"column":45},"end":{"line":20,"column":1}},"line":12},"5":{"name":"(anonymous_5)","decl":{"start":{"line":16,"column":29},"end":{"line":16,"column":30}},"loc":{"start":{"line":16,"column":37},"end":{"line":16,"column":60}},"line":16},"6":{"name":"(anonymous_6)","decl":{"start":{"line":17,"column":30},"end":{"line":17,"column":31}},"loc":{"start":{"line":17,"column":36},"end":{"line":17,"column":60}},"line":17},"7":{"name":"(anonymous_7)","decl":{"start":{"line":18,"column":42},"end":{"line":18,"column":43}},"loc":{"start":{"line":18,"column":52},"end":{"line":18,"column":57}},"line":18}},"branchMap":{},"s":{"0":1,"1":0,"2":0,"3":0,"4":0,"5":0,"6":0,"7":0,"8":0,"9":0,"10":0,"11":0,"12":0,"13":0,"14":0,"15":0,"16":0,"17":0,"18":0,"19":0,"20":1},"f":{"0":0,"1":0,"2":0,"3":0,"4":0,"5":0,"6":0,"7":0},"b":{},"_coverageSchema":"1a1c01bbd47fc00a2c39e90264f33305004495a9","hash":"9240165e59b05b97cd496700ab3d2be2d48f096d"}
,"/Users/giovannigs/Documents/h8/gooroo-team-project/Server/services/app/helpers/bcrypt.js": {"path":"/Users/giovannigs/Documents/h8/gooroo-team-project/Server/services/app/helpers/bcrypt.js","statementMap":{"0":{"start":{"line":1,"column":13},"end":{"line":1,"column":32}},"1":{"start":{"line":4,"column":13},"end":{"line":4,"column":35}},"2":{"start":{"line":5,"column":13},"end":{"line":5,"column":40}},"3":{"start":{"line":6,"column":2},"end":{"line":6,"column":14}},"4":{"start":{"line":10,"column":2},"end":{"line":10,"column":46}},"5":{"start":{"line":13,"column":0},"end":{"line":13,"column":43}}},"fnMap":{"0":{"name":"hashPass","decl":{"start":{"line":3,"column":9},"end":{"line":3,"column":17}},"loc":{"start":{"line":3,"column":24},"end":{"line":7,"column":1}},"line":3},"1":{"name":"comparePass","decl":{"start":{"line":9,"column":9},"end":{"line":9,"column":20}},"loc":{"start":{"line":9,"column":39},"end":{"line":11,"column":1}},"line":9}},"branchMap":{},"s":{"0":1,"1":0,"2":0,"3":0,"4":0,"5":1},"f":{"0":0,"1":0},"b":{},"_coverageSchema":"1a1c01bbd47fc00a2c39e90264f33305004495a9","hash":"343490428825586b7f46b6791a2ee04c452dd4e7"}
,"/Users/giovannigs/Documents/h8/gooroo-team-project/Server/services/app/helpers/fullQuota.js": {"path":"/Users/giovannigs/Documents/h8/gooroo-team-project/Server/services/app/helpers/fullQuota.js","statementMap":{"0":{"start":{"line":1,"column":29},"end":{"line":1,"column":49}},"1":{"start":{"line":4,"column":25},"end":{"line":4,"column":89}},"2":{"start":{"line":5,"column":4},"end":{"line":7,"column":5}},"3":{"start":{"line":6,"column":8},"end":{"line":6,"column":19}},"4":{"start":{"line":8,"column":4},"end":{"line":8,"column":16}},"5":{"start":{"line":11,"column":0},"end":{"line":11,"column":26}}},"fnMap":{"0":{"name":"fullQuota","decl":{"start":{"line":3,"column":15},"end":{"line":3,"column":24}},"loc":{"start":{"line":3,"column":37},"end":{"line":9,"column":1}},"line":3}},"branchMap":{"0":{"loc":{"start":{"line":5,"column":4},"end":{"line":7,"column":5}},"type":"if","locations":[{"start":{"line":5,"column":4},"end":{"line":7,"column":5}},{"start":{},"end":{}}],"line":5}},"s":{"0":1,"1":0,"2":0,"3":0,"4":0,"5":1},"f":{"0":0},"b":{"0":[0,0]},"_coverageSchema":"1a1c01bbd47fc00a2c39e90264f33305004495a9","hash":"d8740591a26fd99e20c41dfa4e49ed40670fda72"}
,"/Users/giovannigs/Documents/h8/gooroo-team-project/Server/services/app/helpers/jwt.js": {"path":"/Users/giovannigs/Documents/h8/gooroo-team-project/Server/services/app/helpers/jwt.js","statementMap":{"0":{"start":{"line":1,"column":12},"end":{"line":1,"column":35}},"1":{"start":{"line":2,"column":15},"end":{"line":2,"column":24}},"2":{"start":{"line":5,"column":2},"end":{"line":5,"column":35}},"3":{"start":{"line":8,"column":2},"end":{"line":8,"column":35}},"4":{"start":{"line":11,"column":0},"end":{"line":14,"column":2}}},"fnMap":{"0":{"name":"createToken","decl":{"start":{"line":4,"column":9},"end":{"line":4,"column":20}},"loc":{"start":{"line":4,"column":30},"end":{"line":6,"column":1}},"line":4},"1":{"name":"verifyToken","decl":{"start":{"line":7,"column":9},"end":{"line":7,"column":20}},"loc":{"start":{"line":7,"column":28},"end":{"line":9,"column":1}},"line":7}},"branchMap":{},"s":{"0":1,"1":1,"2":2,"3":20,"4":1},"f":{"0":2,"1":20},"b":{},"_coverageSchema":"1a1c01bbd47fc00a2c39e90264f33305004495a9","hash":"83425d3cb70a132212f3853a9f2e216f47d8ec8f"}
,"/Users/giovannigs/Documents/h8/gooroo-team-project/Server/services/app/helpers/multer.js": {"path":"/Users/giovannigs/Documents/h8/gooroo-team-project/Server/services/app/helpers/multer.js","statementMap":{"0":{"start":{"line":1,"column":15},"end":{"line":1,"column":32}},"1":{"start":{"line":3,"column":16},"end":{"line":10,"column":2}},"2":{"start":{"line":5,"column":8},"end":{"line":5,"column":30}},"3":{"start":{"line":8,"column":8},"end":{"line":8,"column":35}},"4":{"start":{"line":12,"column":15},"end":{"line":12,"column":43}},"5":{"start":{"line":14,"column":0},"end":{"line":14,"column":23}}},"fnMap":{"0":{"name":"(anonymous_0)","decl":{"start":{"line":4,"column":17},"end":{"line":4,"column":18}},"loc":{"start":{"line":4,"column":42},"end":{"line":6,"column":5}},"line":4},"1":{"name":"(anonymous_1)","decl":{"start":{"line":7,"column":14},"end":{"line":7,"column":15}},"loc":{"start":{"line":7,"column":39},"end":{"line":9,"column":5}},"line":7}},"branchMap":{},"s":{"0":1,"1":1,"2":0,"3":0,"4":1,"5":1},"f":{"0":0,"1":0},"b":{},"_coverageSchema":"1a1c01bbd47fc00a2c39e90264f33305004495a9","hash":"700e2d3528d959376b73e53faccd1c1510e91a5a"}
,"/Users/giovannigs/Documents/h8/gooroo-team-project/Server/services/app/middlewares/authentication.js": {"path":"/Users/giovannigs/Documents/h8/gooroo-team-project/Server/services/app/middlewares/authentication.js","statementMap":{"0":{"start":{"line":1,"column":17},"end":{"line":1,"column":37}},"1":{"start":{"line":2,"column":24},"end":{"line":2,"column":49}},"2":{"start":{"line":4,"column":23},"end":{"line":24,"column":1}},"3":{"start":{"line":5,"column":2},"end":{"line":23,"column":3}},"4":{"start":{"line":6,"column":29},"end":{"line":6,"column":40}},"5":{"start":{"line":7,"column":4},"end":{"line":9,"column":5}},"6":{"start":{"line":8,"column":6},"end":{"line":8,"column":38}},"7":{"start":{"line":10,"column":20},"end":{"line":10,"column":45}},"8":{"start":{"line":11,"column":17},"end":{"line":11,"column":48}},"9":{"start":{"line":12,"column":4},"end":{"line":14,"column":5}},"10":{"start":{"line":13,"column":6},"end":{"line":13,"column":38}},"11":{"start":{"line":15,"column":4},"end":{"line":19,"column":6}},"12":{"start":{"line":20,"column":4},"end":{"line":20,"column":11}},"13":{"start":{"line":22,"column":4},"end":{"line":22,"column":16}},"14":{"start":{"line":26,"column":0},"end":{"line":26,"column":32}}},"fnMap":{"0":{"name":"(anonymous_0)","decl":{"start":{"line":4,"column":23},"end":{"line":4,"column":24}},"loc":{"start":{"line":4,"column":49},"end":{"line":24,"column":1}},"line":4}},"branchMap":{"0":{"loc":{"start":{"line":7,"column":4},"end":{"line":9,"column":5}},"type":"if","locations":[{"start":{"line":7,"column":4},"end":{"line":9,"column":5}},{"start":{},"end":{}}],"line":7},"1":{"loc":{"start":{"line":12,"column":4},"end":{"line":14,"column":5}},"type":"if","locations":[{"start":{"line":12,"column":4},"end":{"line":14,"column":5}},{"start":{},"end":{}}],"line":12}},"s":{"0":1,"1":1,"2":1,"3":20,"4":20,"5":20,"6":0,"7":20,"8":15,"9":15,"10":0,"11":15,"12":15,"13":5,"14":1},"f":{"0":20},"b":{"0":[0,20],"1":[0,15]},"_coverageSchema":"1a1c01bbd47fc00a2c39e90264f33305004495a9","hash":"f8a6f7158de92f625a23a83103f77e5346b20423"}
,"/Users/giovannigs/Documents/h8/gooroo-team-project/Server/services/app/middlewares/authorization.js": {"path":"/Users/giovannigs/Documents/h8/gooroo-team-project/Server/services/app/middlewares/authorization.js","statementMap":{"0":{"start":{"line":1,"column":46},"end":{"line":1,"column":66}},"1":{"start":{"line":3,"column":20},"end":{"line":27,"column":1}},"2":{"start":{"line":4,"column":2},"end":{"line":26,"column":3}},"3":{"start":{"line":5,"column":27},"end":{"line":5,"column":37}},"4":{"start":{"line":6,"column":25},"end":{"line":10,"column":6}},"5":{"start":{"line":11,"column":4},"end":{"line":13,"column":5}},"6":{"start":{"line":12,"column":6},"end":{"line":12,"column":43}},"7":{"start":{"line":14,"column":24},"end":{"line":18,"column":6}},"8":{"start":{"line":19,"column":21},"end":{"line":19,"column":29}},"9":{"start":{"line":20,"column":4},"end":{"line":22,"column":5}},"10":{"start":{"line":21,"column":6},"end":{"line":21,"column":34}},"11":{"start":{"line":23,"column":4},"end":{"line":23,"column":11}},"12":{"start":{"line":25,"column":4},"end":{"line":25,"column":16}},"13":{"start":{"line":29,"column":20},"end":{"line":47,"column":1}},"14":{"start":{"line":30,"column":2},"end":{"line":46,"column":3}},"15":{"start":{"line":31,"column":24},"end":{"line":31,"column":34}},"16":{"start":{"line":32,"column":23},"end":{"line":32,"column":70}},"17":{"start":{"line":33,"column":4},"end":{"line":35,"column":5}},"18":{"start":{"line":34,"column":6},"end":{"line":34,"column":40}},"19":{"start":{"line":36,"column":19},"end":{"line":36,"column":27}},"20":{"start":{"line":37,"column":20},"end":{"line":37,"column":64}},"21":{"start":{"line":39,"column":21},"end":{"line":39,"column":29}},"22":{"start":{"line":40,"column":4},"end":{"line":42,"column":5}},"23":{"start":{"line":41,"column":6},"end":{"line":41,"column":34}},"24":{"start":{"line":43,"column":4},"end":{"line":43,"column":11}},"25":{"start":{"line":45,"column":4},"end":{"line":45,"column":16}},"26":{"start":{"line":49,"column":0},"end":{"line":49,"column":46}}},"fnMap":{"0":{"name":"(anonymous_0)","decl":{"start":{"line":3,"column":20},"end":{"line":3,"column":21}},"loc":{"start":{"line":3,"column":46},"end":{"line":27,"column":1}},"line":3},"1":{"name":"(anonymous_1)","decl":{"start":{"line":29,"column":20},"end":{"line":29,"column":21}},"loc":{"start":{"line":29,"column":46},"end":{"line":47,"column":1}},"line":29}},"branchMap":{"0":{"loc":{"start":{"line":11,"column":4},"end":{"line":13,"column":5}},"type":"if","locations":[{"start":{"line":11,"column":4},"end":{"line":13,"column":5}},{"start":{},"end":{}}],"line":11},"1":{"loc":{"start":{"line":20,"column":4},"end":{"line":22,"column":5}},"type":"if","locations":[{"start":{"line":20,"column":4},"end":{"line":22,"column":5}},{"start":{},"end":{}}],"line":20},"2":{"loc":{"start":{"line":20,"column":8},"end":{"line":20,"column":70}},"type":"binary-expr","locations":[{"start":{"line":20,"column":8},"end":{"line":20,"column":25}},{"start":{"line":20,"column":29},"end":{"line":20,"column":70}}],"line":20},"3":{"loc":{"start":{"line":33,"column":4},"end":{"line":35,"column":5}},"type":"if","locations":[{"start":{"line":33,"column":4},"end":{"line":35,"column":5}},{"start":{},"end":{}}],"line":33},"4":{"loc":{"start":{"line":40,"column":4},"end":{"line":42,"column":5}},"type":"if","locations":[{"start":{"line":40,"column":4},"end":{"line":42,"column":5}},{"start":{},"end":{}}],"line":40},"5":{"loc":{"start":{"line":40,"column":8},"end":{"line":40,"column":64}},"type":"binary-expr","locations":[{"start":{"line":40,"column":8},"end":{"line":40,"column":25}},{"start":{"line":40,"column":29},"end":{"line":40,"column":64}}],"line":40}},"s":{"0":1,"1":1,"2":0,"3":0,"4":0,"5":0,"6":0,"7":0,"8":0,"9":0,"10":0,"11":0,"12":0,"13":1,"14":6,"15":6,"16":6,"17":6,"18":2,"19":4,"20":4,"21":4,"22":4,"23":2,"24":2,"25":4,"26":1},"f":{"0":0,"1":6},"b":{"0":[0,0],"1":[0,0],"2":[0,0],"3":[2,4],"4":[2,2],"5":[4,2]},"_coverageSchema":"1a1c01bbd47fc00a2c39e90264f33305004495a9","hash":"76b142408ade1685a472575f92cddcda5e08f3c9"}
,"/Users/giovannigs/Documents/h8/gooroo-team-project/Server/services/app/middlewares/errorHandlers.js": {"path":"/Users/giovannigs/Documents/h8/gooroo-team-project/Server/services/app/middlewares/errorHandlers.js","statementMap":{"0":{"start":{"line":1,"column":22},"end":{"line":54,"column":1}},"1":{"start":{"line":2,"column":13},"end":{"line":2,"column":16}},"2":{"start":{"line":3,"column":16},"end":{"line":3,"column":39}},"3":{"start":{"line":4,"column":2},"end":{"line":52,"column":3}},"4":{"start":{"line":8,"column":4},"end":{"line":8,"column":15}},"5":{"start":{"line":9,"column":4},"end":{"line":9,"column":36}},"6":{"start":{"line":10,"column":9},"end":{"line":52,"column":3}},"7":{"start":{"line":11,"column":4},"end":{"line":11,"column":15}},"8":{"start":{"line":12,"column":4},"end":{"line":12,"column":48}},"9":{"start":{"line":13,"column":9},"end":{"line":52,"column":3}},"10":{"start":{"line":14,"column":4},"end":{"line":14,"column":15}},"11":{"start":{"line":15,"column":4},"end":{"line":15,"column":35}},"12":{"start":{"line":16,"column":11},"end":{"line":52,"column":3}},"13":{"start":{"line":17,"column":4},"end":{"line":17,"column":15}},"14":{"start":{"line":18,"column":4},"end":{"line":18,"column":39}},"15":{"start":{"line":19,"column":9},"end":{"line":52,"column":3}},"16":{"start":{"line":20,"column":4},"end":{"line":20,"column":15}},"17":{"start":{"line":21,"column":4},"end":{"line":21,"column":30}},"18":{"start":{"line":22,"column":9},"end":{"line":52,"column":3}},"19":{"start":{"line":23,"column":4},"end":{"line":23,"column":15}},"20":{"start":{"line":24,"column":4},"end":{"line":24,"column":32}},"21":{"start":{"line":25,"column":9},"end":{"line":52,"column":3}},"22":{"start":{"line":26,"column":4},"end":{"line":26,"column":15}},"23":{"start":{"line":27,"column":4},"end":{"line":27,"column":26}},"24":{"start":{"line":28,"column":9},"end":{"line":52,"column":3}},"25":{"start":{"line":29,"column":4},"end":{"line":29,"column":15}},"26":{"start":{"line":30,"column":4},"end":{"line":30,"column":32}},"27":{"start":{"line":31,"column":9},"end":{"line":52,"column":3}},"28":{"start":{"line":32,"column":4},"end":{"line":32,"column":15}},"29":{"start":{"line":33,"column":4},"end":{"line":33,"column":60}},"30":{"start":{"line":34,"column":9},"end":{"line":52,"column":3}},"31":{"start":{"line":35,"column":4},"end":{"line":35,"column":15}},"32":{"start":{"line":36,"column":4},"end":{"line":36,"column":58}},"33":{"start":{"line":37,"column":9},"end":{"line":52,"column":3}},"34":{"start":{"line":38,"column":4},"end":{"line":38,"column":15}},"35":{"start":{"line":39,"column":4},"end":{"line":39,"column":35}},"36":{"start":{"line":40,"column":9},"end":{"line":52,"column":3}},"37":{"start":{"line":41,"column":4},"end":{"line":41,"column":15}},"38":{"start":{"line":42,"column":4},"end":{"line":42,"column":43}},"39":{"start":{"line":43,"column":9},"end":{"line":52,"column":3}},"40":{"start":{"line":44,"column":4},"end":{"line":44,"column":15}},"41":{"start":{"line":45,"column":4},"end":{"line":45,"column":44}},"42":{"start":{"line":46,"column":9},"end":{"line":52,"column":3}},"43":{"start":{"line":47,"column":4},"end":{"line":47,"column":15}},"44":{"start":{"line":48,"column":4},"end":{"line":48,"column":30}},"45":{"start":{"line":49,"column":9},"end":{"line":52,"column":3}},"46":{"start":{"line":50,"column":4},"end":{"line":50,"column":15}},"47":{"start":{"line":51,"column":4},"end":{"line":51,"column":63}},"48":{"start":{"line":53,"column":2},"end":{"line":53,"column":37}},"49":{"start":{"line":56,"column":0},"end":{"line":56,"column":31}}},"fnMap":{"0":{"name":"(anonymous_0)","decl":{"start":{"line":1,"column":22},"end":{"line":1,"column":23}},"loc":{"start":{"line":1,"column":53},"end":{"line":54,"column":1}},"line":1}},"branchMap":{"0":{"loc":{"start":{"line":4,"column":2},"end":{"line":52,"column":3}},"type":"if","locations":[{"start":{"line":4,"column":2},"end":{"line":52,"column":3}},{"start":{"line":10,"column":9},"end":{"line":52,"column":3}}],"line":4},"1":{"loc":{"start":{"line":5,"column":4},"end":{"line":6,"column":48}},"type":"binary-expr","locations":[{"start":{"line":5,"column":4},"end":{"line":5,"column":42}},{"start":{"line":6,"column":4},"end":{"line":6,"column":48}}],"line":5},"2":{"loc":{"start":{"line":10,"column":9},"end":{"line":52,"column":3}},"type":"if","locations":[{"start":{"line":10,"column":9},"end":{"line":52,"column":3}},{"start":{"line":13,"column":9},"end":{"line":52,"column":3}}],"line":10},"3":{"loc":{"start":{"line":13,"column":9},"end":{"line":52,"column":3}},"type":"if","locations":[{"start":{"line":13,"column":9},"end":{"line":52,"column":3}},{"start":{"line":16,"column":11},"end":{"line":52,"column":3}}],"line":13},"4":{"loc":{"start":{"line":16,"column":11},"end":{"line":52,"column":3}},"type":"if","locations":[{"start":{"line":16,"column":11},"end":{"line":52,"column":3}},{"start":{"line":19,"column":9},"end":{"line":52,"column":3}}],"line":16},"5":{"loc":{"start":{"line":19,"column":9},"end":{"line":52,"column":3}},"type":"if","locations":[{"start":{"line":19,"column":9},"end":{"line":52,"column":3}},{"start":{"line":22,"column":9},"end":{"line":52,"column":3}}],"line":19},"6":{"loc":{"start":{"line":19,"column":13},"end":{"line":19,"column":75}},"type":"binary-expr","locations":[{"start":{"line":19,"column":13},"end":{"line":19,"column":40}},{"start":{"line":19,"column":44},"end":{"line":19,"column":75}}],"line":19},"7":{"loc":{"start":{"line":22,"column":9},"end":{"line":52,"column":3}},"type":"if","locations":[{"start":{"line":22,"column":9},"end":{"line":52,"column":3}},{"start":{"line":25,"column":9},"end":{"line":52,"column":3}}],"line":22},"8":{"loc":{"start":{"line":25,"column":9},"end":{"line":52,"column":3}},"type":"if","locations":[{"start":{"line":25,"column":9},"end":{"line":52,"column":3}},{"start":{"line":28,"column":9},"end":{"line":52,"column":3}}],"line":25},"9":{"loc":{"start":{"line":28,"column":9},"end":{"line":52,"column":3}},"type":"if","locations":[{"start":{"line":28,"column":9},"end":{"line":52,"column":3}},{"start":{"line":31,"column":9},"end":{"line":52,"column":3}}],"line":28},"10":{"loc":{"start":{"line":31,"column":9},"end":{"line":52,"column":3}},"type":"if","locations":[{"start":{"line":31,"column":9},"end":{"line":52,"column":3}},{"start":{"line":34,"column":9},"end":{"line":52,"column":3}}],"line":31},"11":{"loc":{"start":{"line":34,"column":9},"end":{"line":52,"column":3}},"type":"if","locations":[{"start":{"line":34,"column":9},"end":{"line":52,"column":3}},{"start":{"line":37,"column":9},"end":{"line":52,"column":3}}],"line":34},"12":{"loc":{"start":{"line":37,"column":9},"end":{"line":52,"column":3}},"type":"if","locations":[{"start":{"line":37,"column":9},"end":{"line":52,"column":3}},{"start":{"line":40,"column":9},"end":{"line":52,"column":3}}],"line":37},"13":{"loc":{"start":{"line":40,"column":9},"end":{"line":52,"column":3}},"type":"if","locations":[{"start":{"line":40,"column":9},"end":{"line":52,"column":3}},{"start":{"line":43,"column":9},"end":{"line":52,"column":3}}],"line":40},"14":{"loc":{"start":{"line":43,"column":9},"end":{"line":52,"column":3}},"type":"if","locations":[{"start":{"line":43,"column":9},"end":{"line":52,"column":3}},{"start":{"line":46,"column":9},"end":{"line":52,"column":3}}],"line":43},"15":{"loc":{"start":{"line":46,"column":9},"end":{"line":52,"column":3}},"type":"if","locations":[{"start":{"line":46,"column":9},"end":{"line":52,"column":3}},{"start":{"line":49,"column":9},"end":{"line":52,"column":3}}],"line":46},"16":{"loc":{"start":{"line":49,"column":9},"end":{"line":52,"column":3}},"type":"if","locations":[{"start":{"line":49,"column":9},"end":{"line":52,"column":3}},{"start":{},"end":{}}],"line":49}},"s":{"0":1,"1":13,"2":13,"3":13,"4":0,"5":0,"6":13,"7":0,"8":0,"9":13,"10":0,"11":0,"12":13,"13":0,"14":0,"15":13,"16":5,"17":5,"18":8,"19":0,"20":0,"21":8,"22":4,"23":4,"24":4,"25":4,"26":4,"27":0,"28":0,"29":0,"30":0,"31":0,"32":0,"33":0,"34":0,"35":0,"36":0,"37":0,"38":0,"39":0,"40":0,"41":0,"42":0,"43":0,"44":0,"45":0,"46":0,"47":0,"48":13,"49":1},"f":{"0":13},"b":{"0":[0,13],"1":[13,13],"2":[0,13],"3":[0,13],"4":[0,13],"5":[5,8],"6":[13,13],"7":[0,8],"8":[4,4],"9":[4,0],"10":[0,0],"11":[0,0],"12":[0,0],"13":[0,0],"14":[0,0],"15":[0,0],"16":[0,0]},"_coverageSchema":"1a1c01bbd47fc00a2c39e90264f33305004495a9","hash":"038885acd47ddcb121595e594cad9ff83d441e44"}
,"/Users/giovannigs/Documents/h8/gooroo-team-project/Server/services/app/models/class.js": {"path":"/Users/giovannigs/Documents/h8/gooroo-team-project/Server/services/app/models/class.js","statementMap":{"0":{"start":{"line":2,"column":18},"end":{"line":2,"column":38}},"1":{"start":{"line":3,"column":0},"end":{"line":94,"column":2}},"2":{"start":{"line":12,"column":6},"end":{"line":15,"column":9}},"3":{"start":{"line":16,"column":6},"end":{"line":19,"column":9}},"4":{"start":{"line":20,"column":6},"end":{"line":20,"column":67}},"5":{"start":{"line":21,"column":6},"end":{"line":21,"column":67}},"6":{"start":{"line":22,"column":6},"end":{"line":22,"column":64}},"7":{"start":{"line":23,"column":6},"end":{"line":23,"column":62}},"8":{"start":{"line":26,"column":2},"end":{"line":92,"column":4}},"9":{"start":{"line":87,"column":10},"end":{"line":87,"column":34}},"10":{"start":{"line":88,"column":10},"end":{"line":88,"column":36}},"11":{"start":{"line":93,"column":2},"end":{"line":93,"column":15}}},"fnMap":{"0":{"name":"(anonymous_0)","decl":{"start":{"line":3,"column":17},"end":{"line":3,"column":18}},"loc":{"start":{"line":3,"column":43},"end":{"line":94,"column":1}},"line":3},"1":{"name":"(anonymous_1)","decl":{"start":{"line":10,"column":4},"end":{"line":10,"column":5}},"loc":{"start":{"line":10,"column":29},"end":{"line":24,"column":5}},"line":10},"2":{"name":"(anonymous_2)","decl":{"start":{"line":86,"column":8},"end":{"line":86,"column":9}},"loc":{"start":{"line":86,"column":28},"end":{"line":89,"column":9}},"line":86}},"branchMap":{},"s":{"0":1,"1":1,"2":1,"3":1,"4":1,"5":1,"6":1,"7":1,"8":1,"9":1,"10":1,"11":1},"f":{"0":1,"1":1,"2":1},"b":{},"_coverageSchema":"1a1c01bbd47fc00a2c39e90264f33305004495a9","hash":"9b230b39cbfb676580c1646558b23491fc20d330"}
,"/Users/giovannigs/Documents/h8/gooroo-team-project/Server/services/app/models/index.js": {"path":"/Users/giovannigs/Documents/h8/gooroo-team-project/Server/services/app/models/index.js","statementMap":{"0":{"start":{"line":3,"column":11},"end":{"line":3,"column":24}},"1":{"start":{"line":4,"column":13},"end":{"line":4,"column":28}},"2":{"start":{"line":5,"column":18},"end":{"line":5,"column":38}},"3":{"start":{"line":6,"column":17},"end":{"line":6,"column":42}},"4":{"start":{"line":7,"column":12},"end":{"line":7,"column":49}},"5":{"start":{"line":8,"column":15},"end":{"line":8,"column":65}},"6":{"start":{"line":9,"column":11},"end":{"line":9,"column":13}},"7":{"start":{"line":12,"column":0},"end":{"line":16,"column":1}},"8":{"start":{"line":13,"column":2},"end":{"line":13,"column":74}},"9":{"start":{"line":15,"column":2},"end":{"line":15,"column":87}},"10":{"start":{"line":18,"column":0},"end":{"line":26,"column":5}},"11":{"start":{"line":21,"column":4},"end":{"line":21,"column":90}},"12":{"start":{"line":24,"column":18},"end":{"line":24,"column":85}},"13":{"start":{"line":25,"column":4},"end":{"line":25,"column":27}},"14":{"start":{"line":28,"column":0},"end":{"line":32,"column":3}},"15":{"start":{"line":29,"column":2},"end":{"line":31,"column":3}},"16":{"start":{"line":30,"column":4},"end":{"line":30,"column":32}},"17":{"start":{"line":34,"column":0},"end":{"line":34,"column":25}},"18":{"start":{"line":35,"column":0},"end":{"line":35,"column":25}},"19":{"start":{"line":37,"column":0},"end":{"line":37,"column":20}}},"fnMap":{"0":{"name":"(anonymous_0)","decl":{"start":{"line":20,"column":10},"end":{"line":20,"column":11}},"loc":{"start":{"line":20,"column":18},"end":{"line":22,"column":3}},"line":20},"1":{"name":"(anonymous_1)","decl":{"start":{"line":23,"column":11},"end":{"line":23,"column":12}},"loc":{"start":{"line":23,"column":19},"end":{"line":26,"column":3}},"line":23},"2":{"name":"(anonymous_2)","decl":{"start":{"line":28,"column":24},"end":{"line":28,"column":25}},"loc":{"start":{"line":28,"column":37},"end":{"line":32,"column":1}},"line":28}},"branchMap":{"0":{"loc":{"start":{"line":7,"column":12},"end":{"line":7,"column":49}},"type":"binary-expr","locations":[{"start":{"line":7,"column":12},"end":{"line":7,"column":32}},{"start":{"line":7,"column":36},"end":{"line":7,"column":49}}],"line":7},"1":{"loc":{"start":{"line":12,"column":0},"end":{"line":16,"column":1}},"type":"if","locations":[{"start":{"line":12,"column":0},"end":{"line":16,"column":1}},{"start":{"line":14,"column":7},"end":{"line":16,"column":1}}],"line":12},"2":{"loc":{"start":{"line":21,"column":11},"end":{"line":21,"column":89}},"type":"binary-expr","locations":[{"start":{"line":21,"column":12},"end":{"line":21,"column":35}},{"start":{"line":21,"column":41},"end":{"line":21,"column":58}},{"start":{"line":21,"column":64},"end":{"line":21,"column":88}}],"line":21},"3":{"loc":{"start":{"line":29,"column":2},"end":{"line":31,"column":3}},"type":"if","locations":[{"start":{"line":29,"column":2},"end":{"line":31,"column":3}},{"start":{},"end":{}}],"line":29}},"s":{"0":1,"1":1,"2":1,"3":1,"4":1,"5":1,"6":1,"7":1,"8":0,"9":1,"10":1,"11":10,"12":9,"13":9,"14":1,"15":9,"16":9,"17":1,"18":1,"19":1},"f":{"0":10,"1":9,"2":9},"b":{"0":[1,0],"1":[0,1],"2":[10,10,9],"3":[9,0]},"_coverageSchema":"1a1c01bbd47fc00a2c39e90264f33305004495a9","hash":"2274e904a07d772fbaf9d1b77dd8ac5770765119"}
,"/Users/giovannigs/Documents/h8/gooroo-team-project/Server/services/app/models/saldohistory.js": {"path":"/Users/giovannigs/Documents/h8/gooroo-team-project/Server/services/app/models/saldohistory.js","statementMap":{"0":{"start":{"line":2,"column":18},"end":{"line":2,"column":38}},"1":{"start":{"line":3,"column":0},"end":{"line":30,"column":2}},"2":{"start":{"line":12,"column":6},"end":{"line":12,"column":68}},"3":{"start":{"line":15,"column":2},"end":{"line":27,"column":4}},"4":{"start":{"line":29,"column":2},"end":{"line":29,"column":22}}},"fnMap":{"0":{"name":"(anonymous_0)","decl":{"start":{"line":3,"column":17},"end":{"line":3,"column":18}},"loc":{"start":{"line":3,"column":43},"end":{"line":30,"column":1}},"line":3},"1":{"name":"(anonymous_1)","decl":{"start":{"line":10,"column":4},"end":{"line":10,"column":5}},"loc":{"start":{"line":10,"column":29},"end":{"line":13,"column":5}},"line":10}},"branchMap":{},"s":{"0":1,"1":1,"2":1,"3":1,"4":1},"f":{"0":1,"1":1},"b":{},"_coverageSchema":"1a1c01bbd47fc00a2c39e90264f33305004495a9","hash":"efa876ee8dd9b3dbfbf1d2c832bed6179d757a7f"}
,"/Users/giovannigs/Documents/h8/gooroo-team-project/Server/services/app/models/schedule.js": {"path":"/Users/giovannigs/Documents/h8/gooroo-team-project/Server/services/app/models/schedule.js","statementMap":{"0":{"start":{"line":2,"column":18},"end":{"line":2,"column":38}},"1":{"start":{"line":3,"column":0},"end":{"line":27,"column":2}},"2":{"start":{"line":12,"column":6},"end":{"line":12,"column":66}},"3":{"start":{"line":15,"column":2},"end":{"line":25,"column":4}},"4":{"start":{"line":26,"column":2},"end":{"line":26,"column":18}}},"fnMap":{"0":{"name":"(anonymous_0)","decl":{"start":{"line":3,"column":17},"end":{"line":3,"column":18}},"loc":{"start":{"line":3,"column":43},"end":{"line":27,"column":1}},"line":3},"1":{"name":"(anonymous_1)","decl":{"start":{"line":10,"column":4},"end":{"line":10,"column":5}},"loc":{"start":{"line":10,"column":29},"end":{"line":13,"column":5}},"line":10}},"branchMap":{},"s":{"0":1,"1":1,"2":1,"3":1,"4":1},"f":{"0":1,"1":1},"b":{},"_coverageSchema":"1a1c01bbd47fc00a2c39e90264f33305004495a9","hash":"a468b316a33068e13ac9e62bb871c9f818806b2f"}
,"/Users/giovannigs/Documents/h8/gooroo-team-project/Server/services/app/models/student.js": {"path":"/Users/giovannigs/Documents/h8/gooroo-team-project/Server/services/app/models/student.js","statementMap":{"0":{"start":{"line":2,"column":18},"end":{"line":2,"column":38}},"1":{"start":{"line":3,"column":0},"end":{"line":31,"column":2}},"2":{"start":{"line":12,"column":6},"end":{"line":12,"column":63}},"3":{"start":{"line":13,"column":6},"end":{"line":16,"column":9}},"4":{"start":{"line":19,"column":2},"end":{"line":29,"column":4}},"5":{"start":{"line":30,"column":2},"end":{"line":30,"column":17}}},"fnMap":{"0":{"name":"(anonymous_0)","decl":{"start":{"line":3,"column":17},"end":{"line":3,"column":18}},"loc":{"start":{"line":3,"column":43},"end":{"line":31,"column":1}},"line":3},"1":{"name":"(anonymous_1)","decl":{"start":{"line":10,"column":4},"end":{"line":10,"column":5}},"loc":{"start":{"line":10,"column":29},"end":{"line":17,"column":5}},"line":10}},"branchMap":{},"s":{"0":1,"1":1,"2":1,"3":1,"4":1,"5":1},"f":{"0":1,"1":1},"b":{},"_coverageSchema":"1a1c01bbd47fc00a2c39e90264f33305004495a9","hash":"8fbddaaec8955cae92830299c5c1297aecc5680b"}
,"/Users/giovannigs/Documents/h8/gooroo-team-project/Server/services/app/models/subject.js": {"path":"/Users/giovannigs/Documents/h8/gooroo-team-project/Server/services/app/models/subject.js","statementMap":{"0":{"start":{"line":2,"column":18},"end":{"line":2,"column":38}},"1":{"start":{"line":3,"column":0},"end":{"line":26,"column":2}},"2":{"start":{"line":12,"column":6},"end":{"line":12,"column":65}},"3":{"start":{"line":15,"column":2},"end":{"line":24,"column":4}},"4":{"start":{"line":25,"column":2},"end":{"line":25,"column":17}}},"fnMap":{"0":{"name":"(anonymous_0)","decl":{"start":{"line":3,"column":17},"end":{"line":3,"column":18}},"loc":{"start":{"line":3,"column":43},"end":{"line":26,"column":1}},"line":3},"1":{"name":"(anonymous_1)","decl":{"start":{"line":10,"column":4},"end":{"line":10,"column":5}},"loc":{"start":{"line":10,"column":29},"end":{"line":13,"column":5}},"line":10}},"branchMap":{},"s":{"0":1,"1":1,"2":1,"3":1,"4":1},"f":{"0":1,"1":1},"b":{},"_coverageSchema":"1a1c01bbd47fc00a2c39e90264f33305004495a9","hash":"7d3972c811d5ad3fbd121ea4d2c7a3fc753d0178"}
,"/Users/giovannigs/Documents/h8/gooroo-team-project/Server/services/app/models/teacher.js": {"path":"/Users/giovannigs/Documents/h8/gooroo-team-project/Server/services/app/models/teacher.js","statementMap":{"0":{"start":{"line":2,"column":18},"end":{"line":2,"column":38}},"1":{"start":{"line":3,"column":0},"end":{"line":40,"column":2}},"2":{"start":{"line":12,"column":6},"end":{"line":12,"column":63}},"3":{"start":{"line":13,"column":6},"end":{"line":13,"column":65}},"4":{"start":{"line":16,"column":2},"end":{"line":38,"column":4}},"5":{"start":{"line":39,"column":2},"end":{"line":39,"column":17}}},"fnMap":{"0":{"name":"(anonymous_0)","decl":{"start":{"line":3,"column":17},"end":{"line":3,"column":18}},"loc":{"start":{"line":3,"column":43},"end":{"line":40,"column":1}},"line":3},"1":{"name":"(anonymous_1)","decl":{"start":{"line":10,"column":4},"end":{"line":10,"column":5}},"loc":{"start":{"line":10,"column":29},"end":{"line":14,"column":5}},"line":10}},"branchMap":{},"s":{"0":1,"1":1,"2":1,"3":1,"4":1,"5":1},"f":{"0":1,"1":1},"b":{},"_coverageSchema":"1a1c01bbd47fc00a2c39e90264f33305004495a9","hash":"ae4cf655574c8db721c5b08ecd94870d448fe79a"}
,"/Users/giovannigs/Documents/h8/gooroo-team-project/Server/services/app/models/transaction.js": {"path":"/Users/giovannigs/Documents/h8/gooroo-team-project/Server/services/app/models/transaction.js","statementMap":{"0":{"start":{"line":4,"column":4},"end":{"line":4,"column":24}},"1":{"start":{"line":5,"column":0},"end":{"line":48,"column":2}},"2":{"start":{"line":14,"column":6},"end":{"line":14,"column":72}},"3":{"start":{"line":15,"column":6},"end":{"line":15,"column":68}},"4":{"start":{"line":18,"column":2},"end":{"line":46,"column":5}},"5":{"start":{"line":42,"column":8},"end":{"line":43,"column":36}},"6":{"start":{"line":47,"column":2},"end":{"line":47,"column":21}}},"fnMap":{"0":{"name":"(anonymous_0)","decl":{"start":{"line":5,"column":17},"end":{"line":5,"column":18}},"loc":{"start":{"line":5,"column":43},"end":{"line":48,"column":1}},"line":5},"1":{"name":"(anonymous_1)","decl":{"start":{"line":12,"column":4},"end":{"line":12,"column":5}},"loc":{"start":{"line":12,"column":29},"end":{"line":16,"column":5}},"line":12},"2":{"name":"(anonymous_2)","decl":{"start":{"line":41,"column":6},"end":{"line":41,"column":7}},"loc":{"start":{"line":41,"column":32},"end":{"line":44,"column":7}},"line":41}},"branchMap":{},"s":{"0":1,"1":1,"2":1,"3":1,"4":1,"5":0,"6":1},"f":{"0":1,"1":1,"2":0},"b":{},"_coverageSchema":"1a1c01bbd47fc00a2c39e90264f33305004495a9","hash":"61601cf26574bc1e94b255c1b39504747ac67df2"}
,"/Users/giovannigs/Documents/h8/gooroo-team-project/Server/services/app/models/user.js": {"path":"/Users/giovannigs/Documents/h8/gooroo-team-project/Server/services/app/models/user.js","statementMap":{"0":{"start":{"line":2,"column":18},"end":{"line":2,"column":38}},"1":{"start":{"line":4,"column":21},"end":{"line":4,"column":49}},"2":{"start":{"line":6,"column":0},"end":{"line":72,"column":2}},"3":{"start":{"line":15,"column":6},"end":{"line":15,"column":65}},"4":{"start":{"line":16,"column":6},"end":{"line":16,"column":60}},"5":{"start":{"line":17,"column":6},"end":{"line":17,"column":60}},"6":{"start":{"line":20,"column":2},"end":{"line":66,"column":4}},"7":{"start":{"line":67,"column":2},"end":{"line":70,"column":5}},"8":{"start":{"line":68,"column":4},"end":{"line":68,"column":44}},"9":{"start":{"line":69,"column":4},"end":{"line":69,"column":19}},"10":{"start":{"line":71,"column":2},"end":{"line":71,"column":14}}},"fnMap":{"0":{"name":"(anonymous_0)","decl":{"start":{"line":6,"column":17},"end":{"line":6,"column":18}},"loc":{"start":{"line":6,"column":43},"end":{"line":72,"column":1}},"line":6},"1":{"name":"(anonymous_1)","decl":{"start":{"line":13,"column":4},"end":{"line":13,"column":5}},"loc":{"start":{"line":13,"column":29},"end":{"line":18,"column":5}},"line":13},"2":{"name":"(anonymous_2)","decl":{"start":{"line":67,"column":20},"end":{"line":67,"column":21}},"loc":{"start":{"line":67,"column":30},"end":{"line":70,"column":3}},"line":67}},"branchMap":{},"s":{"0":1,"1":1,"2":1,"3":1,"4":1,"5":1,"6":1,"7":1,"8":0,"9":0,"10":1},"f":{"0":1,"1":1,"2":0},"b":{},"_coverageSchema":"1a1c01bbd47fc00a2c39e90264f33305004495a9","hash":"8c5a1b35516aa659a687f600c56950a1ebd1f7a2"}
,"/Users/giovannigs/Documents/h8/gooroo-team-project/Server/services/app/models/wishlist.js": {"path":"/Users/giovannigs/Documents/h8/gooroo-team-project/Server/services/app/models/wishlist.js","statementMap":{"0":{"start":{"line":2,"column":18},"end":{"line":2,"column":38}},"1":{"start":{"line":3,"column":0},"end":{"line":33,"column":2}},"2":{"start":{"line":12,"column":6},"end":{"line":12,"column":70}},"3":{"start":{"line":13,"column":6},"end":{"line":13,"column":66}},"4":{"start":{"line":16,"column":2},"end":{"line":31,"column":4}},"5":{"start":{"line":32,"column":2},"end":{"line":32,"column":18}}},"fnMap":{"0":{"name":"(anonymous_0)","decl":{"start":{"line":3,"column":17},"end":{"line":3,"column":18}},"loc":{"start":{"line":3,"column":43},"end":{"line":33,"column":1}},"line":3},"1":{"name":"(anonymous_1)","decl":{"start":{"line":10,"column":4},"end":{"line":10,"column":5}},"loc":{"start":{"line":10,"column":29},"end":{"line":14,"column":5}},"line":10}},"branchMap":{},"s":{"0":1,"1":1,"2":1,"3":1,"4":1,"5":1},"f":{"0":1,"1":1},"b":{},"_coverageSchema":"1a1c01bbd47fc00a2c39e90264f33305004495a9","hash":"dae1dfb128887c45546d3629f7ace78d9df541af"}
,"/Users/giovannigs/Documents/h8/gooroo-team-project/Server/services/app/routes/classRouter.js": {"path":"/Users/giovannigs/Documents/h8/gooroo-team-project/Server/services/app/routes/classRouter.js","statementMap":{"0":{"start":{"line":1,"column":24},"end":{"line":1,"column":65}},"1":{"start":{"line":2,"column":24},"end":{"line":2,"column":63}},"2":{"start":{"line":3,"column":15},"end":{"line":3,"column":42}},"3":{"start":{"line":5,"column":0},"end":{"line":5,"column":44}},"4":{"start":{"line":6,"column":0},"end":{"line":6,"column":42}},"5":{"start":{"line":7,"column":0},"end":{"line":7,"column":62}},"6":{"start":{"line":8,"column":0},"end":{"line":8,"column":53}},"7":{"start":{"line":9,"column":0},"end":{"line":9,"column":69}},"8":{"start":{"line":10,"column":0},"end":{"line":10,"column":66}},"9":{"start":{"line":11,"column":0},"end":{"line":11,"column":55}},"10":{"start":{"line":12,"column":0},"end":{"line":12,"column":69}},"11":{"start":{"line":14,"column":0},"end":{"line":14,"column":24}}},"fnMap":{},"branchMap":{},"s":{"0":1,"1":1,"2":1,"3":1,"4":1,"5":1,"6":1,"7":1,"8":1,"9":1,"10":1,"11":1},"f":{},"b":{},"_coverageSchema":"1a1c01bbd47fc00a2c39e90264f33305004495a9","hash":"66c22e3a7b5dcc9285567c036104a167a5d74a00"}
,"/Users/giovannigs/Documents/h8/gooroo-team-project/Server/services/app/routes/index.js": {"path":"/Users/giovannigs/Documents/h8/gooroo-team-project/Server/services/app/routes/index.js","statementMap":{"0":{"start":{"line":1,"column":15},"end":{"line":1,"column":42}},"1":{"start":{"line":2,"column":23},"end":{"line":2,"column":50}},"2":{"start":{"line":3,"column":26},"end":{"line":3,"column":56}},"3":{"start":{"line":4,"column":22},"end":{"line":4,"column":48}},"4":{"start":{"line":5,"column":19},"end":{"line":5,"column":42}},"5":{"start":{"line":6,"column":20},"end":{"line":6,"column":44}},"6":{"start":{"line":7,"column":22},"end":{"line":7,"column":48}},"7":{"start":{"line":8,"column":23},"end":{"line":8,"column":63}},"8":{"start":{"line":9,"column":23},"end":{"line":9,"column":50}},"9":{"start":{"line":11,"column":0},"end":{"line":11,"column":33}},"10":{"start":{"line":13,"column":0},"end":{"line":13,"column":27}},"11":{"start":{"line":15,"column":0},"end":{"line":15,"column":41}},"12":{"start":{"line":16,"column":0},"end":{"line":16,"column":47}},"13":{"start":{"line":17,"column":0},"end":{"line":17,"column":39}},"14":{"start":{"line":18,"column":0},"end":{"line":18,"column":39}},"15":{"start":{"line":19,"column":0},"end":{"line":19,"column":36}},"16":{"start":{"line":20,"column":0},"end":{"line":20,"column":41}},"17":{"start":{"line":22,"column":0},"end":{"line":22,"column":24}}},"fnMap":{},"branchMap":{},"s":{"0":1,"1":1,"2":1,"3":1,"4":1,"5":1,"6":1,"7":1,"8":1,"9":1,"10":1,"11":1,"12":1,"13":1,"14":1,"15":1,"16":1,"17":1},"f":{},"b":{},"_coverageSchema":"1a1c01bbd47fc00a2c39e90264f33305004495a9","hash":"343dec86dff1be6f082338aa9457ade944d3d58e"}
,"/Users/giovannigs/Documents/h8/gooroo-team-project/Server/services/app/routes/scheduleRouter.js": {"path":"/Users/giovannigs/Documents/h8/gooroo-team-project/Server/services/app/routes/scheduleRouter.js","statementMap":{"0":{"start":{"line":1,"column":27},"end":{"line":1,"column":71}},"1":{"start":{"line":2,"column":24},"end":{"line":2,"column":63}},"2":{"start":{"line":3,"column":15},"end":{"line":3,"column":42}},"3":{"start":{"line":5,"column":0},"end":{"line":5,"column":70}},"4":{"start":{"line":6,"column":0},"end":{"line":6,"column":65}},"5":{"start":{"line":7,"column":0},"end":{"line":7,"column":62}},"6":{"start":{"line":9,"column":0},"end":{"line":9,"column":24}}},"fnMap":{},"branchMap":{},"s":{"0":1,"1":1,"2":1,"3":1,"4":1,"5":1,"6":1},"f":{},"b":{},"_coverageSchema":"1a1c01bbd47fc00a2c39e90264f33305004495a9","hash":"26889ebdd66f56e1912b3086c9eade0f1a901627"}
,"/Users/giovannigs/Documents/h8/gooroo-team-project/Server/services/app/routes/studentRouter.js": {"path":"/Users/giovannigs/Documents/h8/gooroo-team-project/Server/services/app/routes/studentRouter.js","statementMap":{"0":{"start":{"line":1,"column":26},"end":{"line":1,"column":69}},"1":{"start":{"line":2,"column":15},"end":{"line":2,"column":42}},"2":{"start":{"line":3,"column":15},"end":{"line":3,"column":43}},"3":{"start":{"line":6,"column":0},"end":{"line":6,"column":73}},"4":{"start":{"line":7,"column":0},"end":{"line":7,"column":47}},"5":{"start":{"line":8,"column":0},"end":{"line":8,"column":50}},"6":{"start":{"line":9,"column":0},"end":{"line":9,"column":56}},"7":{"start":{"line":11,"column":0},"end":{"line":11,"column":24}}},"fnMap":{},"branchMap":{},"s":{"0":1,"1":1,"2":1,"3":1,"4":1,"5":1,"6":1,"7":1},"f":{},"b":{},"_coverageSchema":"1a1c01bbd47fc00a2c39e90264f33305004495a9","hash":"7756e2e415aaae8ccc1bf285643d252257cbb487"}
,"/Users/giovannigs/Documents/h8/gooroo-team-project/Server/services/app/routes/teacherRouter.js": {"path":"/Users/giovannigs/Documents/h8/gooroo-team-project/Server/services/app/routes/teacherRouter.js","statementMap":{"0":{"start":{"line":1,"column":26},"end":{"line":1,"column":69}},"1":{"start":{"line":2,"column":15},"end":{"line":2,"column":42}},"2":{"start":{"line":3,"column":15},"end":{"line":3,"column":43}},"3":{"start":{"line":5,"column":0},"end":{"line":5,"column":54}},"4":{"start":{"line":6,"column":0},"end":{"line":6,"column":51}},"5":{"start":{"line":7,"column":0},"end":{"line":7,"column":72}},"6":{"start":{"line":8,"column":0},"end":{"line":8,"column":47}},"7":{"start":{"line":9,"column":0},"end":{"line":9,"column":53}},"8":{"start":{"line":11,"column":0},"end":{"line":11,"column":24}}},"fnMap":{},"branchMap":{},"s":{"0":1,"1":1,"2":1,"3":1,"4":1,"5":1,"6":1,"7":1,"8":1},"f":{},"b":{},"_coverageSchema":"1a1c01bbd47fc00a2c39e90264f33305004495a9","hash":"ef978b26229886b097add14e7a9badaddd08d5eb"}
,"/Users/giovannigs/Documents/h8/gooroo-team-project/Server/services/app/routes/transactionRouter.js": {"path":"/Users/giovannigs/Documents/h8/gooroo-team-project/Server/services/app/routes/transactionRouter.js","statementMap":{"0":{"start":{"line":1,"column":30},"end":{"line":1,"column":77}},"1":{"start":{"line":2,"column":24},"end":{"line":2,"column":63}},"2":{"start":{"line":3,"column":15},"end":{"line":3,"column":42}},"3":{"start":{"line":5,"column":0},"end":{"line":5,"column":58}},"4":{"start":{"line":6,"column":0},"end":{"line":6,"column":60}},"5":{"start":{"line":7,"column":0},"end":{"line":7,"column":57}},"6":{"start":{"line":8,"column":0},"end":{"line":8,"column":80}},"7":{"start":{"line":11,"column":0},"end":{"line":11,"column":23}}},"fnMap":{},"branchMap":{},"s":{"0":1,"1":1,"2":1,"3":1,"4":1,"5":1,"6":1,"7":1},"f":{},"b":{},"_coverageSchema":"1a1c01bbd47fc00a2c39e90264f33305004495a9","hash":"f9a7d202e756360b645d388c9cac043b8dcdff5c"}
,"/Users/giovannigs/Documents/h8/gooroo-team-project/Server/services/app/routes/userRouter.js": {"path":"/Users/giovannigs/Documents/h8/gooroo-team-project/Server/services/app/routes/userRouter.js","statementMap":{"0":{"start":{"line":1,"column":23},"end":{"line":1,"column":63}},"1":{"start":{"line":2,"column":23},"end":{"line":2,"column":63}},"2":{"start":{"line":4,"column":15},"end":{"line":4,"column":42}},"3":{"start":{"line":6,"column":0},"end":{"line":6,"column":50}},"4":{"start":{"line":7,"column":0},"end":{"line":7,"column":44}},"5":{"start":{"line":8,"column":0},"end":{"line":8,"column":60}},"6":{"start":{"line":9,"column":0},"end":{"line":9,"column":67}},"7":{"start":{"line":11,"column":0},"end":{"line":11,"column":24}}},"fnMap":{},"branchMap":{},"s":{"0":1,"1":1,"2":1,"3":1,"4":1,"5":1,"6":1,"7":1},"f":{},"b":{},"_coverageSchema":"1a1c01bbd47fc00a2c39e90264f33305004495a9","hash":"33b00c62bb4f4e7f6d2ec0c8ca9fa6403242ab42"}
,"/Users/giovannigs/Documents/h8/gooroo-team-project/Server/services/app/routes/wishlistRouter.js": {"path":"/Users/giovannigs/Documents/h8/gooroo-team-project/Server/services/app/routes/wishlistRouter.js","statementMap":{"0":{"start":{"line":1,"column":19},"end":{"line":1,"column":63}},"1":{"start":{"line":2,"column":24},"end":{"line":2,"column":63}},"2":{"start":{"line":4,"column":15},"end":{"line":4,"column":42}},"3":{"start":{"line":7,"column":0},"end":{"line":7,"column":40}},"4":{"start":{"line":8,"column":0},"end":{"line":8,"column":49}},"5":{"start":{"line":9,"column":0},"end":{"line":9,"column":70}},"6":{"start":{"line":11,"column":0},"end":{"line":11,"column":24}}},"fnMap":{},"branchMap":{},"s":{"0":1,"1":1,"2":1,"3":1,"4":1,"5":1,"6":1},"f":{},"b":{},"_coverageSchema":"1a1c01bbd47fc00a2c39e90264f33305004495a9","hash":"37c9e81c12ef4a1175a4b66839a61622ea9f7099"}
}
