TN:
SF:app.js
FNF:0
FNH:0
DA:1,7
DA:2,7
DA:5,7
DA:6,7
DA:7,7
DA:8,7
DA:9,7
DA:10,7
DA:12,7
DA:14,7
DA:15,7
DA:16,7
DA:18,7
DA:20,7
DA:26,7
LF:15
LH:15
BRDA:1,0,0,7
BRDA:1,0,1,0
BRF:2
BRH:1
end_of_record
TN:
SF:controllers\ClassController.js
FN:13,(anonymous_0)
FN:38,(anonymous_1)
FN:54,(anonymous_2)
FN:65,(anonymous_3)
FN:79,(anonymous_4)
FN:103,(anonymous_5)
FN:121,(anonymous_6)
FNF:7
FNH:6
FNDA:1,(anonymous_0)
FNDA:1,(anonymous_1)
FNDA:1,(anonymous_2)
FNDA:0,(anonymous_3)
FNDA:1,(anonymous_4)
FNDA:2,(anonymous_5)
FNDA:1,(anonymous_6)
DA:10,7
DA:14,1
DA:15,1
DA:16,1
DA:17,0
DA:20,1
DA:21,1
DA:22,1
DA:26,1
DA:38,1
DA:39,1
DA:45,1
DA:46,1
DA:47,1
DA:49,0
DA:50,0
DA:55,1
DA:56,1
DA:59,1
DA:61,0
DA:66,0
DA:67,0
DA:68,0
DA:69,0
DA:70,0
DA:72,0
DA:73,0
DA:75,0
DA:80,1
DA:81,1
DA:82,1
DA:87,1
DA:88,0
DA:90,1
DA:95,1
DA:99,0
DA:104,2
DA:105,2
DA:106,2
DA:112,2
DA:113,1
DA:115,1
DA:117,1
DA:122,1
DA:123,1
DA:124,1
DA:125,1
DA:130,1
DA:131,0
DA:133,1
DA:141,1
DA:143,0
DA:191,7
LF:53
LH:37
BRDA:16,0,0,0
BRDA:16,0,1,1
BRDA:69,1,0,0
BRDA:69,1,1,0
BRDA:87,2,0,0
BRDA:87,2,1,1
BRDA:112,3,0,1
BRDA:112,3,1,1
BRDA:130,4,0,0
BRDA:130,4,1,1
BRF:10
BRH:5
end_of_record
TN:
SF:controllers\ScheduleController.js
FN:4,(anonymous_0)
FN:20,(anonymous_1)
FN:46,(anonymous_2)
FNF:3
FNH:3
FNDA:1,(anonymous_0)
FNDA:3,(anonymous_1)
FNDA:3,(anonymous_2)
DA:1,7
DA:5,1
DA:6,1
DA:7,1
DA:8,1
DA:13,1
DA:14,1
DA:16,0
DA:21,3
DA:22,3
DA:23,3
DA:24,3
DA:25,1
DA:27,2
DA:32,2
DA:33,1
DA:35,1
DA:40,1
DA:42,2
DA:47,3
DA:48,3
DA:49,3
DA:50,3
DA:51,1
DA:53,2
DA:54,2
DA:59,2
DA:60,1
DA:63,1
DA:71,1
DA:73,2
DA:74,2
DA:79,7
LF:33
LH:32
BRDA:24,0,0,1
BRDA:24,0,1,2
BRDA:32,1,0,1
BRDA:32,1,1,1
BRDA:50,2,0,1
BRDA:50,2,1,2
BRDA:59,3,0,1
BRDA:59,3,1,1
BRF:8
BRH:8
end_of_record
TN:
SF:controllers\StudentController.js
FN:5,(anonymous_0)
FN:14,(anonymous_1)
FN:23,(anonymous_2)
FN:44,(anonymous_3)
FN:60,(anonymous_4)
FNF:5
FNH:5
FNDA:2,(anonymous_0)
FNDA:2,(anonymous_1)
FNDA:3,(anonymous_2)
FNDA:2,(anonymous_3)
FNDA:2,(anonymous_4)
DA:1,7
DA:6,2
DA:7,2
DA:8,2
DA:9,2
DA:10,1
DA:12,1
DA:13,1
DA:14,1
DA:15,2
DA:17,1
DA:19,1
DA:24,3
DA:25,3
DA:26,3
DA:27,3
DA:28,1
DA:30,2
DA:31,1
DA:33,1
DA:34,1
DA:39,1
DA:41,2
DA:45,2
DA:47,2
DA:48,2
DA:49,2
DA:50,2
DA:51,1
DA:53,1
DA:54,1
DA:56,1
DA:61,2
DA:62,2
DA:63,2
DA:64,2
DA:65,1
DA:67,1
DA:69,1
DA:74,7
LF:40
LH:40
BRDA:9,0,0,1
BRDA:9,0,1,1
BRDA:27,1,0,1
BRDA:27,1,1,2
BRDA:30,2,0,1
BRDA:30,2,1,1
BRDA:50,3,0,1
BRDA:50,3,1,1
BRDA:64,4,0,1
BRDA:64,4,1,1
BRF:10
BRH:10
end_of_record
TN:
SF:controllers\TeacherController.js
FN:4,(anonymous_0)
FN:13,(anonymous_1)
FN:26,(anonymous_2)
FN:51,(anonymous_3)
FNF:4
FNH:4
FNDA:1,(anonymous_0)
FNDA:2,(anonymous_1)
FNDA:3,(anonymous_2)
FNDA:2,(anonymous_3)
DA:1,7
DA:5,1
DA:6,1
DA:7,1
DA:9,0
DA:14,2
DA:15,2
DA:16,2
DA:17,2
DA:18,1
DA:20,1
DA:22,1
DA:27,3
DA:28,3
DA:29,3
DA:30,1
DA:32,2
DA:34,2
DA:35,1
DA:38,1
DA:39,1
DA:46,1
DA:48,2
DA:52,2
DA:53,2
DA:54,2
DA:55,2
DA:56,2
DA:57,1
DA:60,1
DA:64,1
DA:66,1
DA:71,7
LF:33
LH:32
BRDA:17,0,0,1
BRDA:17,0,1,1
BRDA:29,1,0,1
BRDA:29,1,1,2
BRDA:34,2,0,1
BRDA:34,2,1,1
BRDA:56,3,0,1
BRDA:56,3,1,1
BRF:8
BRH:8
end_of_record
TN:
SF:controllers\TransactionController.js
FN:6,(anonymous_0)
FN:44,(anonymous_1)
FN:65,(anonymous_2)
FN:79,(anonymous_3)
FNF:4
FNH:4
FNDA:6,(anonymous_0)
FNDA:2,(anonymous_1)
FNDA:2,(anonymous_2)
FNDA:4,(anonymous_3)
DA:1,7
DA:2,7
DA:3,7
DA:7,6
DA:8,6
DA:9,6
DA:10,1
DA:12,5
DA:13,5
DA:14,5
DA:15,5
DA:16,5
DA:17,1
DA:19,4
DA:20,4
DA:21,4
DA:22,1
DA:24,3
DA:25,3
DA:26,3
DA:27,1
DA:30,2
DA:31,1
DA:33,1
DA:34,1
DA:35,1
DA:36,1
DA:38,5
DA:39,5
DA:45,2
DA:46,2
DA:47,2
DA:48,2
DA:49,2
DA:50,2
DA:51,1
DA:53,1
DA:54,1
DA:55,1
DA:56,1
DA:57,1
DA:58,1
DA:60,1
DA:61,1
DA:66,2
DA:67,2
DA:68,2
DA:69,2
DA:70,1
DA:72,1
DA:74,1
DA:80,4
DA:81,4
DA:82,4
DA:83,1
DA:85,3
DA:86,3
DA:87,3
DA:88,3
DA:89,1
DA:91,2
DA:92,2
DA:93,1
DA:95,1
DA:96,1
DA:97,1
DA:98,1
DA:99,1
DA:100,1
DA:102,3
DA:107,7
LF:71
LH:71
BRDA:9,0,0,1
BRDA:9,0,1,5
BRDA:16,1,0,1
BRDA:16,1,1,4
BRDA:21,2,0,1
BRDA:21,2,1,3
BRDA:26,3,0,1
BRDA:26,3,1,2
BRDA:30,4,0,1
BRDA:30,4,1,1
BRDA:50,5,0,1
BRDA:50,5,1,1
BRDA:69,6,0,1
BRDA:69,6,1,1
BRDA:82,7,0,1
BRDA:82,7,1,3
BRDA:88,8,0,1
BRDA:88,8,1,2
BRDA:88,9,0,3
BRDA:88,9,1,2
BRDA:92,10,0,1
BRDA:92,10,1,1
BRF:22
BRH:22
end_of_record
TN:
SF:controllers\userController.js
FN:8,(anonymous_0)
FN:17,(anonymous_1)
FN:46,(anonymous_2)
FN:75,(anonymous_3)
FNF:4
FNH:2
FNDA:6,(anonymous_0)
FNDA:4,(anonymous_1)
FNDA:0,(anonymous_2)
FNDA:0,(anonymous_3)
DA:1,7
DA:2,7
DA:3,7
DA:5,7
DA:9,6
DA:10,6
DA:11,6
DA:12,1
DA:14,5
DA:18,4
DA:19,4
DA:20,4
DA:21,2
DA:23,2
DA:24,2
DA:25,1
DA:27,1
DA:28,1
DA:29,0
DA:31,1
DA:35,1
DA:36,1
DA:42,3
DA:47,0
DA:48,0
DA:49,0
DA:56,0
DA:61,0
DA:75,0
DA:76,0
DA:79,0
DA:84,7
LF:32
LH:23
BRDA:20,0,0,2
BRDA:20,0,1,2
BRDA:20,1,0,4
BRDA:20,1,1,3
BRDA:24,2,0,1
BRDA:24,2,1,1
BRDA:28,3,0,0
BRDA:28,3,1,1
BRF:8
BRH:7
end_of_record
TN:
SF:controllers\wishlistController.js
FN:6,(anonymous_0)
FN:42,(anonymous_1)
FN:66,(anonymous_2)
FNF:3
FNH:3
FNDA:4,(anonymous_0)
FNDA:2,(anonymous_1)
FNDA:1,(anonymous_2)
DA:2,7
DA:7,4
DA:8,4
DA:9,1
DA:11,3
DA:13,3
DA:14,3
DA:15,3
DA:16,3
DA:21,3
DA:22,1
DA:24,2
DA:30,2
DA:31,1
DA:33,1
DA:34,1
DA:38,3
DA:43,2
DA:44,2
DA:45,1
DA:47,1
DA:48,1
DA:49,1
DA:60,1
DA:62,1
DA:67,1
DA:68,1
DA:69,1
DA:71,1
DA:72,1
DA:74,0
DA:78,7
LF:32
LH:31
BRDA:8,0,0,1
BRDA:8,0,1,3
BRDA:21,1,0,1
BRDA:21,1,1,2
BRDA:30,2,0,1
BRDA:30,2,1,1
BRDA:44,3,0,1
BRDA:44,3,1,1
BRF:8
BRH:8
end_of_record
TN:
SF:helpers\averageRating.js
FN:3,classAverageRating
FN:6,(anonymous_1)
FN:7,(anonymous_2)
FN:8,(anonymous_3)
FN:12,teacherAverageRating
FN:16,(anonymous_5)
FN:17,(anonymous_6)
FN:18,(anonymous_7)
FNF:8
FNH:8
FNDA:1,classAverageRating
FNDA:1,(anonymous_1)
FNDA:1,(anonymous_2)
FNDA:1,(anonymous_3)
FNDA:1,teacherAverageRating
FNDA:3,(anonymous_5)
FNDA:3,(anonymous_6)
FNDA:3,(anonymous_7)
DA:1,7
DA:4,1
DA:5,1
DA:6,1
DA:7,1
DA:8,1
DA:9,1
DA:13,1
DA:14,1
DA:15,1
DA:16,3
DA:17,3
DA:18,3
DA:19,1
DA:22,7
LF:15
LH:15
BRF:0
BRH:0
end_of_record
TN:
SF:helpers\bcrypt.js
FN:3,hashPass
FN:9,comparePass
FNF:2
FNH:2
FNDA:2,hashPass
FNDA:1,comparePass
DA:1,7
DA:4,2
DA:5,2
DA:6,2
DA:10,1
DA:13,7
LF:6
LH:6
BRF:0
BRH:0
end_of_record
TN:
SF:helpers\fullQuota.js
FN:3,fullQuota
FNF:1
FNH:1
FNDA:3,fullQuota
DA:1,7
DA:4,3
DA:5,3
DA:6,1
DA:8,2
DA:11,7
LF:6
LH:6
BRDA:5,0,0,1
BRDA:5,0,1,2
BRF:2
BRH:2
end_of_record
TN:
SF:helpers\jwt.js
FN:4,createToken
FN:7,verifyToken
FNF:2
FNH:2
FNDA:17,createToken
FNDA:72,verifyToken
DA:1,7
DA:2,7
DA:5,17
DA:8,72
DA:11,7
LF:5
LH:5
BRF:0
BRH:0
end_of_record
TN:
SF:helpers\multer.js
FN:4,(anonymous_0)
FN:7,(anonymous_1)
FNF:2
FNH:2
FNDA:6,(anonymous_0)
FNDA:6,(anonymous_1)
DA:1,7
DA:3,7
DA:5,6
DA:8,6
DA:12,7
DA:14,7
LF:6
LH:6
BRF:0
BRH:0
end_of_record
TN:
SF:middlewares\authentication.js
FN:4,(anonymous_0)
FNF:1
FNH:1
FNDA:72,(anonymous_0)
DA:1,7
DA:2,7
DA:4,7
DA:5,72
DA:6,72
DA:7,72
DA:8,0
DA:10,72
DA:11,60
DA:12,60
DA:13,0
DA:15,60
DA:20,60
DA:22,12
DA:26,7
LF:15
LH:13
BRDA:7,0,0,0
BRDA:7,0,1,72
BRDA:12,1,0,0
BRDA:12,1,1,60
BRF:4
BRH:2
end_of_record
TN:
SF:middlewares\authorization.js
FN:3,(anonymous_0)
FN:29,(anonymous_1)
FNF:2
FNH:2
FNDA:3,(anonymous_0)
FNDA:12,(anonymous_1)
DA:1,7
DA:3,7
DA:4,3
DA:5,3
DA:6,3
DA:11,3
DA:12,1
DA:14,2
DA:19,2
DA:20,2
DA:21,1
DA:23,1
DA:25,2
DA:29,7
DA:30,12
DA:31,12
DA:32,12
DA:33,12
DA:34,3
DA:36,9
DA:37,9
DA:39,9
DA:40,9
DA:41,4
DA:43,5
DA:45,7
DA:49,7
LF:27
LH:27
BRDA:11,0,0,1
BRDA:11,0,1,2
BRDA:20,1,0,1
BRDA:20,1,1,1
BRDA:20,2,0,2
BRDA:20,2,1,1
BRDA:33,3,0,3
BRDA:33,3,1,9
BRDA:40,4,0,4
BRDA:40,4,1,5
BRDA:40,5,0,9
BRDA:40,5,1,5
BRF:12
BRH:12
end_of_record
TN:
SF:middlewares\errorHandlers.js
FN:1,(anonymous_0)
FNF:1
FNH:1
FNDA:57,(anonymous_0)
DA:1,7
DA:2,57
DA:3,57
DA:4,57
DA:8,5
DA:9,5
DA:10,52
DA:11,1
DA:12,1
DA:13,51
DA:14,1
DA:15,1
DA:16,50
DA:17,3
DA:18,3
DA:19,47
DA:20,12
DA:21,12
DA:22,35
DA:23,10
DA:24,10
DA:25,25
DA:26,13
DA:27,13
DA:28,12
DA:29,5
DA:30,5
DA:31,7
DA:32,1
DA:33,1
DA:34,6
DA:35,1
DA:36,1
DA:37,5
DA:38,1
DA:39,1
DA:40,4
DA:41,2
DA:42,2
DA:43,2
DA:44,1
DA:45,1
DA:46,1
DA:47,1
DA:48,1
DA:50,57
DA:53,7
LF:47
LH:47
BRDA:4,0,0,5
BRDA:4,0,1,52
BRDA:5,1,0,57
BRDA:5,1,1,53
BRDA:10,2,0,1
BRDA:10,2,1,51
BRDA:13,3,0,1
BRDA:13,3,1,50
BRDA:16,4,0,3
BRDA:16,4,1,47
BRDA:19,5,0,12
BRDA:19,5,1,35
BRDA:19,6,0,47
BRDA:19,6,1,47
BRDA:22,7,0,10
BRDA:22,7,1,25
BRDA:25,8,0,13
BRDA:25,8,1,12
BRDA:28,9,0,5
BRDA:28,9,1,7
BRDA:31,10,0,1
BRDA:31,10,1,6
BRDA:34,11,0,1
BRDA:34,11,1,5
BRDA:37,12,0,1
BRDA:37,12,1,4
BRDA:40,13,0,2
BRDA:40,13,1,2
BRDA:43,14,0,1
BRDA:43,14,1,1
BRDA:46,15,0,1
BRDA:46,15,1,0
BRF:32
BRH:31
end_of_record
TN:
SF:models\class.js
FN:3,(anonymous_0)
FN:10,(anonymous_1)
FN:85,(anonymous_2)
FNF:3
FNH:3
FNDA:7,(anonymous_0)
FNDA:7,(anonymous_1)
FNDA:1,(anonymous_2)
DA:2,7
DA:3,7
DA:12,7
DA:16,7
DA:20,7
DA:21,7
DA:22,7
DA:25,7
DA:86,1
DA:87,1
DA:92,7
LF:11
LH:11
BRF:0
BRH:0
end_of_record
TN:
SF:models\index.js
FN:20,(anonymous_0)
FN:23,(anonymous_1)
FN:28,(anonymous_2)
FNF:3
FNH:3
FNDA:70,(anonymous_0)
FNDA:63,(anonymous_1)
FNDA:63,(anonymous_2)
DA:3,7
DA:4,7
DA:5,7
DA:6,7
DA:7,7
DA:8,7
DA:9,7
DA:12,7
DA:13,0
DA:15,7
DA:18,7
DA:21,70
DA:24,63
DA:25,63
DA:28,7
DA:29,63
DA:30,63
DA:34,7
DA:35,7
DA:37,7
LF:20
LH:19
BRDA:7,0,0,7
BRDA:7,0,1,0
BRDA:12,1,0,0
BRDA:12,1,1,7
BRDA:21,2,0,70
BRDA:21,2,1,70
BRDA:21,2,2,63
BRDA:29,3,0,63
BRDA:29,3,1,0
BRF:9
BRH:6
end_of_record
TN:
SF:models\saldohistory.js
FN:3,(anonymous_0)
FN:10,(anonymous_1)
FNF:2
FNH:2
FNDA:7,(anonymous_0)
FNDA:7,(anonymous_1)
DA:2,7
DA:3,7
DA:12,7
DA:15,7
DA:29,7
LF:5
LH:5
BRF:0
BRH:0
end_of_record
TN:
SF:models\schedule.js
FN:3,(anonymous_0)
FN:10,(anonymous_1)
FNF:2
FNH:2
FNDA:7,(anonymous_0)
FNDA:7,(anonymous_1)
DA:2,7
DA:3,7
DA:12,7
DA:15,7
DA:26,7
LF:5
LH:5
BRF:0
BRH:0
end_of_record
TN:
SF:models\student.js
FN:3,(anonymous_0)
FN:10,(anonymous_1)
FNF:2
FNH:2
FNDA:7,(anonymous_0)
FNDA:7,(anonymous_1)
DA:2,7
DA:3,7
DA:12,7
DA:13,7
DA:19,7
DA:30,7
LF:6
LH:6
BRF:0
BRH:0
end_of_record
TN:
SF:models\subject.js
FN:3,(anonymous_0)
FN:10,(anonymous_1)
FNF:2
FNH:2
FNDA:7,(anonymous_0)
FNDA:7,(anonymous_1)
DA:2,7
DA:3,7
DA:12,7
DA:15,7
DA:25,7
LF:5
LH:5
BRF:0
BRH:0
end_of_record
TN:
SF:models\teacher.js
FN:3,(anonymous_0)
FN:10,(anonymous_1)
FNF:2
FNH:2
FNDA:7,(anonymous_0)
FNDA:7,(anonymous_1)
DA:2,7
DA:3,7
DA:12,7
DA:13,7
DA:16,7
DA:39,7
LF:6
LH:6
BRF:0
BRH:0
end_of_record
TN:
SF:models\transaction.js
FN:5,(anonymous_0)
FN:12,(anonymous_1)
FN:41,(anonymous_2)
FNF:3
FNH:3
FNDA:7,(anonymous_0)
FNDA:7,(anonymous_1)
FNDA:1,(anonymous_2)
DA:4,7
DA:5,7
DA:14,7
DA:15,7
DA:18,7
DA:42,1
DA:47,7
LF:7
LH:7
BRF:0
BRH:0
end_of_record
TN:
SF:models\user.js
FN:6,(anonymous_0)
FN:13,(anonymous_1)
FN:67,(anonymous_2)
FNF:3
FNH:3
FNDA:7,(anonymous_0)
FNDA:7,(anonymous_1)
FNDA:2,(anonymous_2)
DA:2,7
DA:4,7
DA:6,7
DA:15,7
DA:16,7
DA:17,7
DA:20,7
DA:67,7
DA:68,2
DA:69,2
DA:71,7
LF:11
LH:11
BRF:0
BRH:0
end_of_record
TN:
SF:models\wishlist.js
FN:3,(anonymous_0)
FN:10,(anonymous_1)
FNF:2
FNH:2
FNDA:7,(anonymous_0)
FNDA:7,(anonymous_1)
DA:2,7
DA:3,7
DA:12,7
DA:13,7
DA:16,7
DA:32,7
LF:6
LH:6
BRF:0
BRH:0
end_of_record
TN:
SF:routes\classRouter.js
FNF:0
FNH:0
DA:1,7
DA:2,7
DA:3,7
DA:5,7
DA:6,7
DA:7,7
DA:8,7
DA:9,7
DA:10,7
DA:12,7
LF:10
LH:10
BRF:0
BRH:0
end_of_record
TN:
SF:routes\index.js
FNF:0
FNH:0
DA:1,7
DA:2,7
DA:3,7
DA:4,7
DA:5,7
DA:6,7
DA:7,7
DA:8,7
DA:9,7
DA:11,7
DA:13,7
DA:15,7
DA:16,7
DA:17,7
DA:18,7
DA:19,7
DA:20,7
DA:22,7
LF:18
LH:18
BRF:0
BRH:0
end_of_record
TN:
SF:routes\scheduleRouter.js
FNF:0
FNH:0
DA:1,7
DA:2,7
DA:3,7
DA:5,7
DA:6,7
DA:7,7
DA:9,7
LF:7
LH:7
BRF:0
BRH:0
end_of_record
TN:
SF:routes\studentRouter.js
FNF:0
FNH:0
DA:1,7
DA:2,7
DA:3,7
DA:6,7
DA:7,7
DA:8,7
DA:9,7
DA:11,7
LF:8
LH:8
BRF:0
BRH:0
end_of_record
TN:
SF:routes\teacherRouter.js
FNF:0
FNH:0
DA:1,7
DA:2,7
DA:3,7
DA:5,7
DA:6,7
DA:7,7
DA:8,7
DA:10,7
LF:8
LH:8
BRF:0
BRH:0
end_of_record
TN:
SF:routes\transactionRouter.js
FNF:0
FNH:0
DA:1,7
DA:2,7
DA:3,7
DA:5,7
DA:6,7
DA:7,7
DA:8,7
DA:11,7
LF:8
LH:8
BRF:0
BRH:0
end_of_record
TN:
SF:routes\userRouter.js
FNF:0
FNH:0
DA:1,7
DA:2,7
DA:4,7
DA:6,7
DA:7,7
DA:8,7
DA:10,7
LF:7
LH:7
BRF:0
BRH:0
end_of_record
TN:
SF:routes\wishlistRouter.js
FNF:0
FNH:0
DA:1,7
DA:2,7
DA:4,7
DA:7,7
DA:8,7
DA:9,7
DA:11,7
LF:7
LH:7
BRF:0
BRH:0
end_of_record
