TN:
SF:app.js
FNF:0
FNH:0
DA:5,4
DA:6,4
DA:7,4
DA:8,4
DA:9,4
DA:10,4
DA:12,4
DA:14,4
DA:15,4
DA:17,4
DA:19,4
DA:25,4
LF:12
LH:12
BRF:0
BRH:0
end_of_record
TN:
SF:controllers\ClassController.js
FN:11,(anonymous_0)
FN:33,(anonymous_1)
FN:49,(anonymous_2)
FN:58,(anonymous_3)
FN:72,(anonymous_4)
FN:99,(anonymous_5)
FN:117,(anonymous_6)
FNF:7
FNH:6
FNDA:1,(anonymous_0)
FNDA:1,(anonymous_1)
FNDA:1,(anonymous_2)
FNDA:0,(anonymous_3)
FNDA:1,(anonymous_4)
FNDA:2,(anonymous_5)
FNDA:1,(anonymous_6)
DA:8,4
DA:12,1
DA:13,1
DA:15,1
DA:16,1
DA:17,1
DA:21,1
DA:33,1
DA:34,1
DA:40,1
DA:41,1
DA:42,1
DA:44,0
DA:45,0
DA:50,1
DA:51,1
DA:52,1
DA:54,0
DA:59,0
DA:60,0
DA:61,0
DA:62,0
DA:63,0
DA:65,0
DA:66,0
DA:68,0
DA:73,1
DA:74,1
DA:75,1
DA:82,1
DA:83,0
DA:85,1
DA:90,1
DA:94,0
DA:95,0
DA:100,2
DA:101,2
DA:102,2
DA:108,2
DA:109,1
DA:111,1
DA:113,1
DA:118,1
DA:119,1
DA:120,1
DA:121,1
DA:126,1
DA:127,0
DA:129,1
DA:137,1
DA:139,0
DA:144,4
LF:52
LH:36
BRDA:62,0,0,0
BRDA:62,0,1,0
BRDA:82,1,0,0
BRDA:82,1,1,1
BRDA:108,2,0,1
BRDA:108,2,1,1
BRDA:126,3,0,0
BRDA:126,3,1,1
BRF:8
BRH:4
end_of_record
TN:
SF:controllers\ScheduleController.js
FN:4,(anonymous_0)
FN:23,(anonymous_1)
FN:45,(anonymous_2)
FNF:3
FNH:0
FNDA:0,(anonymous_0)
FNDA:0,(anonymous_1)
FNDA:0,(anonymous_2)
DA:1,4
DA:5,0
DA:6,0
DA:7,0
DA:8,0
DA:13,0
DA:14,0
DA:16,0
DA:17,0
DA:19,0
DA:24,0
DA:25,0
DA:26,0
DA:31,0
DA:32,0
DA:34,0
DA:39,0
DA:41,0
DA:46,0
DA:47,0
DA:48,0
DA:49,0
DA:54,0
DA:55,0
DA:57,0
DA:65,0
DA:67,0
DA:72,4
LF:28
LH:2
BRDA:13,0,0,0
BRDA:13,0,1,0
BRDA:31,1,0,0
BRDA:31,1,1,0
BRDA:54,2,0,0
BRDA:54,2,1,0
BRF:6
BRH:0
end_of_record
TN:
SF:controllers\StudentController.js
FN:5,(anonymous_0)
FN:14,(anonymous_1)
FN:23,(anonymous_2)
FN:45,(anonymous_3)
FN:60,(anonymous_4)
FNF:5
FNH:0
FNDA:0,(anonymous_0)
FNDA:0,(anonymous_1)
FNDA:0,(anonymous_2)
FNDA:0,(anonymous_3)
FNDA:0,(anonymous_4)
DA:1,4
DA:6,0
DA:7,0
DA:8,0
DA:9,0
DA:10,0
DA:12,0
DA:13,0
DA:14,0
DA:15,0
DA:17,0
DA:19,0
DA:24,0
DA:25,0
DA:26,0
DA:27,0
DA:30,0
DA:31,0
DA:32,0
DA:34,0
DA:35,0
DA:40,0
DA:42,0
DA:46,0
DA:47,0
DA:48,0
DA:49,0
DA:50,0
DA:51,0
DA:53,0
DA:54,0
DA:56,0
DA:61,0
DA:62,0
DA:63,0
DA:64,0
DA:65,0
DA:67,0
DA:69,0
DA:74,4
LF:40
LH:2
BRDA:9,0,0,0
BRDA:9,0,1,0
BRDA:26,1,0,0
BRDA:26,1,1,0
BRDA:31,2,0,0
BRDA:31,2,1,0
BRDA:50,3,0,0
BRDA:50,3,1,0
BRDA:64,4,0,0
BRDA:64,4,1,0
BRF:10
BRH:0
end_of_record
TN:
SF:controllers\TeacherController.js
FN:4,(anonymous_0)
FN:16,(anonymous_1)
FN:29,(anonymous_2)
FN:55,(anonymous_3)
FNF:4
FNH:3
FNDA:0,(anonymous_0)
FNDA:2,(anonymous_1)
FNDA:3,(anonymous_2)
FNDA:2,(anonymous_3)
DA:1,4
DA:5,0
DA:6,0
DA:7,0
DA:8,0
DA:9,0
DA:10,0
DA:12,0
DA:17,2
DA:18,2
DA:19,2
DA:20,2
DA:21,1
DA:23,1
DA:25,1
DA:30,3
DA:31,3
DA:32,3
DA:33,1
DA:36,2
DA:38,2
DA:39,1
DA:42,1
DA:43,1
DA:50,1
DA:52,2
DA:56,2
DA:57,2
DA:58,2
DA:59,2
DA:60,2
DA:61,1
DA:64,1
DA:68,1
DA:70,1
DA:75,4
LF:36
LH:29
BRDA:20,0,0,1
BRDA:20,0,1,1
BRDA:32,1,0,1
BRDA:32,1,1,2
BRDA:38,2,0,1
BRDA:38,2,1,1
BRDA:60,3,0,1
BRDA:60,3,1,1
BRF:8
BRH:8
end_of_record
TN:
SF:controllers\TransactionController.js
FN:4,(anonymous_0)
FN:33,(anonymous_1)
FN:60,(anonymous_2)
FN:74,(anonymous_3)
FNF:4
FNH:1
FNDA:1,(anonymous_0)
FNDA:0,(anonymous_1)
FNDA:0,(anonymous_2)
FNDA:0,(anonymous_3)
DA:1,4
DA:5,1
DA:6,1
DA:7,1
DA:8,1
DA:9,1
DA:10,1
DA:11,1
DA:12,0
DA:14,1
DA:15,1
DA:16,0
DA:18,1
DA:19,1
DA:20,0
DA:22,1
DA:23,1
DA:24,1
DA:25,1
DA:27,0
DA:28,0
DA:34,0
DA:35,0
DA:36,0
DA:37,0
DA:38,0
DA:39,0
DA:40,0
DA:42,0
DA:43,0
DA:45,0
DA:46,0
DA:47,0
DA:48,0
DA:49,0
DA:51,0
DA:52,0
DA:53,0
DA:55,0
DA:56,0
DA:61,0
DA:62,0
DA:63,0
DA:64,0
DA:65,0
DA:67,0
DA:69,0
DA:75,0
DA:76,0
DA:77,0
DA:78,0
DA:79,0
DA:81,0
DA:82,0
DA:83,0
DA:85,0
DA:86,0
DA:88,0
DA:93,4
LF:59
LH:17
BRDA:11,0,0,0
BRDA:11,0,1,1
BRDA:15,1,0,0
BRDA:15,1,1,1
BRDA:19,2,0,0
BRDA:19,2,1,1
BRDA:39,3,0,0
BRDA:39,3,1,0
BRDA:42,4,0,0
BRDA:42,4,1,0
BRDA:48,5,0,0
BRDA:48,5,1,0
BRDA:64,6,0,0
BRDA:64,6,1,0
BRDA:78,7,0,0
BRDA:78,7,1,0
BRDA:78,8,0,0
BRDA:78,8,1,0
BRDA:82,9,0,0
BRDA:82,9,1,0
BRF:20
BRH:3
end_of_record
TN:
SF:controllers\userController.js
FN:6,(anonymous_0)
FN:15,(anonymous_1)
FNF:2
FNH:2
FNDA:6,(anonymous_0)
FNDA:4,(anonymous_1)
DA:1,4
DA:2,4
DA:3,4
DA:7,6
DA:8,6
DA:9,6
DA:10,1
DA:12,5
DA:16,4
DA:17,4
DA:18,4
DA:19,2
DA:21,2
DA:22,2
DA:23,1
DA:25,1
DA:26,1
DA:27,0
DA:29,1
DA:33,1
DA:34,1
DA:40,3
DA:47,4
LF:23
LH:22
BRDA:18,0,0,2
BRDA:18,0,1,2
BRDA:18,1,0,4
BRDA:18,1,1,3
BRDA:22,2,0,1
BRDA:22,2,1,1
BRDA:26,3,0,0
BRDA:26,3,1,1
BRF:8
BRH:7
end_of_record
TN:
SF:controllers\wishlistController.js
FN:4,(anonymous_0)
FN:36,(anonymous_1)
FN:53,(anonymous_2)
FNF:3
FNH:0
FNDA:0,(anonymous_0)
FNDA:0,(anonymous_1)
FNDA:0,(anonymous_2)
DA:1,4
DA:5,0
DA:6,0
DA:7,0
DA:8,0
DA:9,0
DA:10,0
DA:15,0
DA:16,0
DA:18,0
DA:24,0
DA:25,0
DA:27,0
DA:28,0
DA:32,0
DA:37,0
DA:38,0
DA:39,0
DA:40,0
DA:41,0
DA:47,0
DA:49,0
DA:54,0
DA:55,0
DA:56,0
DA:57,0
DA:58,0
DA:60,0
DA:61,0
DA:63,0
DA:67,4
LF:31
LH:2
BRDA:15,0,0,0
BRDA:15,0,1,0
BRDA:24,1,0,0
BRDA:24,1,1,0
BRDA:57,2,0,0
BRDA:57,2,1,0
BRF:6
BRH:0
end_of_record
TN:
SF:helpers\bcrypt.js
FN:3,hashPass
FN:9,comparePass
FNF:2
FNH:2
FNDA:2,hashPass
FNDA:1,comparePass
DA:1,4
DA:4,2
DA:5,2
DA:6,2
DA:10,1
DA:13,4
LF:6
LH:6
BRF:0
BRH:0
end_of_record
TN:
SF:helpers\jwt.js
FN:4,createToken
FN:7,verifyToken
FNF:2
FNH:2
FNDA:7,createToken
FNDA:23,verifyToken
DA:1,4
DA:2,4
DA:5,7
DA:8,23
DA:11,4
LF:5
LH:5
BRF:0
BRH:0
end_of_record
TN:
SF:middlewares\authentication.js
FN:4,(anonymous_0)
FNF:1
FNH:1
FNDA:23,(anonymous_0)
DA:1,4
DA:2,4
DA:4,4
DA:5,23
DA:6,23
DA:7,23
DA:8,0
DA:10,23
DA:11,17
DA:12,17
DA:13,0
DA:15,17
DA:20,17
DA:22,6
DA:23,6
DA:27,4
LF:16
LH:14
BRDA:7,0,0,0
BRDA:7,0,1,23
BRDA:12,1,0,0
BRDA:12,1,1,17
BRF:4
BRH:2
end_of_record
TN:
SF:middlewares\authorization.js
FN:3,(anonymous_0)
FN:15,(anonymous_1)
FNF:2
FNH:1
FNDA:0,(anonymous_0)
FNDA:5,(anonymous_1)
DA:1,4
DA:3,4
DA:4,0
DA:5,0
DA:6,0
DA:7,0
DA:9,0
DA:11,0
DA:15,4
DA:16,5
DA:17,5
DA:18,5
DA:19,5
DA:20,1
DA:22,4
DA:23,4
DA:24,4
DA:25,4
DA:26,2
DA:28,2
DA:30,3
DA:34,4
LF:22
LH:16
BRDA:6,0,0,0
BRDA:6,0,1,0
BRDA:19,1,0,1
BRDA:19,1,1,4
BRDA:25,2,0,2
BRDA:25,2,1,2
BRDA:25,3,0,4
BRDA:25,3,1,2
BRF:8
BRH:6
end_of_record
TN:
SF:middlewares\errorHandlers.js
FN:1,(anonymous_0)
FNF:1
FNH:1
FNDA:22,(anonymous_0)
DA:1,4
DA:2,22
DA:3,22
DA:4,22
DA:8,5
DA:9,5
DA:10,17
DA:11,0
DA:12,0
DA:13,17
DA:14,3
DA:15,3
DA:16,14
DA:17,6
DA:18,6
DA:19,8
DA:20,2
DA:21,2
DA:22,6
DA:23,3
DA:24,3
DA:25,3
DA:26,2
DA:27,2
DA:28,1
DA:29,0
DA:30,0
DA:31,1
DA:32,0
DA:33,0
DA:34,1
DA:35,0
DA:36,0
DA:37,1
DA:38,0
DA:39,0
DA:40,1
DA:41,1
DA:42,1
DA:44,22
DA:47,4
LF:41
LH:31
BRDA:4,0,0,5
BRDA:4,0,1,17
BRDA:5,1,0,22
BRDA:5,1,1,18
BRDA:10,2,0,0
BRDA:10,2,1,17
BRDA:13,3,0,3
BRDA:13,3,1,14
BRDA:16,4,0,6
BRDA:16,4,1,8
BRDA:16,5,0,14
BRDA:16,5,1,14
BRDA:19,6,0,2
BRDA:19,6,1,6
BRDA:22,7,0,3
BRDA:22,7,1,3
BRDA:25,8,0,2
BRDA:25,8,1,1
BRDA:28,9,0,0
BRDA:28,9,1,1
BRDA:31,10,0,0
BRDA:31,10,1,1
BRDA:34,11,0,0
BRDA:34,11,1,1
BRDA:37,12,0,0
BRDA:37,12,1,1
BRDA:40,13,0,1
BRDA:40,13,1,0
BRF:28
BRH:22
end_of_record
TN:
SF:models\class.js
FN:3,(anonymous_0)
FN:10,(anonymous_1)
FN:83,(anonymous_2)
FNF:3
FNH:3
FNDA:4,(anonymous_0)
FNDA:4,(anonymous_1)
FNDA:1,(anonymous_2)
DA:2,4
DA:3,4
DA:12,4
DA:16,4
DA:20,4
DA:23,4
DA:84,1
DA:85,1
DA:90,4
LF:9
LH:9
BRF:0
BRH:0
end_of_record
TN:
SF:models\index.js
FN:20,(anonymous_0)
FN:23,(anonymous_1)
FN:28,(anonymous_2)
FNF:3
FNH:3
FNDA:40,(anonymous_0)
FNDA:36,(anonymous_1)
FNDA:36,(anonymous_2)
DA:3,4
DA:4,4
DA:5,4
DA:6,4
DA:7,4
DA:8,4
DA:9,4
DA:12,4
DA:13,0
DA:15,4
DA:18,4
DA:21,40
DA:24,36
DA:25,36
DA:28,4
DA:29,36
DA:30,36
DA:34,4
DA:35,4
DA:37,4
LF:20
LH:19
BRDA:7,0,0,4
BRDA:7,0,1,0
BRDA:12,1,0,0
BRDA:12,1,1,4
BRDA:21,2,0,40
BRDA:21,2,1,40
BRDA:21,2,2,36
BRDA:29,3,0,36
BRDA:29,3,1,0
BRF:9
BRH:6
end_of_record
TN:
SF:models\saldohistory.js
FN:3,(anonymous_0)
FN:10,(anonymous_1)
FNF:2
FNH:2
FNDA:4,(anonymous_0)
FNDA:4,(anonymous_1)
DA:2,4
DA:3,4
DA:12,4
DA:15,4
DA:30,4
LF:5
LH:5
BRF:0
BRH:0
end_of_record
TN:
SF:models\schedule.js
FN:3,(anonymous_0)
FN:10,(anonymous_1)
FNF:2
FNH:2
FNDA:4,(anonymous_0)
FNDA:4,(anonymous_1)
DA:2,4
DA:3,4
DA:12,4
DA:15,4
DA:26,4
LF:5
LH:5
BRF:0
BRH:0
end_of_record
TN:
SF:models\student.js
FN:3,(anonymous_0)
FN:10,(anonymous_1)
FNF:2
FNH:2
FNDA:4,(anonymous_0)
FNDA:4,(anonymous_1)
DA:2,4
DA:3,4
DA:12,4
DA:13,4
DA:19,4
DA:30,4
LF:6
LH:6
BRF:0
BRH:0
end_of_record
TN:
SF:models\subject.js
FN:5,(anonymous_0)
FN:12,(anonymous_1)
FNF:2
FNH:2
FNDA:4,(anonymous_0)
FNDA:4,(anonymous_1)
DA:4,4
DA:5,4
DA:16,4
DA:23,4
LF:4
LH:4
BRF:0
BRH:0
end_of_record
TN:
SF:models\teacher.js
FN:3,(anonymous_0)
FN:10,(anonymous_1)
FNF:2
FNH:2
FNDA:4,(anonymous_0)
FNDA:4,(anonymous_1)
DA:2,4
DA:3,4
DA:12,4
DA:15,4
DA:38,4
LF:5
LH:5
BRF:0
BRH:0
end_of_record
TN:
SF:models\transaction.js
FN:5,(anonymous_0)
FN:12,(anonymous_1)
FN:44,(anonymous_2)
FNF:3
FNH:3
FNDA:4,(anonymous_0)
FNDA:4,(anonymous_1)
FNDA:1,(anonymous_2)
DA:4,4
DA:5,4
DA:14,4
DA:15,4
DA:18,4
DA:45,1
DA:51,4
LF:7
LH:7
BRF:0
BRH:0
end_of_record
TN:
SF:models\user.js
FN:6,(anonymous_0)
FN:13,(anonymous_1)
FN:67,(anonymous_2)
FNF:3
FNH:3
FNDA:4,(anonymous_0)
FNDA:4,(anonymous_1)
FNDA:2,(anonymous_2)
DA:2,4
DA:4,4
DA:6,4
DA:15,4
DA:16,4
DA:17,4
DA:20,4
DA:67,4
DA:68,2
DA:69,2
DA:71,4
LF:11
LH:11
BRF:0
BRH:0
end_of_record
TN:
SF:models\wishlist.js
FN:3,(anonymous_0)
FN:10,(anonymous_1)
FNF:2
FNH:2
FNDA:4,(anonymous_0)
FNDA:4,(anonymous_1)
DA:2,4
DA:3,4
DA:12,4
DA:13,4
DA:16,4
DA:32,4
LF:6
LH:6
BRF:0
BRH:0
end_of_record
TN:
SF:routes\classRouter.js
FNF:0
FNH:0
DA:1,4
DA:2,4
DA:3,4
DA:5,4
DA:6,4
DA:7,4
DA:8,4
DA:9,4
DA:10,4
DA:12,4
LF:10
LH:10
BRF:0
BRH:0
end_of_record
TN:
SF:routes\index.js
FNF:0
FNH:0
DA:1,4
DA:2,4
DA:3,4
DA:4,4
DA:5,4
DA:6,4
DA:7,4
DA:8,4
DA:9,4
DA:10,4
DA:12,4
DA:14,4
DA:16,4
DA:17,4
DA:18,4
DA:19,4
DA:20,4
DA:21,4
DA:23,4
LF:19
LH:19
BRF:0
BRH:0
end_of_record
TN:
SF:routes\scheduleRouter.js
FNF:0
FNH:0
DA:1,4
DA:2,4
DA:4,4
DA:5,4
DA:6,4
DA:8,4
LF:6
LH:6
BRF:0
BRH:0
end_of_record
TN:
SF:routes\studentRouter.js
FNF:0
FNH:0
DA:1,4
DA:2,4
DA:6,4
DA:7,4
DA:8,4
DA:9,4
DA:11,4
LF:7
LH:7
BRF:0
BRH:0
end_of_record
TN:
SF:routes\teacherRouter.js
FNF:0
FNH:0
DA:1,4
DA:2,4
DA:4,4
DA:5,4
DA:6,4
DA:7,4
DA:9,4
LF:7
LH:7
BRF:0
BRH:0
end_of_record
TN:
SF:routes\transactionRouter.js
FNF:0
FNH:0
DA:1,4
DA:2,4
DA:4,4
DA:5,4
DA:6,4
DA:7,4
DA:10,4
LF:7
LH:7
BRF:0
BRH:0
end_of_record
TN:
SF:routes\userRouter.js
FNF:0
FNH:0
DA:1,4
DA:3,4
DA:5,4
DA:6,4
DA:8,4
LF:5
LH:5
BRF:0
BRH:0
end_of_record
TN:
SF:routes\wishlistRouter.js
FNF:0
FNH:0
DA:1,4
DA:3,4
DA:6,4
DA:7,4
DA:8,4
DA:10,4
LF:6
LH:6
BRF:0
BRH:0
end_of_record
